<?xml version="1.0" encoding="UTF-8"?><testsuite name="nosetests" tests="1" errors="1" failures="0" skip="0"><testcase classname="TaskController.test.TestTaskControllers" name="test_sps_mock" time="11.079"><error type="exceptions.Exception" message="dummy exception&#10;-------------------- &gt;&gt; begin captured stdout &lt;&lt; ---------------------&#10;8&#10;report:----------------------START&#10;set_sim results---------START&#10;set_sim results--------FINISH&#10;report:----------------------FINISH&#10;report:  &lt;TaskController.BaseClass.SDFExtension.SDFExtension object at 0x05223410&gt;&#10;=================================================&#10;=================================================&#10;=================================================&#10;=================================================&#10;=================================================&#10;ds.name RCI_P_cont&#10;ds.is_scale True&#10;ds.scales []&#10;ds.name w_P_cont&#10;ds.is_scale True&#10;ds.scales []&#10;ds.name T_P_cont&#10;ds.is_scale True&#10;ds.scales []&#10;ds.name t_P_cont&#10;ds.is_scale False&#10;ds.scales [u'RCI_P_cont', u'w_P_cont', u'T_P_cont']&#10;ds.name i_DC_P_cont&#10;ds.is_scale False&#10;ds.scales [u'RCI_P_cont', u'w_P_cont', u'T_P_cont']&#10;ds.name i_ACRMS_P_cont&#10;ds.is_scale False&#10;ds.scales [u'RCI_P_cont', u'w_P_cont', u'T_P_cont']&#10;ds.name v_P_cont&#10;ds.is_scale False&#10;ds.scales [u'RCI_P_cont', u'w_P_cont', u'T_P_cont']&#10;ds.name P_cont&#10;ds.is_scale False&#10;ds.scales [u'RCI_P_cont', u'w_P_cont', u'T_P_cont']&#10;ds.name SOC_end_cont&#10;ds.is_scale False&#10;ds.scales [u'RCI_P_cont', u'w_P_cont', u'T_P_cont']&#10;ds.name derating_cont&#10;ds.is_scale False&#10;ds.scales [u'RCI_P_cont', u'w_P_cont', u'T_P_cont']&#10;C:\EdrisAscent\EDRISAuto\trunk\EDRIS_Management\EDRIS_Management_Tools_devel\output\tmp_sdf\report-1425905902.616000.sdf&#10;=================================================&#10;=================================================&#10;=================================================&#10;=================================================&#10;=================================================&#10;&#10;--------------------- &gt;&gt; end captured stdout &lt;&lt; ----------------------&#10;-------------------- &gt;&gt; begin captured logging &lt;&lt; --------------------&#10;TaskController.BaseClass.Controller: INFO: 2015-03-09 13:58:11.574000: Entering __init__(self=&lt;TaskController.BaseClass.Controller.Controller object at 0x05175F70&gt;, auto=False, priority=1000)&#10;TaskController.BaseClass.Controller: INFO: 2015-03-09 13:58:11.575000: Exiting __init__(self=&lt;TaskController.BaseClass.Controller.Controller object at 0x05175F70&gt;, auto=False, priority=1000) returning: None&#10;TaskController.BaseClass.Controller: INFO: 2015-03-09 13:58:11.575000: Entering add_metatask(self=&lt;TaskController.BaseClass.Controller.Controller object at 0x05175F70&gt;, path_or_dict={u'classes': {u'taskGenerator': u'TaskController.BaseClass.FullFactorialTGNoDymola.FullFactorialTGNoDymola', u'reporter': u'TaskController.BaseClass.BaseReporter.BaseReporter'}, u'taskGenerator': {u'taskGenerateName': u'TB Steadystate Generate', u'arguments': {u'variable': [{u'link': u'parameterOfFunction.testArguments.parameters', u'name': u'setRci', u'value': [u'0.1', u'0.6'], u'sdfName': u'RCI_P_cont'}, {u'displayUnit': u'rpm', u'name': u'setSpeed', u'value': u'500 1000', u'sdfName': u'w_P_cont', u'link': u'parameterOfFunction.testArguments.parameters', u'unit': u'rad/s', u'quantity': u'AngularVelocity'}, {u'displayUnit': u'degC', u'name': u'setTemp', u'value': [u'-10', u'40'], u'sdfName': u'T_P_cont', u'link': u'parameterOfFunction.testArguments.parameters', u'unit': u'K', u'quantity': u'Temperature'}], u'constant': {u'dependency': [u'EDRIS_wrapper.egg', u'BaseTask.py'], u'meta_function': u'SPSSystemMock.py', u'parameterOfFunction': {u'functionArguments': {u'setTorque': {u'errorRange': u'2', u'maxValue': u'1500', u'minValue': u'1'}}, u'testArguments': {u'modelName': u'EdrisLibComponents.SystemBases.SystemsBases.BasesSPS.TB_separated_SPS_base', u'simulationSettings': {u'StopTime': u'360000', u'Increment': u'0.5', u'Algorithm': u'8'}, u'results': [{u'sdfName': u't_P_cont', u'quantity': u'Time', u'unit': u's', u'signalName': u'Time'}, {u'sdfName': u'i_DC_P_cont', u'quantity': u'Current', u'unit': u'A', u'signalName': u'_signalBus_Main.batteryBus.general.current'}, {u'sdfName': u'i_ACRMS_P_cont', u'quantity': u'Current', u'unit': u'A', u'signalName': u'_signalBus_Main.electricMachine1Bus.general.currentRMS'}, {u'sdfName': u'v_P_cont', u'quantity': u'Voltage', u'unit': u'V', u'signalName': u'_signalBus_Main.batteryBus.general.voltage'}, {u'sdfName': u'P_cont', u'quantity': u'Power', u'unit': u'W', u'signalName': u'_signalBus_Main.electricMachine1Bus.general.powerMech'}, {u'sdfName': u'SOC_end_cont', u'signalName': u'_signalBus_Main.batteryBus.general.SOC'}, {u'sdfName': u'derating_cont', u'signalName': u'summarySystemSPS.deratingStatus'}], u'parameters': {u'timeOffset': u'0.2', u'setTorqueTolerance': u'0.5', u'RCIend_terminate': u'0.0001', u'HV_consumption': u'0'}}}}}}})&#10;TaskController.BaseClass.Controller: INFO: 2015-03-09 13:58:11.575000: Entering __get_results(self=&lt;TaskController.BaseClass.Controller.Controller object at 0x05175F70&gt;)&#10;root: INFO: {u'classes': {u'taskGenerator': u'TaskController.BaseClass.FullFactorialTGNoDymola.FullFactorialTGNoDymola', u'reporter': u'TaskController.BaseClass.BaseReporter.BaseReporter'}, u'taskGenerator': {u'taskGenerateName': u'TB Steadystate Generate', u'arguments': {u'variable': [{u'link': u'parameterOfFunction.testArguments.parameters', u'name': u'setRci', u'value': [u'0.1', u'0.6'], u'sdfName': u'RCI_P_cont'}, {u'displayUnit': u'rpm', u'name': u'setSpeed', u'value': u'500 1000', u'sdfName': u'w_P_cont', u'link': u'parameterOfFunction.testArguments.parameters', u'unit': u'rad/s', u'quantity': u'AngularVelocity'}, {u'displayUnit': u'degC', u'name': u'setTemp', u'value': [u'-10', u'40'], u'sdfName': u'T_P_cont', u'link': u'parameterOfFunction.testArguments.parameters', u'unit': u'K', u'quantity': u'Temperature'}], u'constant': {u'dependency': [u'EDRIS_wrapper.egg', u'BaseTask.py'], u'meta_function': u'SPSSystemMock.py', u'parameterOfFunction': {u'functionArguments': {u'setTorque': {u'errorRange': u'2', u'maxValue': u'1500', u'minValue': u'1'}}, u'testArguments': {u'modelName': u'EdrisLibComponents.SystemBases.SystemsBases.BasesSPS.TB_separated_SPS_base', u'simulationSettings': {u'StopTime': u'360000', u'Increment': u'0.5', u'Algorithm': u'8'}, u'results': [{u'sdfName': u't_P_cont', u'quantity': u'Time', u'unit': u's', u'signalName': u'Time'}, {u'sdfName': u'i_DC_P_cont', u'quantity': u'Current', u'unit': u'A', u'signalName': u'_signalBus_Main.batteryBus.general.current'}, {u'sdfName': u'i_ACRMS_P_cont', u'quantity': u'Current', u'unit': u'A', u'signalName': u'_signalBus_Main.electricMachine1Bus.general.currentRMS'}, {u'sdfName': u'v_P_cont', u'quantity': u'Voltage', u'unit': u'V', u'signalName': u'_signalBus_Main.batteryBus.general.voltage'}, {u'sdfName': u'P_cont', u'quantity': u'Power', u'unit': u'W', u'signalName': u'_signalBus_Main.electricMachine1Bus.general.powerMech'}, {u'sdfName': u'SOC_end_cont', u'signalName': u'_signalBus_Main.batteryBus.general.SOC'}, {u'sdfName': u'derating_cont', u'signalName': u'summarySystemSPS.deratingStatus'}], u'parameters': {u'timeOffset': u'0.2', u'setTorqueTolerance': u'0.5', u'RCIend_terminate': u'0.0001', u'HV_consumption': u'0'}}}}}}}&#10;TaskController.BaseClass.Controller: INFO: 2015-03-09 13:58:11.577000: Entering __init__(self=&lt;TaskController.BaseClass.Controller.MetataskExecute object at 0x0518D5B0&gt;, controller=&lt;TaskController.BaseClass.Controller.Controller object at 0x05175F70&gt;, metatask_structure=&lt;TaskController.BaseClass.MetataskInterpreter.Metatask object at 0x0518D610&gt;)&#10;TaskController.BaseClass.Controller: INFO: 2015-03-09 13:58:11.577000: Exiting __init__(self=&lt;TaskController.BaseClass.Controller.MetataskExecute object at 0x0518D5B0&gt;, controller=&lt;TaskController.BaseClass.Controller.Controller object at 0x05175F70&gt;, metatask_structure=&lt;TaskController.BaseClass.MetataskInterpreter.Metatask object at 0x0518D610&gt;) returning: None&#10;pykka: DEBUG: Registered MetataskExecute (urn:uuid:e6badba5-d00b-49a8-a8f2-ba9e6cec44ac)&#10;pykka: DEBUG: Starting MetataskExecute (urn:uuid:e6badba5-d00b-49a8-a8f2-ba9e6cec44ac)&#10;TaskController.BaseClass.Controller: INFO: 2015-03-09 13:58:11.578000: Entering __init__(self=&lt;TaskController.BaseClass.Controller.GetReults object at 0x0518DC10&gt;, actor_ref=&lt;ActorRef for MetataskExecute (urn:uuid:e6badba5-d00b-49a8-a8f2-ba9e6cec44ac)&gt;)&#10;TaskController.BaseClass.Controller: INFO: 2015-03-09 13:58:11.578000: Entering on_receive(self=&lt;TaskController.BaseClass.Controller.MetataskExecute object at 0x0518D5B0&gt;, message={'build': &lt;ActorRef for MetataskExecute (urn:uuid:e6badba5-d00b-49a8-a8f2-ba9e6cec44ac)&gt;})&#10;TaskController.BaseClass.Controller: INFO: 2015-03-09 13:58:11.578000: Exiting __init__(self=&lt;TaskController.BaseClass.Controller.GetReults object at 0x0518DC10&gt;, actor_ref=&lt;ActorRef for MetataskExecute (urn:uuid:e6badba5-d00b-49a8-a8f2-ba9e6cec44ac)&gt;) returning: None&#10;TaskController.BaseClass.Controller: INFO: 2015-03-09 13:58:11.579000: Exiting add_metatask(self=&lt;TaskController.BaseClass.Controller.Controller object at 0x05175F70&gt;, path_or_dict={u'classes': {u'taskGenerator': u'TaskController.BaseClass.FullFactorialTGNoDymola.FullFactorialTGNoDymola', u'reporter': u'TaskController.BaseClass.BaseReporter.BaseReporter'}, u'taskGenerator': {u'taskGenerateName': u'TB Steadystate Generate', u'arguments': {u'variable': [{u'link': u'parameterOfFunction.testArguments.parameters', u'name': u'setRci', u'value': [u'0.1', u'0.6'], u'sdfName': u'RCI_P_cont'}, {u'displayUnit': u'rpm', u'name': u'setSpeed', u'value': u'500 1000', u'sdfName': u'w_P_cont', u'link': u'parameterOfFunction.testArguments.parameters', u'unit': u'rad/s', u'quantity': u'AngularVelocity'}, {u'displayUnit': u'degC', u'name': u'setTemp', u'value': [u'-10', u'40'], u'sdfName': u'T_P_cont', u'link': u'parameterOfFunction.testArguments.parameters', u'unit': u'K', u'quantity': u'Temperature'}], u'constant': {u'dependency': [u'EDRIS_wrapper.egg', u'BaseTask.py'], u'meta_function': u'SPSSystemMock.py', u'parameterOfFunction': {u'functionArguments': {u'setTorque': {u'errorRange': u'2', u'maxValue': u'1500', u'minValue': u'1'}}, u'testArguments': {u'modelName': u'EdrisLibComponents.SystemBases.SystemsBases.BasesSPS.TB_separated_SPS_base', u'simulationSettings': {u'StopTime': u'360000', u'Increment': u'0.5', u'Algorithm': u'8'}, u'results': [{u'sdfName': u't_P_cont', u'quantity': u'Time', u'unit': u's', u'signalName': u'Time'}, {u'sdfName': u'i_DC_P_cont', u'quantity': u'Current', u'unit': u'A', u'signalName': u'_signalBus_Main.batteryBus.general.current'}, {u'sdfName': u'i_ACRMS_P_cont', u'quantity': u'Current', u'unit': u'A', u'signalName': u'_signalBus_Main.electricMachine1Bus.general.currentRMS'}, {u'sdfName': u'v_P_cont', u'quantity': u'Voltage', u'unit': u'V', u'signalName': u'_signalBus_Main.batteryBus.general.voltage'}, {u'sdfName': u'P_cont', u'quantity': u'Power', u'unit': u'W', u'signalName': u'_signalBus_Main.electricMachine1Bus.general.powerMech'}, {u'sdfName': u'SOC_end_cont', u'signalName': u'_signalBus_Main.batteryBus.general.SOC'}, {u'sdfName': u'derating_cont', u'signalName': u'summarySystemSPS.deratingStatus'}], u'parameters': {u'timeOffset': u'0.2', u'setTorqueTolerance': u'0.5', u'RCIend_terminate': u'0.0001', u'HV_consumption': u'0'}}}}}}}) returning: &lt;TaskController.BaseClass.Controller.GetReults object at 0x0518DC10&gt;&#10;TaskController.BaseClass.Controller: INFO: 2015-03-09 13:58:11.579000: Entering __get_new_tasks_by_metatask(self=&lt;TaskController.BaseClass.Controller.MetataskExecute object at 0x0518D5B0&gt;, ref=&lt;ActorRef for MetataskExecute (urn:uuid:e6badba5-d00b-49a8-a8f2-ba9e6cec44ac)&gt;)&#10;TaskController.BaseClass.Controller: INFO: 2015-03-09 13:58:11.579000: Exiting on_receive(self=&lt;TaskController.BaseClass.Controller.MetataskExecute object at 0x0518D5B0&gt;, message={'build': &lt;ActorRef for MetataskExecute (urn:uuid:e6badba5-d00b-49a8-a8f2-ba9e6cec44ac)&gt;}) returning: None&#10;TaskController.BaseClass.Controller: INFO: 2015-03-09 13:58:11.579000: Entering get(self=&lt;TaskController.BaseClass.Controller.GetReults object at 0x0518DC10&gt;, prev_result=None, method='', timeout=0, retry_timeout=0, sdf=True)&#10;TaskController.BaseClass.Controller: INFO: 2015-03-09 13:58:11.580000: Entering on_receive(self=&lt;TaskController.BaseClass.Controller.MetataskExecute object at 0x0518D5B0&gt;, message={'check': ''})&#10;TaskController.BaseClass.Controller: INFO: 2015-03-09 13:58:11.580000: Exiting on_receive(self=&lt;TaskController.BaseClass.Controller.MetataskExecute object at 0x0518D5B0&gt;, message={'check': ''}) returning: False&#10;TaskController.BaseClass.Controller: INFO: 2015-03-09 13:58:11.648000: Exiting __get_new_tasks_by_metatask(self=&lt;TaskController.BaseClass.Controller.MetataskExecute object at 0x0518D5B0&gt;, ref=&lt;ActorRef for MetataskExecute (urn:uuid:e6badba5-d00b-49a8-a8f2-ba9e6cec44ac)&gt;) returning: None&#10;TaskController.BaseClass.Controller: INFO: 2015-03-09 13:58:12.581000: Entering on_receive(self=&lt;TaskController.BaseClass.Controller.MetataskExecute object at 0x0518D5B0&gt;, message={'check': ''})&#10;TaskController.BaseClass.Controller: INFO: 2015-03-09 13:58:12.581000: Exiting on_receive(self=&lt;TaskController.BaseClass.Controller.MetataskExecute object at 0x0518D5B0&gt;, message={'check': ''}) returning: False&#10;TaskController.BaseClass.Controller: INFO: 2015-03-09 13:58:13.582000: Entering on_receive(self=&lt;TaskController.BaseClass.Controller.MetataskExecute object at 0x0518D5B0&gt;, message={'check': ''})&#10;TaskController.BaseClass.Controller: INFO: 2015-03-09 13:58:13.583000: Exiting on_receive(self=&lt;TaskController.BaseClass.Controller.MetataskExecute object at 0x0518D5B0&gt;, message={'check': ''}) returning: False&#10;TaskController.BaseClass.Controller: INFO: 2015-03-09 13:58:14.583000: Entering on_receive(self=&lt;TaskController.BaseClass.Controller.MetataskExecute object at 0x0518D5B0&gt;, message={'check': ''})&#10;TaskController.BaseClass.Controller: INFO: 2015-03-09 13:58:14.584000: Exiting on_receive(self=&lt;TaskController.BaseClass.Controller.MetataskExecute object at 0x0518D5B0&gt;, message={'check': ''}) returning: False&#10;TaskController.BaseClass.Controller: INFO: 2015-03-09 13:58:15.584000: Entering on_receive(self=&lt;TaskController.BaseClass.Controller.MetataskExecute object at 0x0518D5B0&gt;, message={'check': ''})&#10;TaskController.BaseClass.Controller: INFO: 2015-03-09 13:58:15.585000: Exiting on_receive(self=&lt;TaskController.BaseClass.Controller.MetataskExecute object at 0x0518D5B0&gt;, message={'check': ''}) returning: False&#10;TaskController.BaseClass.Controller: INFO: 2015-03-09 13:58:16.585000: Entering on_receive(self=&lt;TaskController.BaseClass.Controller.MetataskExecute object at 0x0518D5B0&gt;, message={'check': ''})&#10;TaskController.BaseClass.Controller: INFO: 2015-03-09 13:58:16.585000: Exiting on_receive(self=&lt;TaskController.BaseClass.Controller.MetataskExecute object at 0x0518D5B0&gt;, message={'check': ''}) returning: False&#10;TaskController.BaseClass.Controller: INFO: 2015-03-09 13:58:17.585000: Entering on_receive(self=&lt;TaskController.BaseClass.Controller.MetataskExecute object at 0x0518D5B0&gt;, message={'check': ''})&#10;TaskController.BaseClass.Controller: INFO: 2015-03-09 13:58:17.586000: Exiting on_receive(self=&lt;TaskController.BaseClass.Controller.MetataskExecute object at 0x0518D5B0&gt;, message={'check': ''}) returning: False&#10;TaskController.BaseClass.Controller: INFO: 2015-03-09 13:58:18.586000: Entering on_receive(self=&lt;TaskController.BaseClass.Controller.MetataskExecute object at 0x0518D5B0&gt;, message={'check': ''})&#10;TaskController.BaseClass.Controller: INFO: 2015-03-09 13:58:18.587000: Exiting on_receive(self=&lt;TaskController.BaseClass.Controller.MetataskExecute object at 0x0518D5B0&gt;, message={'check': ''}) returning: False&#10;TaskController.BaseClass.Controller: INFO: 2015-03-09 13:58:19.587000: Entering on_receive(self=&lt;TaskController.BaseClass.Controller.MetataskExecute object at 0x0518D5B0&gt;, message={'check': ''})&#10;TaskController.BaseClass.Controller: INFO: 2015-03-09 13:58:19.588000: Exiting on_receive(self=&lt;TaskController.BaseClass.Controller.MetataskExecute object at 0x0518D5B0&gt;, message={'check': ''}) returning: False&#10;TaskController.BaseClass.Controller: INFO: 2015-03-09 13:58:20.588000: Entering on_receive(self=&lt;TaskController.BaseClass.Controller.MetataskExecute object at 0x0518D5B0&gt;, message={'check': ''})&#10;TaskController.BaseClass.Controller: INFO: 2015-03-09 13:58:20.589000: Exiting on_receive(self=&lt;TaskController.BaseClass.Controller.MetataskExecute object at 0x0518D5B0&gt;, message={'check': ''}) returning: False&#10;TaskController.BaseClass.Controller: INFO: 2015-03-09 13:58:21.589000: Entering on_receive(self=&lt;TaskController.BaseClass.Controller.MetataskExecute object at 0x0518D5B0&gt;, message={'check': ''})&#10;TaskController.BaseClass.Controller: INFO: 2015-03-09 13:58:21.590000: Exiting on_receive(self=&lt;TaskController.BaseClass.Controller.MetataskExecute object at 0x0518D5B0&gt;, message={'check': ''}) returning: False&#10;TaskController.BaseClass.Controller: INFO: 2015-03-09 13:58:21.625000: Entering __post_get_results(self=&lt;TaskController.BaseClass.Controller.Controller object at 0x05175F70&gt;, result_list=[{u'status': 2, u'message': {u'taskGenerateName': u'TB Steadystate Generate', u'dependency': [u'EDRIS_wrapper.egg', u'BaseTask.py'], u'_id': u'54fd98e384a8af25a8fe771e', u'meta_function': u'SPSSystemMock.py', u'parameterOfFunction': {u'functionArguments': {u'setTorque': {u'errorRange': u'2', u'maxValue': u'1500', u'minValue': u'1'}}, u'testArguments': {u'modelName': u'EdrisLibComponents.SystemBases.SystemsBases.BasesSPS.TB_separated_SPS_base', u'simulationSettings': {u'StopTime': u'360000', u'Increment': u'0.5', u'Algorithm': u'8'}, u'results': [{u'sdfName': u't_P_cont', u'quantity': u'Time', u'unit': u's', u'signalName': u'Time'}, {u'sdfName': u'i_DC_P_cont', u'quantity': u'Current', u'unit': u'A', u'signalName': u'_signalBus_Main.batteryBus.general.current'}, {u'sdfName': u'i_ACRMS_P_cont', u'quantity': u'Current', u'unit': u'A', u'signalName': u'_signalBus_Main.electricMachine1Bus.general.currentRMS'}, {u'sdfName': u'v_P_cont', u'quantity': u'Voltage', u'unit': u'V', u'signalName': u'_signalBus_Main.batteryBus.general.voltage'}, {u'sdfName': u'P_cont', u'quantity': u'Power', u'unit': u'W', u'signalName': u'_signalBus_Main.electricMachine1Bus.general.powerMech'}, {u'sdfName': u'SOC_end_cont', u'signalName': u'_signalBus_Main.batteryBus.general.SOC'}, {u'sdfName': u'derating_cont', u'signalName': u'summarySystemSPS.deratingStatus'}], u'parameters': {u'setRci': u'0.6', u'setTemp': u'-10', u'setTorqueTolerance': u'0.5', u'HV_consumption': u'0', u'setSpeed': u'500', u'RCIend_terminate': u'0.0001', u'timeOffset': u'0.2'}}}}, u'_id': u'54fd98e984a8af02b0312f0c', u'result': u'', u'log': u'{\'errorLog\': \'Traceback (most recent call last):\\n  File &quot;C:\\\\EdrisAscent\\\\EDRISAuto\\\\trunk\\\\EDRIS_Management\\\\EDRIS_Worker_devel\\\\edris_worker\\\\Pool.py&quot;, line 104, in run_task\\n    raise ValueError(u&quot;Json load problem for the following strings:&quot; + unicode(result))\\nValueError: Json load problem for the following strings:\\n\'}'}, {u'status': 2, u'message': {u'taskGenerateName': u'TB Steadystate Generate', u'dependency': [u'EDRIS_wrapper.egg', u'BaseTask.py'], u'_id': u'54fd98e384a8af25a8fe771d', u'meta_function': u'SPSSystemMock.py', u'parameterOfFunction': {u'functionArguments': {u'setTorque': {u'errorRange': u'2', u'maxValue': u'1500', u'minValue': u'1'}}, u'testArguments': {u'modelName': u'EdrisLibComponents.SystemBases.SystemsBases.BasesSPS.TB_separated_SPS_base', u'simulationSettings': {u'StopTime': u'360000', u'Increment': u'0.5', u'Algorithm': u'8'}, u'results': [{u'sdfName': u't_P_cont', u'quantity': u'Time', u'unit': u's', u'signalName': u'Time'}, {u'sdfName': u'i_DC_P_cont', u'quantity': u'Current', u'unit': u'A', u'signalName': u'_signalBus_Main.batteryBus.general.current'}, {u'sdfName': u'i_ACRMS_P_cont', u'quantity': u'Current', u'unit': u'A', u'signalName': u'_signalBus_Main.electricMachine1Bus.general.currentRMS'}, {u'sdfName': u'v_P_cont', u'quantity': u'Voltage', u'unit': u'V', u'signalName': u'_signalBus_Main.batteryBus.general.voltage'}, {u'sdfName': u'P_cont', u'quantity': u'Power', u'unit': u'W', u'signalName': u'_signalBus_Main.electricMachine1Bus.general.powerMech'}, {u'sdfName': u'SOC_end_cont', u'signalName': u'_signalBus_Main.batteryBus.general.SOC'}, {u'sdfName': u'derating_cont', u'signalName': u'summarySystemSPS.deratingStatus'}], u'parameters': {u'setRci': u'0.1', u'setTemp': u'-10', u'setTorqueTolerance': u'0.5', u'HV_consumption': u'0', u'setSpeed': u'500', u'RCIend_terminate': u'0.0001', u'timeOffset': u'0.2'}}}}, u'_id': u'54fd98e984a8af02b0312f0d', u'result': u'', u'log': u'{\'errorLog\': \'Traceback (most recent call last):\\n  File &quot;C:\\\\EdrisAscent\\\\EDRISAuto\\\\trunk\\\\EDRIS_Management\\\\EDRIS_Worker_devel\\\\edris_worker\\\\Pool.py&quot;, line 104, in run_task\\n    raise ValueError(u&quot;Json load problem for the following strings:&quot; + unicode(result))\\nValueError: Json load problem for the following strings:\\n\'}'}, {u'status': 2, u'message': {u'taskGenerateName': u'TB Steadystate Generate', u'dependency': [u'EDRIS_wrapper.egg', u'BaseTask.py'], u'_id': u'54fd98e384a8af25a8fe771f', u'meta_function': u'SPSSystemMock.py', u'parameterOfFunction': {u'functionArguments': {u'setTorque': {u'errorRange': u'2', u'maxValue': u'1500', u'minValue': u'1'}}, u'testArguments': {u'modelName': u'EdrisLibComponents.SystemBases.SystemsBases.BasesSPS.TB_separated_SPS_base', u'simulationSettings': {u'StopTime': u'360000', u'Increment': u'0.5', u'Algorithm': u'8'}, u'results': [{u'sdfName': u't_P_cont', u'quantity': u'Time', u'unit': u's', u'signalName': u'Time'}, {u'sdfName': u'i_DC_P_cont', u'quantity': u'Current', u'unit': u'A', u'signalName': u'_signalBus_Main.batteryBus.general.current'}, {u'sdfName': u'i_ACRMS_P_cont', u'quantity': u'Current', u'unit': u'A', u'signalName': u'_signalBus_Main.electricMachine1Bus.general.currentRMS'}, {u'sdfName': u'v_P_cont', u'quantity': u'Voltage', u'unit': u'V', u'signalName': u'_signalBus_Main.batteryBus.general.voltage'}, {u'sdfName': u'P_cont', u'quantity': u'Power', u'unit': u'W', u'signalName': u'_signalBus_Main.electricMachine1Bus.general.powerMech'}, {u'sdfName': u'SOC_end_cont', u'signalName': u'_signalBus_Main.batteryBus.general.SOC'}, {u'sdfName': u'derating_cont', u'signalName': u'summarySystemSPS.deratingStatus'}], u'parameters': {u'setRci': u'0.1', u'setTemp': u'-10', u'setTorqueTolerance': u'0.5', u'HV_consumption': u'0', u'setSpeed': u'1000', u'RCIend_terminate': u'0.0001', u'timeOffset': u'0.2'}}}}, u'_id': u'54fd98e984a8af02b0312f0e', u'result': u'', u'log': u'{\'errorLog\': \'Traceback (most recent call last):\\n  File &quot;C:\\\\EdrisAscent\\\\EDRISAuto\\\\trunk\\\\EDRIS_Management\\\\EDRIS_Worker_devel\\\\edris_worker\\\\Pool.py&quot;, line 104, in run_task\\n    raise ValueError(u&quot;Json load problem for the following strings:&quot; + unicode(result))\\nValueError: Json load problem for the following strings:\\n\'}'}, {u'status': 2, u'message': {u'taskGenerateName': u'TB Steadystate Generate', u'dependency': [u'EDRIS_wrapper.egg', u'BaseTask.py'], u'_id': u'54fd98e384a8af25a8fe7724', u'meta_function': u'SPSSystemMock.py', u'parameterOfFunction': {u'functionArguments': {u'setTorque': {u'errorRange': u'2', u'maxValue': u'1500', u'minValue': u'1'}}, u'testArguments': {u'modelName': u'EdrisLibComponents.SystemBases.SystemsBases.BasesSPS.TB_separated_SPS_base', u'simulationSettings': {u'StopTime': u'360000', u'Increment': u'0.5', u'Algorithm': u'8'}, u'results': [{u'sdfName': u't_P_cont', u'quantity': u'Time', u'unit': u's', u'signalName': u'Time'}, {u'sdfName': u'i_DC_P_cont', u'quantity': u'Current', u'unit': u'A', u'signalName': u'_signalBus_Main.batteryBus.general.current'}, {u'sdfName': u'i_ACRMS_P_cont', u'quantity': u'Current', u'unit': u'A', u'signalName': u'_signalBus_Main.electricMachine1Bus.general.currentRMS'}, {u'sdfName': u'v_P_cont', u'quantity': u'Voltage', u'unit': u'V', u'signalName': u'_signalBus_Main.batteryBus.general.voltage'}, {u'sdfName': u'P_cont', u'quantity': u'Power', u'unit': u'W', u'signalName': u'_signalBus_Main.electricMachine1Bus.general.powerMech'}, {u'sdfName': u'SOC_end_cont', u'signalName': u'_signalBus_Main.batteryBus.general.SOC'}, {u'sdfName': u'derating_cont', u'signalName': u'summarySystemSPS.deratingStatus'}], u'parameters': {u'setRci': u'0.6', u'setTemp': u'40', u'setTorqueTolerance': u'0.5', u'HV_consumption': u'0', u'setSpeed': u'1000', u'RCIend_terminate': u'0.0001', u'timeOffset': u'0.2'}}}}, u'_id': u'54fd98e984a8af02b0312f0f', u'result': u'', u'log': u'{\'errorLog\': \'Traceback (most recent call last):\\n  File &quot;C:\\\\EdrisAscent\\\\EDRISAuto\\\\trunk\\\\EDRIS_Management\\\\EDRIS_Worker_devel\\\\edris_worker\\\\Pool.py&quot;, line 104, in run_task\\n    raise ValueError(u&quot;Json load problem for the following strings:&quot; + unicode(result))\\nValueError: Json load problem for the following strings:\\n\'}'}, {u'status': 2, u'message': {u'taskGenerateName': u'TB Steadystate Generate', u'dependency': [u'EDRIS_wrapper.egg', u'BaseTask.py'], u'_id': u'54fd98e384a8af25a8fe7721', u'meta_function': u'SPSSystemMock.py', u'parameterOfFunction': {u'functionArguments': {u'setTorque': {u'errorRange': u'2', u'maxValue': u'1500', u'minValue': u'1'}}, u'testArguments': {u'modelName': u'EdrisLibComponents.SystemBases.SystemsBases.BasesSPS.TB_separated_SPS_base', u'simulationSettings': {u'StopTime': u'360000', u'Increment': u'0.5', u'Algorithm': u'8'}, u'results': [{u'sdfName': u't_P_cont', u'quantity': u'Time', u'unit': u's', u'signalName': u'Time'}, {u'sdfName': u'i_DC_P_cont', u'quantity': u'Current', u'unit': u'A', u'signalName': u'_signalBus_Main.batteryBus.general.current'}, {u'sdfName': u'i_ACRMS_P_cont', u'quantity': u'Current', u'unit': u'A', u'signalName': u'_signalBus_Main.electricMachine1Bus.general.currentRMS'}, {u'sdfName': u'v_P_cont', u'quantity': u'Voltage', u'unit': u'V', u'signalName': u'_signalBus_Main.batteryBus.general.voltage'}, {u'sdfName': u'P_cont', u'quantity': u'Power', u'unit': u'W', u'signalName': u'_signalBus_Main.electricMachine1Bus.general.powerMech'}, {u'sdfName': u'SOC_end_cont', u'signalName': u'_signalBus_Main.batteryBus.general.SOC'}, {u'sdfName': u'derating_cont', u'signalName': u'summarySystemSPS.deratingStatus'}], u'parameters': {u'setRci': u'0.1', u'setTemp': u'40', u'setTorqueTolerance': u'0.5', u'HV_consumption': u'0', u'setSpeed': u'500', u'RCIend_terminate': u'0.0001', u'timeOffset': u'0.2'}}}}, u'_id': u'54fd98e984a8af02b0312f10', u'result': u'', u'log': u'{\'errorLog\': \'Traceback (most recent call last):\\n  File &quot;C:\\\\EdrisAscent\\\\EDRISAuto\\\\trunk\\\\EDRIS_Management\\\\EDRIS_Worker_devel\\\\edris_worker\\\\Pool.py&quot;, line 104, in run_task\\n    raise ValueError(u&quot;Json load problem for the following strings:&quot; + unicode(result))\\nValueError: Json load problem for the following strings:\\n\'}'}, {u'status': 2, u'message': {u'taskGenerateName': u'TB Steadystate Generate', u'dependency': [u'EDRIS_wrapper.egg', u'BaseTask.py'], u'_id': u'54fd98e384a8af25a8fe7722', u'meta_function': u'SPSSystemMock.py', u'parameterOfFunction': {u'functionArguments': {u'setTorque': {u'errorRange': u'2', u'maxValue': u'1500', u'minValue': u'1'}}, u'testArguments': {u'modelName': u'EdrisLibComponents.SystemBases.SystemsBases.BasesSPS.TB_separated_SPS_base', u'simulationSettings': {u'StopTime': u'360000', u'Increment': u'0.5', u'Algorithm': u'8'}, u'results': [{u'sdfName': u't_P_cont', u'quantity': u'Time', u'unit': u's', u'signalName': u'Time'}, {u'sdfName': u'i_DC_P_cont', u'quantity': u'Current', u'unit': u'A', u'signalName': u'_signalBus_Main.batteryBus.general.current'}, {u'sdfName': u'i_ACRMS_P_cont', u'quantity': u'Current', u'unit': u'A', u'signalName': u'_signalBus_Main.electricMachine1Bus.general.currentRMS'}, {u'sdfName': u'v_P_cont', u'quantity': u'Voltage', u'unit': u'V', u'signalName': u'_signalBus_Main.batteryBus.general.voltage'}, {u'sdfName': u'P_cont', u'quantity': u'Power', u'unit': u'W', u'signalName': u'_signalBus_Main.electricMachine1Bus.general.powerMech'}, {u'sdfName': u'SOC_end_cont', u'signalName': u'_signalBus_Main.batteryBus.general.SOC'}, {u'sdfName': u'derating_cont', u'signalName': u'summarySystemSPS.deratingStatus'}], u'parameters': {u'setRci': u'0.6', u'setTemp': u'40', u'setTorqueTolerance': u'0.5', u'HV_consumption': u'0', u'setSpeed': u'500', u'RCIend_terminate': u'0.0001', u'timeOffset': u'0.2'}}}}, u'_id': u'54fd98e984a8af02b0312f11', u'result': u'', u'log': u'{\'errorLog\': \'Traceback (most recent call last):\\n  File &quot;C:\\\\EdrisAscent\\\\EDRISAuto\\\\trunk\\\\EDRIS_Management\\\\EDRIS_Worker_devel\\\\edris_worker\\\\Pool.py&quot;, line 104, in run_task\\n    raise ValueError(u&quot;Json load problem for the following strings:&quot; + unicode(result))\\nValueError: Json load problem for the following strings:\\n\'}'}, {u'status': 2, u'message': {u'taskGenerateName': u'TB Steadystate Generate', u'dependency': [u'EDRIS_wrapper.egg', u'BaseTask.py'], u'_id': u'54fd98e384a8af25a8fe7720', u'meta_function': u'SPSSystemMock.py', u'parameterOfFunction': {u'functionArguments': {u'setTorque': {u'errorRange': u'2', u'maxValue': u'1500', u'minValue': u'1'}}, u'testArguments': {u'modelName': u'EdrisLibComponents.SystemBases.SystemsBases.BasesSPS.TB_separated_SPS_base', u'simulationSettings': {u'StopTime': u'360000', u'Increment': u'0.5', u'Algorithm': u'8'}, u'results': [{u'sdfName': u't_P_cont', u'quantity': u'Time', u'unit': u's', u'signalName': u'Time'}, {u'sdfName': u'i_DC_P_cont', u'quantity': u'Current', u'unit': u'A', u'signalName': u'_signalBus_Main.batteryBus.general.current'}, {u'sdfName': u'i_ACRMS_P_cont', u'quantity': u'Current', u'unit': u'A', u'signalName': u'_signalBus_Main.electricMachine1Bus.general.currentRMS'}, {u'sdfName': u'v_P_cont', u'quantity': u'Voltage', u'unit': u'V', u'signalName': u'_signalBus_Main.batteryBus.general.voltage'}, {u'sdfName': u'P_cont', u'quantity': u'Power', u'unit': u'W', u'signalName': u'_signalBus_Main.electricMachine1Bus.general.powerMech'}, {u'sdfName': u'SOC_end_cont', u'signalName': u'_signalBus_Main.batteryBus.general.SOC'}, {u'sdfName': u'derating_cont', u'signalName': u'summarySystemSPS.deratingStatus'}], u'parameters': {u'setRci': u'0.6', u'setTemp': u'-10', u'setTorqueTolerance': u'0.5', u'HV_consumption': u'0', u'setSpeed': u'1000', u'RCIend_terminate': u'0.0001', u'timeOffset': u'0.2'}}}}, u'_id': u'54fd98ea84a8af02b0312f12', u'result': u'', u'log': u'{\'errorLog\': \'Traceback (most recent call last):\\n  File &quot;C:\\\\EdrisAscent\\\\EDRISAuto\\\\trunk\\\\EDRIS_Management\\\\EDRIS_Worker_devel\\\\edris_worker\\\\Pool.py&quot;, line 104, in run_task\\n    raise ValueError(u&quot;Json load problem for the following strings:&quot; + unicode(result))\\nValueError: Json load problem for the following strings:\\n\'}'}, {u'status': 2, u'message': {u'taskGenerateName': u'TB Steadystate Generate', u'dependency': [u'EDRIS_wrapper.egg', u'BaseTask.py'], u'_id': u'54fd98e384a8af25a8fe7723', u'meta_function': u'SPSSystemMock.py', u'parameterOfFunction': {u'functionArguments': {u'setTorque': {u'errorRange': u'2', u'maxValue': u'1500', u'minValue': u'1'}}, u'testArguments': {u'modelName': u'EdrisLibComponents.SystemBases.SystemsBases.BasesSPS.TB_separated_SPS_base', u'simulationSettings': {u'StopTime': u'360000', u'Increment': u'0.5', u'Algorithm': u'8'}, u'results': [{u'sdfName': u't_P_cont', u'quantity': u'Time', u'unit': u's', u'signalName': u'Time'}, {u'sdfName': u'i_DC_P_cont', u'quantity': u'Current', u'unit': u'A', u'signalName': u'_signalBus_Main.batteryBus.general.current'}, {u'sdfName': u'i_ACRMS_P_cont', u'quantity': u'Current', u'unit': u'A', u'signalName': u'_signalBus_Main.electricMachine1Bus.general.currentRMS'}, {u'sdfName': u'v_P_cont', u'quantity': u'Voltage', u'unit': u'V', u'signalName': u'_signalBus_Main.batteryBus.general.voltage'}, {u'sdfName': u'P_cont', u'quantity': u'Power', u'unit': u'W', u'signalName': u'_signalBus_Main.electricMachine1Bus.general.powerMech'}, {u'sdfName': u'SOC_end_cont', u'signalName': u'_signalBus_Main.batteryBus.general.SOC'}, {u'sdfName': u'derating_cont', u'signalName': u'summarySystemSPS.deratingStatus'}], u'parameters': {u'setRci': u'0.1', u'setTemp': u'40', u'setTorqueTolerance': u'0.5', u'HV_consumption': u'0', u'setSpeed': u'1000', u'RCIend_terminate': u'0.0001', u'timeOffset': u'0.2'}}}}, u'_id': u'54fd98ea84a8af02b0312f13', u'result': u'', u'log': u'{\'errorLog\': \'Traceback (most recent call last):\\n  File &quot;C:\\\\EdrisAscent\\\\EDRISAuto\\\\trunk\\\\EDRIS_Management\\\\EDRIS_Worker_devel\\\\edris_worker\\\\Pool.py&quot;, line 104, in run_task\\n    raise ValueError(u&quot;Json load problem for the following strings:&quot; + unicode(result))\\nValueError: Json load problem for the following strings:\\n\'}'}])&#10;TaskController.BaseClass.Controller: INFO: 2015-03-09 13:58:21.626000: Entering __achieve(self=&lt;TaskController.BaseClass.Controller.Controller object at 0x05175F70&gt;, r={u'status': 2, u'message': {u'taskGenerateName': u'TB Steadystate Generate', u'dependency': [u'EDRIS_wrapper.egg', u'BaseTask.py'], u'_id': u'54fd98e384a8af25a8fe771e', u'meta_function': u'SPSSystemMock.py', u'parameterOfFunction': {u'functionArguments': {u'setTorque': {u'errorRange': u'2', u'maxValue': u'1500', u'minValue': u'1'}}, u'testArguments': {u'modelName': u'EdrisLibComponents.SystemBases.SystemsBases.BasesSPS.TB_separated_SPS_base', u'simulationSettings': {u'StopTime': u'360000', u'Increment': u'0.5', u'Algorithm': u'8'}, u'results': [{u'sdfName': u't_P_cont', u'quantity': u'Time', u'unit': u's', u'signalName': u'Time'}, {u'sdfName': u'i_DC_P_cont', u'quantity': u'Current', u'unit': u'A', u'signalName': u'_signalBus_Main.batteryBus.general.current'}, {u'sdfName': u'i_ACRMS_P_cont', u'quantity': u'Current', u'unit': u'A', u'signalName': u'_signalBus_Main.electricMachine1Bus.general.currentRMS'}, {u'sdfName': u'v_P_cont', u'quantity': u'Voltage', u'unit': u'V', u'signalName': u'_signalBus_Main.batteryBus.general.voltage'}, {u'sdfName': u'P_cont', u'quantity': u'Power', u'unit': u'W', u'signalName': u'_signalBus_Main.electricMachine1Bus.general.powerMech'}, {u'sdfName': u'SOC_end_cont', u'signalName': u'_signalBus_Main.batteryBus.general.SOC'}, {u'sdfName': u'derating_cont', u'signalName': u'summarySystemSPS.deratingStatus'}], u'parameters': {u'setRci': u'0.6', u'setTemp': u'-10', u'setTorqueTolerance': u'0.5', u'HV_consumption': u'0', u'setSpeed': u'500', u'RCIend_terminate': u'0.0001', u'timeOffset': u'0.2'}}}}, u'_id': u'54fd98e984a8af02b0312f0c', u'result': u'', u'log': u'{\'errorLog\': \'Traceback (most recent call last):\\n  File &quot;C:\\\\EdrisAscent\\\\EDRISAuto\\\\trunk\\\\EDRIS_Management\\\\EDRIS_Worker_devel\\\\edris_worker\\\\Pool.py&quot;, line 104, in run_task\\n    raise ValueError(u&quot;Json load problem for the following strings:&quot; + unicode(result))\\nValueError: Json load problem for the following strings:\\n\'}'})&#10;TaskController.BaseClass.Controller: INFO: 2015-03-09 13:58:21.626000: Exiting __achieve(self=&lt;TaskController.BaseClass.Controller.Controller object at 0x05175F70&gt;, r={u'status': 2, u'message': {u'taskGenerateName': u'TB Steadystate Generate', u'dependency': [u'EDRIS_wrapper.egg', u'BaseTask.py'], u'_id': u'54fd98e384a8af25a8fe771e', u'meta_function': u'SPSSystemMock.py', u'parameterOfFunction': {u'functionArguments': {u'setTorque': {u'errorRange': u'2', u'maxValue': u'1500', u'minValue': u'1'}}, u'testArguments': {u'modelName': u'EdrisLibComponents.SystemBases.SystemsBases.BasesSPS.TB_separated_SPS_base', u'simulationSettings': {u'StopTime': u'360000', u'Increment': u'0.5', u'Algorithm': u'8'}, u'results': [{u'sdfName': u't_P_cont', u'quantity': u'Time', u'unit': u's', u'signalName': u'Time'}, {u'sdfName': u'i_DC_P_cont', u'quantity': u'Current', u'unit': u'A', u'signalName': u'_signalBus_Main.batteryBus.general.current'}, {u'sdfName': u'i_ACRMS_P_cont', u'quantity': u'Current', u'unit': u'A', u'signalName': u'_signalBus_Main.electricMachine1Bus.general.currentRMS'}, {u'sdfName': u'v_P_cont', u'quantity': u'Voltage', u'unit': u'V', u'signalName': u'_signalBus_Main.batteryBus.general.voltage'}, {u'sdfName': u'P_cont', u'quantity': u'Power', u'unit': u'W', u'signalName': u'_signalBus_Main.electricMachine1Bus.general.powerMech'}, {u'sdfName': u'SOC_end_cont', u'signalName': u'_signalBus_Main.batteryBus.general.SOC'}, {u'sdfName': u'derating_cont', u'signalName': u'summarySystemSPS.deratingStatus'}], u'parameters': {u'setRci': u'0.6', u'setTemp': u'-10', u'setTorqueTolerance': u'0.5', u'HV_consumption': u'0', u'setSpeed': u'500', u'RCIend_terminate': u'0.0001', u'timeOffset': u'0.2'}}}}, u'_id': u'54fd98e984a8af02b0312f0c', u'result': u'', u'log': u'{\'errorLog\': \'Traceback (most recent call last):\\n  File &quot;C:\\\\EdrisAscent\\\\EDRISAuto\\\\trunk\\\\EDRIS_Management\\\\EDRIS_Worker_devel\\\\edris_worker\\\\Pool.py&quot;, line 104, in run_task\\n    raise ValueError(u&quot;Json load problem for the following strings:&quot; + unicode(result))\\nValueError: Json load problem for the following strings:\\n\'}'}) returning: False&#10;TaskController.BaseClass.Controller: INFO: 2015-03-09 13:58:21.627000: Entering on_receive(self=&lt;TaskController.BaseClass.Controller.MetataskExecute object at 0x0518D5B0&gt;, message={'failed': {u'status': 2, u'message': {u'taskGenerateName': u'TB Steadystate Generate', u'dependency': [u'EDRIS_wrapper.egg', u'BaseTask.py'], u'_id': u'54fd98e384a8af25a8fe771e', u'meta_function': u'SPSSystemMock.py', u'parameterOfFunction': {u'functionArguments': {u'setTorque': {u'errorRange': u'2', u'maxValue': u'1500', u'minValue': u'1'}}, u'testArguments': {u'modelName': u'EdrisLibComponents.SystemBases.SystemsBases.BasesSPS.TB_separated_SPS_base', u'simulationSettings': {u'StopTime': u'360000', u'Increment': u'0.5', u'Algorithm': u'8'}, u'results': [{u'sdfName': u't_P_cont', u'quantity': u'Time', u'unit': u's', u'signalName': u'Time'}, {u'sdfName': u'i_DC_P_cont', u'quantity': u'Current', u'unit': u'A', u'signalName': u'_signalBus_Main.batteryBus.general.current'}, {u'sdfName': u'i_ACRMS_P_cont', u'quantity': u'Current', u'unit': u'A', u'signalName': u'_signalBus_Main.electricMachine1Bus.general.currentRMS'}, {u'sdfName': u'v_P_cont', u'quantity': u'Voltage', u'unit': u'V', u'signalName': u'_signalBus_Main.batteryBus.general.voltage'}, {u'sdfName': u'P_cont', u'quantity': u'Power', u'unit': u'W', u'signalName': u'_signalBus_Main.electricMachine1Bus.general.powerMech'}, {u'sdfName': u'SOC_end_cont', u'signalName': u'_signalBus_Main.batteryBus.general.SOC'}, {u'sdfName': u'derating_cont', u'signalName': u'summarySystemSPS.deratingStatus'}], u'parameters': {u'setRci': u'0.6', u'setTemp': u'-10', u'setTorqueTolerance': u'0.5', u'HV_consumption': u'0', u'setSpeed': u'500', u'RCIend_terminate': u'0.0001', u'timeOffset': u'0.2'}}}}, u'_id': u'54fd98e984a8af02b0312f0c', u'result': u'', u'log': u'{\'errorLog\': \'Traceback (most recent call last):\\n  File &quot;C:\\\\EdrisAscent\\\\EDRISAuto\\\\trunk\\\\EDRIS_Management\\\\EDRIS_Worker_devel\\\\edris_worker\\\\Pool.py&quot;, line 104, in run_task\\n    raise ValueError(u&quot;Json load problem for the following strings:&quot; + unicode(result))\\nValueError: Json load problem for the following strings:\\n\'}'}})&#10;TaskController.BaseClass.Controller: INFO: 2015-03-09 13:58:21.629000: Entering __achiev(self=&lt;TaskController.BaseClass.Controller.MetataskExecute object at 0x0518D5B0&gt;, result={u'status': 2, u'message': {u'taskGenerateName': u'TB Steadystate Generate', u'dependency': [u'EDRIS_wrapper.egg', u'BaseTask.py'], u'_id': u'54fd98e384a8af25a8fe771e', u'meta_function': u'SPSSystemMock.py', u'parameterOfFunction': {u'functionArguments': {u'setTorque': {u'errorRange': u'2', u'maxValue': u'1500', u'minValue': u'1'}}, u'testArguments': {u'modelName': u'EdrisLibComponents.SystemBases.SystemsBases.BasesSPS.TB_separated_SPS_base', u'simulationSettings': {u'StopTime': u'360000', u'Increment': u'0.5', u'Algorithm': u'8'}, u'results': [{u'sdfName': u't_P_cont', u'quantity': u'Time', u'unit': u's', u'signalName': u'Time'}, {u'sdfName': u'i_DC_P_cont', u'quantity': u'Current', u'unit': u'A', u'signalName': u'_signalBus_Main.batteryBus.general.current'}, {u'sdfName': u'i_ACRMS_P_cont', u'quantity': u'Current', u'unit': u'A', u'signalName': u'_signalBus_Main.electricMachine1Bus.general.currentRMS'}, {u'sdfName': u'v_P_cont', u'quantity': u'Voltage', u'unit': u'V', u'signalName': u'_signalBus_Main.batteryBus.general.voltage'}, {u'sdfName': u'P_cont', u'quantity': u'Power', u'unit': u'W', u'signalName': u'_signalBus_Main.electricMachine1Bus.general.powerMech'}, {u'sdfName': u'SOC_end_cont', u'signalName': u'_signalBus_Main.batteryBus.general.SOC'}, {u'sdfName': u'derating_cont', u'signalName': u'summarySystemSPS.deratingStatus'}], u'parameters': {u'setRci': u'0.6', u'setTemp': u'-10', u'setTorqueTolerance': u'0.5', u'HV_consumption': u'0', u'setSpeed': u'500', u'RCIend_terminate': u'0.0001', u'timeOffset': u'0.2'}}}}, u'_id': u'54fd98e984a8af02b0312f0c', u'result': u'', u'log': u'{\'errorLog\': \'Traceback (most recent call last):\\n  File &quot;C:\\\\EdrisAscent\\\\EDRISAuto\\\\trunk\\\\EDRIS_Management\\\\EDRIS_Worker_devel\\\\edris_worker\\\\Pool.py&quot;, line 104, in run_task\\n    raise ValueError(u&quot;Json load problem for the following strings:&quot; + unicode(result))\\nValueError: Json load problem for the following strings:\\n\'}'}, status=1)&#10;TaskController.BaseClass.Controller: INFO: 2015-03-09 13:58:21.631000: Exiting __achiev(self=&lt;TaskController.BaseClass.Controller.MetataskExecute object at 0x0518D5B0&gt;, result={u'status': 2, u'message': {u'taskGenerateName': u'TB Steadystate Generate', u'dependency': [u'EDRIS_wrapper.egg', u'BaseTask.py'], u'_id': u'54fd98e384a8af25a8fe771e', u'meta_function': u'SPSSystemMock.py', u'parameterOfFunction': {u'functionArguments': {u'setTorque': {u'errorRange': u'2', u'maxValue': u'1500', u'minValue': u'1'}}, u'testArguments': {u'modelName': u'EdrisLibComponents.SystemBases.SystemsBases.BasesSPS.TB_separated_SPS_base', u'simulationSettings': {u'StopTime': u'360000', u'Increment': u'0.5', u'Algorithm': u'8'}, u'results': [{u'sdfName': u't_P_cont', u'quantity': u'Time', u'unit': u's', u'signalName': u'Time'}, {u'sdfName': u'i_DC_P_cont', u'quantity': u'Current', u'unit': u'A', u'signalName': u'_signalBus_Main.batteryBus.general.current'}, {u'sdfName': u'i_ACRMS_P_cont', u'quantity': u'Current', u'unit': u'A', u'signalName': u'_signalBus_Main.electricMachine1Bus.general.currentRMS'}, {u'sdfName': u'v_P_cont', u'quantity': u'Voltage', u'unit': u'V', u'signalName': u'_signalBus_Main.batteryBus.general.voltage'}, {u'sdfName': u'P_cont', u'quantity': u'Power', u'unit': u'W', u'signalName': u'_signalBus_Main.electricMachine1Bus.general.powerMech'}, {u'sdfName': u'SOC_end_cont', u'signalName': u'_signalBus_Main.batteryBus.general.SOC'}, {u'sdfName': u'derating_cont', u'signalName': u'summarySystemSPS.deratingStatus'}], u'parameters': {u'setRci': u'0.6', u'setTemp': u'-10', u'setTorqueTolerance': u'0.5', u'HV_consumption': u'0', u'setSpeed': u'500', u'RCIend_terminate': u'0.0001', u'timeOffset': u'0.2'}}}}, u'_id': u'54fd98e984a8af02b0312f0c', u'result': u'', u'log': u'{\'errorLog\': \'Traceback (most recent call last):\\n  File &quot;C:\\\\EdrisAscent\\\\EDRISAuto\\\\trunk\\\\EDRIS_Management\\\\EDRIS_Worker_devel\\\\edris_worker\\\\Pool.py&quot;, line 104, in run_task\\n    raise ValueError(u&quot;Json load problem for the following strings:&quot; + unicode(result))\\nValueError: Json load problem for the following strings:\\n\'}'}, status=1) returning: None&#10;TaskController.BaseClass.Controller: INFO: 2015-03-09 13:58:21.631000: Entering __achieve(self=&lt;TaskController.BaseClass.Controller.Controller object at 0x05175F70&gt;, r={u'status': 2, u'message': {u'taskGenerateName': u'TB Steadystate Generate', u'dependency': [u'EDRIS_wrapper.egg', u'BaseTask.py'], u'_id': u'54fd98e384a8af25a8fe771d', u'meta_function': u'SPSSystemMock.py', u'parameterOfFunction': {u'functionArguments': {u'setTorque': {u'errorRange': u'2', u'maxValue': u'1500', u'minValue': u'1'}}, u'testArguments': {u'modelName': u'EdrisLibComponents.SystemBases.SystemsBases.BasesSPS.TB_separated_SPS_base', u'simulationSettings': {u'StopTime': u'360000', u'Increment': u'0.5', u'Algorithm': u'8'}, u'results': [{u'sdfName': u't_P_cont', u'quantity': u'Time', u'unit': u's', u'signalName': u'Time'}, {u'sdfName': u'i_DC_P_cont', u'quantity': u'Current', u'unit': u'A', u'signalName': u'_signalBus_Main.batteryBus.general.current'}, {u'sdfName': u'i_ACRMS_P_cont', u'quantity': u'Current', u'unit': u'A', u'signalName': u'_signalBus_Main.electricMachine1Bus.general.currentRMS'}, {u'sdfName': u'v_P_cont', u'quantity': u'Voltage', u'unit': u'V', u'signalName': u'_signalBus_Main.batteryBus.general.voltage'}, {u'sdfName': u'P_cont', u'quantity': u'Power', u'unit': u'W', u'signalName': u'_signalBus_Main.electricMachine1Bus.general.powerMech'}, {u'sdfName': u'SOC_end_cont', u'signalName': u'_signalBus_Main.batteryBus.general.SOC'}, {u'sdfName': u'derating_cont', u'signalName': u'summarySystemSPS.deratingStatus'}], u'parameters': {u'setRci': u'0.1', u'setTemp': u'-10', u'setTorqueTolerance': u'0.5', u'HV_consumption': u'0', u'setSpeed': u'500', u'RCIend_terminate': u'0.0001', u'timeOffset': u'0.2'}}}}, u'_id': u'54fd98e984a8af02b0312f0d', u'result': u'', u'log': u'{\'errorLog\': \'Traceback (most recent call last):\\n  File &quot;C:\\\\EdrisAscent\\\\EDRISAuto\\\\trunk\\\\EDRIS_Management\\\\EDRIS_Worker_devel\\\\edris_worker\\\\Pool.py&quot;, line 104, in run_task\\n    raise ValueError(u&quot;Json load problem for the following strings:&quot; + unicode(result))\\nValueError: Json load problem for the following strings:\\n\'}'})&#10;TaskController.BaseClass.Controller: INFO: 2015-03-09 13:58:21.632000: Exiting on_receive(self=&lt;TaskController.BaseClass.Controller.MetataskExecute object at 0x0518D5B0&gt;, message={'failed': {u'status': 2, u'message': {u'taskGenerateName': u'TB Steadystate Generate', u'dependency': [u'EDRIS_wrapper.egg', u'BaseTask.py'], u'_id': u'54fd98e384a8af25a8fe771e', u'meta_function': u'SPSSystemMock.py', u'parameterOfFunction': {u'functionArguments': {u'setTorque': {u'errorRange': u'2', u'maxValue': u'1500', u'minValue': u'1'}}, u'testArguments': {u'modelName': u'EdrisLibComponents.SystemBases.SystemsBases.BasesSPS.TB_separated_SPS_base', u'simulationSettings': {u'StopTime': u'360000', u'Increment': u'0.5', u'Algorithm': u'8'}, u'results': [{u'sdfName': u't_P_cont', u'quantity': u'Time', u'unit': u's', u'signalName': u'Time'}, {u'sdfName': u'i_DC_P_cont', u'quantity': u'Current', u'unit': u'A', u'signalName': u'_signalBus_Main.batteryBus.general.current'}, {u'sdfName': u'i_ACRMS_P_cont', u'quantity': u'Current', u'unit': u'A', u'signalName': u'_signalBus_Main.electricMachine1Bus.general.currentRMS'}, {u'sdfName': u'v_P_cont', u'quantity': u'Voltage', u'unit': u'V', u'signalName': u'_signalBus_Main.batteryBus.general.voltage'}, {u'sdfName': u'P_cont', u'quantity': u'Power', u'unit': u'W', u'signalName': u'_signalBus_Main.electricMachine1Bus.general.powerMech'}, {u'sdfName': u'SOC_end_cont', u'signalName': u'_signalBus_Main.batteryBus.general.SOC'}, {u'sdfName': u'derating_cont', u'signalName': u'summarySystemSPS.deratingStatus'}], u'parameters': {u'setRci': u'0.6', u'setTemp': u'-10', u'setTorqueTolerance': u'0.5', u'HV_consumption': u'0', u'setSpeed': u'500', u'RCIend_terminate': u'0.0001', u'timeOffset': u'0.2'}}}}, u'_id': u'54fd98e984a8af02b0312f0c', u'result': u'', u'log': u'{\'errorLog\': \'Traceback (most recent call last):\\n  File &quot;C:\\\\EdrisAscent\\\\EDRISAuto\\\\trunk\\\\EDRIS_Management\\\\EDRIS_Worker_devel\\\\edris_worker\\\\Pool.py&quot;, line 104, in run_task\\n    raise ValueError(u&quot;Json load problem for the following strings:&quot; + unicode(result))\\nValueError: Json load problem for the following strings:\\n\'}'}}) returning: None&#10;TaskController.BaseClass.Controller: INFO: 2015-03-09 13:58:21.633000: Exiting __achieve(self=&lt;TaskController.BaseClass.Controller.Controller object at 0x05175F70&gt;, r={u'status': 2, u'message': {u'taskGenerateName': u'TB Steadystate Generate', u'dependency': [u'EDRIS_wrapper.egg', u'BaseTask.py'], u'_id': u'54fd98e384a8af25a8fe771d', u'meta_function': u'SPSSystemMock.py', u'parameterOfFunction': {u'functionArguments': {u'setTorque': {u'errorRange': u'2', u'maxValue': u'1500', u'minValue': u'1'}}, u'testArguments': {u'modelName': u'EdrisLibComponents.SystemBases.SystemsBases.BasesSPS.TB_separated_SPS_base', u'simulationSettings': {u'StopTime': u'360000', u'Increment': u'0.5', u'Algorithm': u'8'}, u'results': [{u'sdfName': u't_P_cont', u'quantity': u'Time', u'unit': u's', u'signalName': u'Time'}, {u'sdfName': u'i_DC_P_cont', u'quantity': u'Current', u'unit': u'A', u'signalName': u'_signalBus_Main.batteryBus.general.current'}, {u'sdfName': u'i_ACRMS_P_cont', u'quantity': u'Current', u'unit': u'A', u'signalName': u'_signalBus_Main.electricMachine1Bus.general.currentRMS'}, {u'sdfName': u'v_P_cont', u'quantity': u'Voltage', u'unit': u'V', u'signalName': u'_signalBus_Main.batteryBus.general.voltage'}, {u'sdfName': u'P_cont', u'quantity': u'Power', u'unit': u'W', u'signalName': u'_signalBus_Main.electricMachine1Bus.general.powerMech'}, {u'sdfName': u'SOC_end_cont', u'signalName': u'_signalBus_Main.batteryBus.general.SOC'}, {u'sdfName': u'derating_cont', u'signalName': u'summarySystemSPS.deratingStatus'}], u'parameters': {u'setRci': u'0.1', u'setTemp': u'-10', u'setTorqueTolerance': u'0.5', u'HV_consumption': u'0', u'setSpeed': u'500', u'RCIend_terminate': u'0.0001', u'timeOffset': u'0.2'}}}}, u'_id': u'54fd98e984a8af02b0312f0d', u'result': u'', u'log': u'{\'errorLog\': \'Traceback (most recent call last):\\n  File &quot;C:\\\\EdrisAscent\\\\EDRISAuto\\\\trunk\\\\EDRIS_Management\\\\EDRIS_Worker_devel\\\\edris_worker\\\\Pool.py&quot;, line 104, in run_task\\n    raise ValueError(u&quot;Json load problem for the following strings:&quot; + unicode(result))\\nValueError: Json load problem for the following strings:\\n\'}'}) returning: False&#10;TaskController.BaseClass.Controller: INFO: 2015-03-09 13:58:21.634000: Entering on_receive(self=&lt;TaskController.BaseClass.Controller.MetataskExecute object at 0x0518D5B0&gt;, message={'failed': {u'status': 2, u'message': {u'taskGenerateName': u'TB Steadystate Generate', u'dependency': [u'EDRIS_wrapper.egg', u'BaseTask.py'], u'_id': u'54fd98e384a8af25a8fe771d', u'meta_function': u'SPSSystemMock.py', u'parameterOfFunction': {u'functionArguments': {u'setTorque': {u'errorRange': u'2', u'maxValue': u'1500', u'minValue': u'1'}}, u'testArguments': {u'modelName': u'EdrisLibComponents.SystemBases.SystemsBases.BasesSPS.TB_separated_SPS_base', u'simulationSettings': {u'StopTime': u'360000', u'Increment': u'0.5', u'Algorithm': u'8'}, u'results': [{u'sdfName': u't_P_cont', u'quantity': u'Time', u'unit': u's', u'signalName': u'Time'}, {u'sdfName': u'i_DC_P_cont', u'quantity': u'Current', u'unit': u'A', u'signalName': u'_signalBus_Main.batteryBus.general.current'}, {u'sdfName': u'i_ACRMS_P_cont', u'quantity': u'Current', u'unit': u'A', u'signalName': u'_signalBus_Main.electricMachine1Bus.general.currentRMS'}, {u'sdfName': u'v_P_cont', u'quantity': u'Voltage', u'unit': u'V', u'signalName': u'_signalBus_Main.batteryBus.general.voltage'}, {u'sdfName': u'P_cont', u'quantity': u'Power', u'unit': u'W', u'signalName': u'_signalBus_Main.electricMachine1Bus.general.powerMech'}, {u'sdfName': u'SOC_end_cont', u'signalName': u'_signalBus_Main.batteryBus.general.SOC'}, {u'sdfName': u'derating_cont', u'signalName': u'summarySystemSPS.deratingStatus'}], u'parameters': {u'setRci': u'0.1', u'setTemp': u'-10', u'setTorqueTolerance': u'0.5', u'HV_consumption': u'0', u'setSpeed': u'500', u'RCIend_terminate': u'0.0001', u'timeOffset': u'0.2'}}}}, u'_id': u'54fd98e984a8af02b0312f0d', u'result': u'', u'log': u'{\'errorLog\': \'Traceback (most recent call last):\\n  File &quot;C:\\\\EdrisAscent\\\\EDRISAuto\\\\trunk\\\\EDRIS_Management\\\\EDRIS_Worker_devel\\\\edris_worker\\\\Pool.py&quot;, line 104, in run_task\\n    raise ValueError(u&quot;Json load problem for the following strings:&quot; + unicode(result))\\nValueError: Json load problem for the following strings:\\n\'}'}})&#10;TaskController.BaseClass.Controller: INFO: 2015-03-09 13:58:21.635000: Entering __achiev(self=&lt;TaskController.BaseClass.Controller.MetataskExecute object at 0x0518D5B0&gt;, result={u'status': 2, u'message': {u'taskGenerateName': u'TB Steadystate Generate', u'dependency': [u'EDRIS_wrapper.egg', u'BaseTask.py'], u'_id': u'54fd98e384a8af25a8fe771d', u'meta_function': u'SPSSystemMock.py', u'parameterOfFunction': {u'functionArguments': {u'setTorque': {u'errorRange': u'2', u'maxValue': u'1500', u'minValue': u'1'}}, u'testArguments': {u'modelName': u'EdrisLibComponents.SystemBases.SystemsBases.BasesSPS.TB_separated_SPS_base', u'simulationSettings': {u'StopTime': u'360000', u'Increment': u'0.5', u'Algorithm': u'8'}, u'results': [{u'sdfName': u't_P_cont', u'quantity': u'Time', u'unit': u's', u'signalName': u'Time'}, {u'sdfName': u'i_DC_P_cont', u'quantity': u'Current', u'unit': u'A', u'signalName': u'_signalBus_Main.batteryBus.general.current'}, {u'sdfName': u'i_ACRMS_P_cont', u'quantity': u'Current', u'unit': u'A', u'signalName': u'_signalBus_Main.electricMachine1Bus.general.currentRMS'}, {u'sdfName': u'v_P_cont', u'quantity': u'Voltage', u'unit': u'V', u'signalName': u'_signalBus_Main.batteryBus.general.voltage'}, {u'sdfName': u'P_cont', u'quantity': u'Power', u'unit': u'W', u'signalName': u'_signalBus_Main.electricMachine1Bus.general.powerMech'}, {u'sdfName': u'SOC_end_cont', u'signalName': u'_signalBus_Main.batteryBus.general.SOC'}, {u'sdfName': u'derating_cont', u'signalName': u'summarySystemSPS.deratingStatus'}], u'parameters': {u'setRci': u'0.1', u'setTemp': u'-10', u'setTorqueTolerance': u'0.5', u'HV_consumption': u'0', u'setSpeed': u'500', u'RCIend_terminate': u'0.0001', u'timeOffset': u'0.2'}}}}, u'_id': u'54fd98e984a8af02b0312f0d', u'result': u'', u'log': u'{\'errorLog\': \'Traceback (most recent call last):\\n  File &quot;C:\\\\EdrisAscent\\\\EDRISAuto\\\\trunk\\\\EDRIS_Management\\\\EDRIS_Worker_devel\\\\edris_worker\\\\Pool.py&quot;, line 104, in run_task\\n    raise ValueError(u&quot;Json load problem for the following strings:&quot; + unicode(result))\\nValueError: Json load problem for the following strings:\\n\'}'}, status=1)&#10;TaskController.BaseClass.Controller: INFO: 2015-03-09 13:58:21.637000: Exiting __achiev(self=&lt;TaskController.BaseClass.Controller.MetataskExecute object at 0x0518D5B0&gt;, result={u'status': 2, u'message': {u'taskGenerateName': u'TB Steadystate Generate', u'dependency': [u'EDRIS_wrapper.egg', u'BaseTask.py'], u'_id': u'54fd98e384a8af25a8fe771d', u'meta_function': u'SPSSystemMock.py', u'parameterOfFunction': {u'functionArguments': {u'setTorque': {u'errorRange': u'2', u'maxValue': u'1500', u'minValue': u'1'}}, u'testArguments': {u'modelName': u'EdrisLibComponents.SystemBases.SystemsBases.BasesSPS.TB_separated_SPS_base', u'simulationSettings': {u'StopTime': u'360000', u'Increment': u'0.5', u'Algorithm': u'8'}, u'results': [{u'sdfName': u't_P_cont', u'quantity': u'Time', u'unit': u's', u'signalName': u'Time'}, {u'sdfName': u'i_DC_P_cont', u'quantity': u'Current', u'unit': u'A', u'signalName': u'_signalBus_Main.batteryBus.general.current'}, {u'sdfName': u'i_ACRMS_P_cont', u'quantity': u'Current', u'unit': u'A', u'signalName': u'_signalBus_Main.electricMachine1Bus.general.currentRMS'}, {u'sdfName': u'v_P_cont', u'quantity': u'Voltage', u'unit': u'V', u'signalName': u'_signalBus_Main.batteryBus.general.voltage'}, {u'sdfName': u'P_cont', u'quantity': u'Power', u'unit': u'W', u'signalName': u'_signalBus_Main.electricMachine1Bus.general.powerMech'}, {u'sdfName': u'SOC_end_cont', u'signalName': u'_signalBus_Main.batteryBus.general.SOC'}, {u'sdfName': u'derating_cont', u'signalName': u'summarySystemSPS.deratingStatus'}], u'parameters': {u'setRci': u'0.1', u'setTemp': u'-10', u'setTorqueTolerance': u'0.5', u'HV_consumption': u'0', u'setSpeed': u'500', u'RCIend_terminate': u'0.0001', u'timeOffset': u'0.2'}}}}, u'_id': u'54fd98e984a8af02b0312f0d', u'result': u'', u'log': u'{\'errorLog\': \'Traceback (most recent call last):\\n  File &quot;C:\\\\EdrisAscent\\\\EDRISAuto\\\\trunk\\\\EDRIS_Management\\\\EDRIS_Worker_devel\\\\edris_worker\\\\Pool.py&quot;, line 104, in run_task\\n    raise ValueError(u&quot;Json load problem for the following strings:&quot; + unicode(result))\\nValueError: Json load problem for the following strings:\\n\'}'}, status=1) returning: None&#10;TaskController.BaseClass.Controller: INFO: 2015-03-09 13:58:21.637000: Entering __achieve(self=&lt;TaskController.BaseClass.Controller.Controller object at 0x05175F70&gt;, r={u'status': 2, u'message': {u'taskGenerateName': u'TB Steadystate Generate', u'dependency': [u'EDRIS_wrapper.egg', u'BaseTask.py'], u'_id': u'54fd98e384a8af25a8fe771f', u'meta_function': u'SPSSystemMock.py', u'parameterOfFunction': {u'functionArguments': {u'setTorque': {u'errorRange': u'2', u'maxValue': u'1500', u'minValue': u'1'}}, u'testArguments': {u'modelName': u'EdrisLibComponents.SystemBases.SystemsBases.BasesSPS.TB_separated_SPS_base', u'simulationSettings': {u'StopTime': u'360000', u'Increment': u'0.5', u'Algorithm': u'8'}, u'results': [{u'sdfName': u't_P_cont', u'quantity': u'Time', u'unit': u's', u'signalName': u'Time'}, {u'sdfName': u'i_DC_P_cont', u'quantity': u'Current', u'unit': u'A', u'signalName': u'_signalBus_Main.batteryBus.general.current'}, {u'sdfName': u'i_ACRMS_P_cont', u'quantity': u'Current', u'unit': u'A', u'signalName': u'_signalBus_Main.electricMachine1Bus.general.currentRMS'}, {u'sdfName': u'v_P_cont', u'quantity': u'Voltage', u'unit': u'V', u'signalName': u'_signalBus_Main.batteryBus.general.voltage'}, {u'sdfName': u'P_cont', u'quantity': u'Power', u'unit': u'W', u'signalName': u'_signalBus_Main.electricMachine1Bus.general.powerMech'}, {u'sdfName': u'SOC_end_cont', u'signalName': u'_signalBus_Main.batteryBus.general.SOC'}, {u'sdfName': u'derating_cont', u'signalName': u'summarySystemSPS.deratingStatus'}], u'parameters': {u'setRci': u'0.1', u'setTemp': u'-10', u'setTorqueTolerance': u'0.5', u'HV_consumption': u'0', u'setSpeed': u'1000', u'RCIend_terminate': u'0.0001', u'timeOffset': u'0.2'}}}}, u'_id': u'54fd98e984a8af02b0312f0e', u'result': u'', u'log': u'{\'errorLog\': \'Traceback (most recent call last):\\n  File &quot;C:\\\\EdrisAscent\\\\EDRISAuto\\\\trunk\\\\EDRIS_Management\\\\EDRIS_Worker_devel\\\\edris_worker\\\\Pool.py&quot;, line 104, in run_task\\n    raise ValueError(u&quot;Json load problem for the following strings:&quot; + unicode(result))\\nValueError: Json load problem for the following strings:\\n\'}'})&#10;TaskController.BaseClass.Controller: INFO: 2015-03-09 13:58:21.638000: Exiting on_receive(self=&lt;TaskController.BaseClass.Controller.MetataskExecute object at 0x0518D5B0&gt;, message={'failed': {u'status': 2, u'message': {u'taskGenerateName': u'TB Steadystate Generate', u'dependency': [u'EDRIS_wrapper.egg', u'BaseTask.py'], u'_id': u'54fd98e384a8af25a8fe771d', u'meta_function': u'SPSSystemMock.py', u'parameterOfFunction': {u'functionArguments': {u'setTorque': {u'errorRange': u'2', u'maxValue': u'1500', u'minValue': u'1'}}, u'testArguments': {u'modelName': u'EdrisLibComponents.SystemBases.SystemsBases.BasesSPS.TB_separated_SPS_base', u'simulationSettings': {u'StopTime': u'360000', u'Increment': u'0.5', u'Algorithm': u'8'}, u'results': [{u'sdfName': u't_P_cont', u'quantity': u'Time', u'unit': u's', u'signalName': u'Time'}, {u'sdfName': u'i_DC_P_cont', u'quantity': u'Current', u'unit': u'A', u'signalName': u'_signalBus_Main.batteryBus.general.current'}, {u'sdfName': u'i_ACRMS_P_cont', u'quantity': u'Current', u'unit': u'A', u'signalName': u'_signalBus_Main.electricMachine1Bus.general.currentRMS'}, {u'sdfName': u'v_P_cont', u'quantity': u'Voltage', u'unit': u'V', u'signalName': u'_signalBus_Main.batteryBus.general.voltage'}, {u'sdfName': u'P_cont', u'quantity': u'Power', u'unit': u'W', u'signalName': u'_signalBus_Main.electricMachine1Bus.general.powerMech'}, {u'sdfName': u'SOC_end_cont', u'signalName': u'_signalBus_Main.batteryBus.general.SOC'}, {u'sdfName': u'derating_cont', u'signalName': u'summarySystemSPS.deratingStatus'}], u'parameters': {u'setRci': u'0.1', u'setTemp': u'-10', u'setTorqueTolerance': u'0.5', u'HV_consumption': u'0', u'setSpeed': u'500', u'RCIend_terminate': u'0.0001', u'timeOffset': u'0.2'}}}}, u'_id': u'54fd98e984a8af02b0312f0d', u'result': u'', u'log': u'{\'errorLog\': \'Traceback (most recent call last):\\n  File &quot;C:\\\\EdrisAscent\\\\EDRISAuto\\\\trunk\\\\EDRIS_Management\\\\EDRIS_Worker_devel\\\\edris_worker\\\\Pool.py&quot;, line 104, in run_task\\n    raise ValueError(u&quot;Json load problem for the following strings:&quot; + unicode(result))\\nValueError: Json load problem for the following strings:\\n\'}'}}) returning: None&#10;TaskController.BaseClass.Controller: INFO: 2015-03-09 13:58:21.638000: Exiting __achieve(self=&lt;TaskController.BaseClass.Controller.Controller object at 0x05175F70&gt;, r={u'status': 2, u'message': {u'taskGenerateName': u'TB Steadystate Generate', u'dependency': [u'EDRIS_wrapper.egg', u'BaseTask.py'], u'_id': u'54fd98e384a8af25a8fe771f', u'meta_function': u'SPSSystemMock.py', u'parameterOfFunction': {u'functionArguments': {u'setTorque': {u'errorRange': u'2', u'maxValue': u'1500', u'minValue': u'1'}}, u'testArguments': {u'modelName': u'EdrisLibComponents.SystemBases.SystemsBases.BasesSPS.TB_separated_SPS_base', u'simulationSettings': {u'StopTime': u'360000', u'Increment': u'0.5', u'Algorithm': u'8'}, u'results': [{u'sdfName': u't_P_cont', u'quantity': u'Time', u'unit': u's', u'signalName': u'Time'}, {u'sdfName': u'i_DC_P_cont', u'quantity': u'Current', u'unit': u'A', u'signalName': u'_signalBus_Main.batteryBus.general.current'}, {u'sdfName': u'i_ACRMS_P_cont', u'quantity': u'Current', u'unit': u'A', u'signalName': u'_signalBus_Main.electricMachine1Bus.general.currentRMS'}, {u'sdfName': u'v_P_cont', u'quantity': u'Voltage', u'unit': u'V', u'signalName': u'_signalBus_Main.batteryBus.general.voltage'}, {u'sdfName': u'P_cont', u'quantity': u'Power', u'unit': u'W', u'signalName': u'_signalBus_Main.electricMachine1Bus.general.powerMech'}, {u'sdfName': u'SOC_end_cont', u'signalName': u'_signalBus_Main.batteryBus.general.SOC'}, {u'sdfName': u'derating_cont', u'signalName': u'summarySystemSPS.deratingStatus'}], u'parameters': {u'setRci': u'0.1', u'setTemp': u'-10', u'setTorqueTolerance': u'0.5', u'HV_consumption': u'0', u'setSpeed': u'1000', u'RCIend_terminate': u'0.0001', u'timeOffset': u'0.2'}}}}, u'_id': u'54fd98e984a8af02b0312f0e', u'result': u'', u'log': u'{\'errorLog\': \'Traceback (most recent call last):\\n  File &quot;C:\\\\EdrisAscent\\\\EDRISAuto\\\\trunk\\\\EDRIS_Management\\\\EDRIS_Worker_devel\\\\edris_worker\\\\Pool.py&quot;, line 104, in run_task\\n    raise ValueError(u&quot;Json load problem for the following strings:&quot; + unicode(result))\\nValueError: Json load problem for the following strings:\\n\'}'}) returning: False&#10;TaskController.BaseClass.Controller: INFO: 2015-03-09 13:58:21.639000: Entering on_receive(self=&lt;TaskController.BaseClass.Controller.MetataskExecute object at 0x0518D5B0&gt;, message={'failed': {u'status': 2, u'message': {u'taskGenerateName': u'TB Steadystate Generate', u'dependency': [u'EDRIS_wrapper.egg', u'BaseTask.py'], u'_id': u'54fd98e384a8af25a8fe771f', u'meta_function': u'SPSSystemMock.py', u'parameterOfFunction': {u'functionArguments': {u'setTorque': {u'errorRange': u'2', u'maxValue': u'1500', u'minValue': u'1'}}, u'testArguments': {u'modelName': u'EdrisLibComponents.SystemBases.SystemsBases.BasesSPS.TB_separated_SPS_base', u'simulationSettings': {u'StopTime': u'360000', u'Increment': u'0.5', u'Algorithm': u'8'}, u'results': [{u'sdfName': u't_P_cont', u'quantity': u'Time', u'unit': u's', u'signalName': u'Time'}, {u'sdfName': u'i_DC_P_cont', u'quantity': u'Current', u'unit': u'A', u'signalName': u'_signalBus_Main.batteryBus.general.current'}, {u'sdfName': u'i_ACRMS_P_cont', u'quantity': u'Current', u'unit': u'A', u'signalName': u'_signalBus_Main.electricMachine1Bus.general.currentRMS'}, {u'sdfName': u'v_P_cont', u'quantity': u'Voltage', u'unit': u'V', u'signalName': u'_signalBus_Main.batteryBus.general.voltage'}, {u'sdfName': u'P_cont', u'quantity': u'Power', u'unit': u'W', u'signalName': u'_signalBus_Main.electricMachine1Bus.general.powerMech'}, {u'sdfName': u'SOC_end_cont', u'signalName': u'_signalBus_Main.batteryBus.general.SOC'}, {u'sdfName': u'derating_cont', u'signalName': u'summarySystemSPS.deratingStatus'}], u'parameters': {u'setRci': u'0.1', u'setTemp': u'-10', u'setTorqueTolerance': u'0.5', u'HV_consumption': u'0', u'setSpeed': u'1000', u'RCIend_terminate': u'0.0001', u'timeOffset': u'0.2'}}}}, u'_id': u'54fd98e984a8af02b0312f0e', u'result': u'', u'log': u'{\'errorLog\': \'Traceback (most recent call last):\\n  File &quot;C:\\\\EdrisAscent\\\\EDRISAuto\\\\trunk\\\\EDRIS_Management\\\\EDRIS_Worker_devel\\\\edris_worker\\\\Pool.py&quot;, line 104, in run_task\\n    raise ValueError(u&quot;Json load problem for the following strings:&quot; + unicode(result))\\nValueError: Json load problem for the following strings:\\n\'}'}})&#10;TaskController.BaseClass.Controller: INFO: 2015-03-09 13:58:21.640000: Entering __achiev(self=&lt;TaskController.BaseClass.Controller.MetataskExecute object at 0x0518D5B0&gt;, result={u'status': 2, u'message': {u'taskGenerateName': u'TB Steadystate Generate', u'dependency': [u'EDRIS_wrapper.egg', u'BaseTask.py'], u'_id': u'54fd98e384a8af25a8fe771f', u'meta_function': u'SPSSystemMock.py', u'parameterOfFunction': {u'functionArguments': {u'setTorque': {u'errorRange': u'2', u'maxValue': u'1500', u'minValue': u'1'}}, u'testArguments': {u'modelName': u'EdrisLibComponents.SystemBases.SystemsBases.BasesSPS.TB_separated_SPS_base', u'simulationSettings': {u'StopTime': u'360000', u'Increment': u'0.5', u'Algorithm': u'8'}, u'results': [{u'sdfName': u't_P_cont', u'quantity': u'Time', u'unit': u's', u'signalName': u'Time'}, {u'sdfName': u'i_DC_P_cont', u'quantity': u'Current', u'unit': u'A', u'signalName': u'_signalBus_Main.batteryBus.general.current'}, {u'sdfName': u'i_ACRMS_P_cont', u'quantity': u'Current', u'unit': u'A', u'signalName': u'_signalBus_Main.electricMachine1Bus.general.currentRMS'}, {u'sdfName': u'v_P_cont', u'quantity': u'Voltage', u'unit': u'V', u'signalName': u'_signalBus_Main.batteryBus.general.voltage'}, {u'sdfName': u'P_cont', u'quantity': u'Power', u'unit': u'W', u'signalName': u'_signalBus_Main.electricMachine1Bus.general.powerMech'}, {u'sdfName': u'SOC_end_cont', u'signalName': u'_signalBus_Main.batteryBus.general.SOC'}, {u'sdfName': u'derating_cont', u'signalName': u'summarySystemSPS.deratingStatus'}], u'parameters': {u'setRci': u'0.1', u'setTemp': u'-10', u'setTorqueTolerance': u'0.5', u'HV_consumption': u'0', u'setSpeed': u'1000', u'RCIend_terminate': u'0.0001', u'timeOffset': u'0.2'}}}}, u'_id': u'54fd98e984a8af02b0312f0e', u'result': u'', u'log': u'{\'errorLog\': \'Traceback (most recent call last):\\n  File &quot;C:\\\\EdrisAscent\\\\EDRISAuto\\\\trunk\\\\EDRIS_Management\\\\EDRIS_Worker_devel\\\\edris_worker\\\\Pool.py&quot;, line 104, in run_task\\n    raise ValueError(u&quot;Json load problem for the following strings:&quot; + unicode(result))\\nValueError: Json load problem for the following strings:\\n\'}'}, status=1)&#10;TaskController.BaseClass.Controller: INFO: 2015-03-09 13:58:21.641000: Exiting __achiev(self=&lt;TaskController.BaseClass.Controller.MetataskExecute object at 0x0518D5B0&gt;, result={u'status': 2, u'message': {u'taskGenerateName': u'TB Steadystate Generate', u'dependency': [u'EDRIS_wrapper.egg', u'BaseTask.py'], u'_id': u'54fd98e384a8af25a8fe771f', u'meta_function': u'SPSSystemMock.py', u'parameterOfFunction': {u'functionArguments': {u'setTorque': {u'errorRange': u'2', u'maxValue': u'1500', u'minValue': u'1'}}, u'testArguments': {u'modelName': u'EdrisLibComponents.SystemBases.SystemsBases.BasesSPS.TB_separated_SPS_base', u'simulationSettings': {u'StopTime': u'360000', u'Increment': u'0.5', u'Algorithm': u'8'}, u'results': [{u'sdfName': u't_P_cont', u'quantity': u'Time', u'unit': u's', u'signalName': u'Time'}, {u'sdfName': u'i_DC_P_cont', u'quantity': u'Current', u'unit': u'A', u'signalName': u'_signalBus_Main.batteryBus.general.current'}, {u'sdfName': u'i_ACRMS_P_cont', u'quantity': u'Current', u'unit': u'A', u'signalName': u'_signalBus_Main.electricMachine1Bus.general.currentRMS'}, {u'sdfName': u'v_P_cont', u'quantity': u'Voltage', u'unit': u'V', u'signalName': u'_signalBus_Main.batteryBus.general.voltage'}, {u'sdfName': u'P_cont', u'quantity': u'Power', u'unit': u'W', u'signalName': u'_signalBus_Main.electricMachine1Bus.general.powerMech'}, {u'sdfName': u'SOC_end_cont', u'signalName': u'_signalBus_Main.batteryBus.general.SOC'}, {u'sdfName': u'derating_cont', u'signalName': u'summarySystemSPS.deratingStatus'}], u'parameters': {u'setRci': u'0.1', u'setTemp': u'-10', u'setTorqueTolerance': u'0.5', u'HV_consumption': u'0', u'setSpeed': u'1000', u'RCIend_terminate': u'0.0001', u'timeOffset': u'0.2'}}}}, u'_id': u'54fd98e984a8af02b0312f0e', u'result': u'', u'log': u'{\'errorLog\': \'Traceback (most recent call last):\\n  File &quot;C:\\\\EdrisAscent\\\\EDRISAuto\\\\trunk\\\\EDRIS_Management\\\\EDRIS_Worker_devel\\\\edris_worker\\\\Pool.py&quot;, line 104, in run_task\\n    raise ValueError(u&quot;Json load problem for the following strings:&quot; + unicode(result))\\nValueError: Json load problem for the following strings:\\n\'}'}, status=1) returning: None&#10;TaskController.BaseClass.Controller: INFO: 2015-03-09 13:58:21.642000: Entering __achieve(self=&lt;TaskController.BaseClass.Controller.Controller object at 0x05175F70&gt;, r={u'status': 2, u'message': {u'taskGenerateName': u'TB Steadystate Generate', u'dependency': [u'EDRIS_wrapper.egg', u'BaseTask.py'], u'_id': u'54fd98e384a8af25a8fe7724', u'meta_function': u'SPSSystemMock.py', u'parameterOfFunction': {u'functionArguments': {u'setTorque': {u'errorRange': u'2', u'maxValue': u'1500', u'minValue': u'1'}}, u'testArguments': {u'modelName': u'EdrisLibComponents.SystemBases.SystemsBases.BasesSPS.TB_separated_SPS_base', u'simulationSettings': {u'StopTime': u'360000', u'Increment': u'0.5', u'Algorithm': u'8'}, u'results': [{u'sdfName': u't_P_cont', u'quantity': u'Time', u'unit': u's', u'signalName': u'Time'}, {u'sdfName': u'i_DC_P_cont', u'quantity': u'Current', u'unit': u'A', u'signalName': u'_signalBus_Main.batteryBus.general.current'}, {u'sdfName': u'i_ACRMS_P_cont', u'quantity': u'Current', u'unit': u'A', u'signalName': u'_signalBus_Main.electricMachine1Bus.general.currentRMS'}, {u'sdfName': u'v_P_cont', u'quantity': u'Voltage', u'unit': u'V', u'signalName': u'_signalBus_Main.batteryBus.general.voltage'}, {u'sdfName': u'P_cont', u'quantity': u'Power', u'unit': u'W', u'signalName': u'_signalBus_Main.electricMachine1Bus.general.powerMech'}, {u'sdfName': u'SOC_end_cont', u'signalName': u'_signalBus_Main.batteryBus.general.SOC'}, {u'sdfName': u'derating_cont', u'signalName': u'summarySystemSPS.deratingStatus'}], u'parameters': {u'setRci': u'0.6', u'setTemp': u'40', u'setTorqueTolerance': u'0.5', u'HV_consumption': u'0', u'setSpeed': u'1000', u'RCIend_terminate': u'0.0001', u'timeOffset': u'0.2'}}}}, u'_id': u'54fd98e984a8af02b0312f0f', u'result': u'', u'log': u'{\'errorLog\': \'Traceback (most recent call last):\\n  File &quot;C:\\\\EdrisAscent\\\\EDRISAuto\\\\trunk\\\\EDRIS_Management\\\\EDRIS_Worker_devel\\\\edris_worker\\\\Pool.py&quot;, line 104, in run_task\\n    raise ValueError(u&quot;Json load problem for the following strings:&quot; + unicode(result))\\nValueError: Json load problem for the following strings:\\n\'}'})&#10;TaskController.BaseClass.Controller: INFO: 2015-03-09 13:58:21.642000: Exiting on_receive(self=&lt;TaskController.BaseClass.Controller.MetataskExecute object at 0x0518D5B0&gt;, message={'failed': {u'status': 2, u'message': {u'taskGenerateName': u'TB Steadystate Generate', u'dependency': [u'EDRIS_wrapper.egg', u'BaseTask.py'], u'_id': u'54fd98e384a8af25a8fe771f', u'meta_function': u'SPSSystemMock.py', u'parameterOfFunction': {u'functionArguments': {u'setTorque': {u'errorRange': u'2', u'maxValue': u'1500', u'minValue': u'1'}}, u'testArguments': {u'modelName': u'EdrisLibComponents.SystemBases.SystemsBases.BasesSPS.TB_separated_SPS_base', u'simulationSettings': {u'StopTime': u'360000', u'Increment': u'0.5', u'Algorithm': u'8'}, u'results': [{u'sdfName': u't_P_cont', u'quantity': u'Time', u'unit': u's', u'signalName': u'Time'}, {u'sdfName': u'i_DC_P_cont', u'quantity': u'Current', u'unit': u'A', u'signalName': u'_signalBus_Main.batteryBus.general.current'}, {u'sdfName': u'i_ACRMS_P_cont', u'quantity': u'Current', u'unit': u'A', u'signalName': u'_signalBus_Main.electricMachine1Bus.general.currentRMS'}, {u'sdfName': u'v_P_cont', u'quantity': u'Voltage', u'unit': u'V', u'signalName': u'_signalBus_Main.batteryBus.general.voltage'}, {u'sdfName': u'P_cont', u'quantity': u'Power', u'unit': u'W', u'signalName': u'_signalBus_Main.electricMachine1Bus.general.powerMech'}, {u'sdfName': u'SOC_end_cont', u'signalName': u'_signalBus_Main.batteryBus.general.SOC'}, {u'sdfName': u'derating_cont', u'signalName': u'summarySystemSPS.deratingStatus'}], u'parameters': {u'setRci': u'0.1', u'setTemp': u'-10', u'setTorqueTolerance': u'0.5', u'HV_consumption': u'0', u'setSpeed': u'1000', u'RCIend_terminate': u'0.0001', u'timeOffset': u'0.2'}}}}, u'_id': u'54fd98e984a8af02b0312f0e', u'result': u'', u'log': u'{\'errorLog\': \'Traceback (most recent call last):\\n  File &quot;C:\\\\EdrisAscent\\\\EDRISAuto\\\\trunk\\\\EDRIS_Management\\\\EDRIS_Worker_devel\\\\edris_worker\\\\Pool.py&quot;, line 104, in run_task\\n    raise ValueError(u&quot;Json load problem for the following strings:&quot; + unicode(result))\\nValueError: Json load problem for the following strings:\\n\'}'}}) returning: None&#10;TaskController.BaseClass.Controller: INFO: 2015-03-09 13:58:21.642000: Exiting __achieve(self=&lt;TaskController.BaseClass.Controller.Controller object at 0x05175F70&gt;, r={u'status': 2, u'message': {u'taskGenerateName': u'TB Steadystate Generate', u'dependency': [u'EDRIS_wrapper.egg', u'BaseTask.py'], u'_id': u'54fd98e384a8af25a8fe7724', u'meta_function': u'SPSSystemMock.py', u'parameterOfFunction': {u'functionArguments': {u'setTorque': {u'errorRange': u'2', u'maxValue': u'1500', u'minValue': u'1'}}, u'testArguments': {u'modelName': u'EdrisLibComponents.SystemBases.SystemsBases.BasesSPS.TB_separated_SPS_base', u'simulationSettings': {u'StopTime': u'360000', u'Increment': u'0.5', u'Algorithm': u'8'}, u'results': [{u'sdfName': u't_P_cont', u'quantity': u'Time', u'unit': u's', u'signalName': u'Time'}, {u'sdfName': u'i_DC_P_cont', u'quantity': u'Current', u'unit': u'A', u'signalName': u'_signalBus_Main.batteryBus.general.current'}, {u'sdfName': u'i_ACRMS_P_cont', u'quantity': u'Current', u'unit': u'A', u'signalName': u'_signalBus_Main.electricMachine1Bus.general.currentRMS'}, {u'sdfName': u'v_P_cont', u'quantity': u'Voltage', u'unit': u'V', u'signalName': u'_signalBus_Main.batteryBus.general.voltage'}, {u'sdfName': u'P_cont', u'quantity': u'Power', u'unit': u'W', u'signalName': u'_signalBus_Main.electricMachine1Bus.general.powerMech'}, {u'sdfName': u'SOC_end_cont', u'signalName': u'_signalBus_Main.batteryBus.general.SOC'}, {u'sdfName': u'derating_cont', u'signalName': u'summarySystemSPS.deratingStatus'}], u'parameters': {u'setRci': u'0.6', u'setTemp': u'40', u'setTorqueTolerance': u'0.5', u'HV_consumption': u'0', u'setSpeed': u'1000', u'RCIend_terminate': u'0.0001', u'timeOffset': u'0.2'}}}}, u'_id': u'54fd98e984a8af02b0312f0f', u'result': u'', u'log': u'{\'errorLog\': \'Traceback (most recent call last):\\n  File &quot;C:\\\\EdrisAscent\\\\EDRISAuto\\\\trunk\\\\EDRIS_Management\\\\EDRIS_Worker_devel\\\\edris_worker\\\\Pool.py&quot;, line 104, in run_task\\n    raise ValueError(u&quot;Json load problem for the following strings:&quot; + unicode(result))\\nValueError: Json load problem for the following strings:\\n\'}'}) returning: False&#10;TaskController.BaseClass.Controller: INFO: 2015-03-09 13:58:21.643000: Entering on_receive(self=&lt;TaskController.BaseClass.Controller.MetataskExecute object at 0x0518D5B0&gt;, message={'failed': {u'status': 2, u'message': {u'taskGenerateName': u'TB Steadystate Generate', u'dependency': [u'EDRIS_wrapper.egg', u'BaseTask.py'], u'_id': u'54fd98e384a8af25a8fe7724', u'meta_function': u'SPSSystemMock.py', u'parameterOfFunction': {u'functionArguments': {u'setTorque': {u'errorRange': u'2', u'maxValue': u'1500', u'minValue': u'1'}}, u'testArguments': {u'modelName': u'EdrisLibComponents.SystemBases.SystemsBases.BasesSPS.TB_separated_SPS_base', u'simulationSettings': {u'StopTime': u'360000', u'Increment': u'0.5', u'Algorithm': u'8'}, u'results': [{u'sdfName': u't_P_cont', u'quantity': u'Time', u'unit': u's', u'signalName': u'Time'}, {u'sdfName': u'i_DC_P_cont', u'quantity': u'Current', u'unit': u'A', u'signalName': u'_signalBus_Main.batteryBus.general.current'}, {u'sdfName': u'i_ACRMS_P_cont', u'quantity': u'Current', u'unit': u'A', u'signalName': u'_signalBus_Main.electricMachine1Bus.general.currentRMS'}, {u'sdfName': u'v_P_cont', u'quantity': u'Voltage', u'unit': u'V', u'signalName': u'_signalBus_Main.batteryBus.general.voltage'}, {u'sdfName': u'P_cont', u'quantity': u'Power', u'unit': u'W', u'signalName': u'_signalBus_Main.electricMachine1Bus.general.powerMech'}, {u'sdfName': u'SOC_end_cont', u'signalName': u'_signalBus_Main.batteryBus.general.SOC'}, {u'sdfName': u'derating_cont', u'signalName': u'summarySystemSPS.deratingStatus'}], u'parameters': {u'setRci': u'0.6', u'setTemp': u'40', u'setTorqueTolerance': u'0.5', u'HV_consumption': u'0', u'setSpeed': u'1000', u'RCIend_terminate': u'0.0001', u'timeOffset': u'0.2'}}}}, u'_id': u'54fd98e984a8af02b0312f0f', u'result': u'', u'log': u'{\'errorLog\': \'Traceback (most recent call last):\\n  File &quot;C:\\\\EdrisAscent\\\\EDRISAuto\\\\trunk\\\\EDRIS_Management\\\\EDRIS_Worker_devel\\\\edris_worker\\\\Pool.py&quot;, line 104, in run_task\\n    raise ValueError(u&quot;Json load problem for the following strings:&quot; + unicode(result))\\nValueError: Json load problem for the following strings:\\n\'}'}})&#10;TaskController.BaseClass.Controller: INFO: 2015-03-09 13:58:21.644000: Entering __achiev(self=&lt;TaskController.BaseClass.Controller.MetataskExecute object at 0x0518D5B0&gt;, result={u'status': 2, u'message': {u'taskGenerateName': u'TB Steadystate Generate', u'dependency': [u'EDRIS_wrapper.egg', u'BaseTask.py'], u'_id': u'54fd98e384a8af25a8fe7724', u'meta_function': u'SPSSystemMock.py', u'parameterOfFunction': {u'functionArguments': {u'setTorque': {u'errorRange': 
[...]
ge\'}, {u\'sdfName\': u\'P_cont\', u\'quantity\': u\'Power\', u\'unit\': u\'W\', u\'signalName\': u\'_signalBus_Main.electricMachine1Bus.general.powerMech\'}, {u\'sdfName\': u\'SOC_end_cont\', u\'signalName\': u\'_signalBus_Main.batteryBus.general.SOC\'}, {u\'sdfName\': u\'derating_cont\', u\'signalName\': u\'summarySystemSPS.deratingStatus\'}], u\'parameters\': {u\'setRci\': u\'0.6\', u\'setTemp\': u\'-10\', u\'setTorqueTolerance\': u\'0.5\', u\'HV_consumption\': u\'0\', u\'setSpeed\': u\'500\', u\'RCIend_terminate\': u\'0.0001\', u\'timeOffset\': u\'0.2\'}}}, u\'meta_function\': u\'SPSSystemMock.py\', u\'dependency\': [u\'EDRIS_wrapper.egg\', u\'BaseTask.py\']}, \'result\': u\'\', \'log\': u\'{\\\'errorLog\\\': \\\'Traceback (most recent call last):\\\\n  File "C:\\\\\\\\EdrisAscent\\\\\\\\EDRISAuto\\\\\\\\trunk\\\\\\\\EDRIS_Management\\\\\\\\EDRIS_Worker_devel\\\\\\\\edris_worker\\\\\\\\Pool.py", line 104, in run_task\\\\n    raise ValueError(u"Json load problem for the following strings:" + unicode(result))\\\\nValueError: Json load problem for the following strings:\\\\n\\\'}\'}, {\'status\': 1, \'message\': {u\'taskGenerateName\': u\'TB Steadystate Generate\', u\'parameterOfFunction\': {u\'functionArguments\': {u\'setTorque\': {u\'errorRange\': u\'2\', u\'maxValue\': u\'1500\', u\'minValue\': u\'1\'}}, u\'testArguments\': {u\'modelName\': u\'EdrisLibComponents.SystemBases.SystemsBases.BasesSPS.TB_separated_SPS_base\', u\'simulationSettings\': {u\'StopTime\': u\'360000\', u\'Increment\': u\'0.5\', u\'Algorithm\': u\'8\'}, u\'results\': [{u\'sdfName\': u\'t_P_cont\', u\'quantity\': u\'Time\', u\'unit\': u\'s\', u\'signalName\': u\'Time\'}, {u\'sdfName\': u\'i_DC_P_cont\', u\'quantity\': u\'Current\', u\'unit\': u\'A\', u\'signalName\': u\'_signalBus_Main.batteryBus.general.current\'}, {u\'sdfName\': u\'i_ACRMS_P_cont\', u\'quantity\': u\'Current\', u\'unit\': u\'A\', u\'signalName\': u\'_signalBus_Main.electricMachine1Bus.general.currentRMS\'}, {u\'sdfName\': u\'v_P_cont\', u\'quantity\': u\'Voltage\', u\'unit\': u\'V\', u\'signalName\': u\'_signalBus_Main.batteryBus.general.voltage\'}, {u\'sdfName\': u\'P_cont\', u\'quantity\': u\'Power\', u\'unit\': u\'W\', u\'signalName\': u\'_signalBus_Main.electricMachine1Bus.general.powerMech\'}, {u\'sdfName\': u\'SOC_end_cont\', u\'signalName\': u\'_signalBus_Main.batteryBus.general.SOC\'}, {u\'sdfName\': u\'derating_cont\', u\'signalName\': u\'summarySystemSPS.deratingStatus\'}], u\'parameters\': {u\'setRci\': u\'0.1\', u\'setTemp\': u\'-10\', u\'setTorqueTolerance\': u\'0.5\', u\'HV_consumption\': u\'0\', u\'setSpeed\': u\'1000\', u\'RCIend_terminate\': u\'0.0001\', u\'timeOffset\': u\'0.2\'}}}, u\'meta_function\': u\'SPSSystemMock.py\', u\'dependency\': [u\'EDRIS_wrapper.egg\', u\'BaseTask.py\']}, \'result\': u\'\', \'log\': u\'{\\\'errorLog\\\': \\\'Traceback (most recent call last):\\\\n  File "C:\\\\\\\\EdrisAscent\\\\\\\\EDRISAuto\\\\\\\\trunk\\\\\\\\EDRIS_Management\\\\\\\\EDRIS_Worker_devel\\\\\\\\edris_worker\\\\\\\\Pool.py", line 104, in run_task\\\\n    raise ValueError(u"Json load problem for the following strings:" + unicode(result))\\\\nValueError: Json load problem for the following strings:\\\\n\\\'}\'}, {\'status\': 1, \'message\': {u\'taskGenerateName\': u\'TB Steadystate Generate\', u\'parameterOfFunction\': {u\'functionArguments\': {u\'setTorque\': {u\'errorRange\': u\'2\', u\'maxValue\': u\'1500\', u\'minValue\': u\'1\'}}, u\'testArguments\': {u\'modelName\': u\'EdrisLibComponents.SystemBases.SystemsBases.BasesSPS.TB_separated_SPS_base\', u\'simulationSettings\': {u\'StopTime\': u\'360000\', u\'Increment\': u\'0.5\', u\'Algorithm\': u\'8\'}, u\'results\': [{u\'sdfName\': u\'t_P_cont\', u\'quantity\': u\'Time\', u\'unit\': u\'s\', u\'signalName\': u\'Time\'}, {u\'sdfName\': u\'i_DC_P_cont\', u\'quantity\': u\'Current\', u\'unit\': u\'A\', u\'signalName\': u\'_signalBus_Main.batteryBus.general.current\'}, {u\'sdfName\': u\'i_ACRMS_P_cont\', u\'quantity\': u\'Current\', u\'unit\': u\'A\', u\'signalName\': u\'_signalBus_Main.electricMachine1Bus.general.currentRMS\'}, {u\'sdfName\': u\'v_P_cont\', u\'quantity\': u\'Voltage\', u\'unit\': u\'V\', u\'signalName\': u\'_signalBus_Main.batteryBus.general.voltage\'}, {u\'sdfName\': u\'P_cont\', u\'quantity\': u\'Power\', u\'unit\': u\'W\', u\'signalName\': u\'_signalBus_Main.electricMachine1Bus.general.powerMech\'}, {u\'sdfName\': u\'SOC_end_cont\', u\'signalName\': u\'_signalBus_Main.batteryBus.general.SOC\'}, {u\'sdfName\': u\'derating_cont\', u\'signalName\': u\'summarySystemSPS.deratingStatus\'}], u\'parameters\': {u\'setRci\': u\'0.6\', u\'setTemp\': u\'-10\', u\'setTorqueTolerance\': u\'0.5\', u\'HV_consumption\': u\'0\', u\'setSpeed\': u\'1000\', u\'RCIend_terminate\': u\'0.0001\', u\'timeOffset\': u\'0.2\'}}}, u\'meta_function\': u\'SPSSystemMock.py\', u\'dependency\': [u\'EDRIS_wrapper.egg\', u\'BaseTask.py\']}, \'result\': u\'\', \'log\': u\'{\\\'errorLog\\\': \\\'Traceback (most recent call last):\\\\n  File "C:\\\\\\\\EdrisAscent\\\\\\\\EDRISAuto\\\\\\\\trunk\\\\\\\\EDRIS_Management\\\\\\\\EDRIS_Worker_devel\\\\\\\\edris_worker\\\\\\\\Pool.py", line 104, in run_task\\\\n    raise ValueError(u"Json load problem for the following strings:" + unicode(result))\\\\nValueError: Json load problem for the following strings:\\\\n\\\'}\'}, {\'status\': 1, \'message\': {u\'taskGenerateName\': u\'TB Steadystate Generate\', u\'parameterOfFunction\': {u\'functionArguments\': {u\'setTorque\': {u\'errorRange\': u\'2\', u\'maxValue\': u\'1500\', u\'minValue\': u\'1\'}}, u\'testArguments\': {u\'modelName\': u\'EdrisLibComponents.SystemBases.SystemsBases.BasesSPS.TB_separated_SPS_base\', u\'simulationSettings\': {u\'StopTime\': u\'360000\', u\'Increment\': u\'0.5\', u\'Algorithm\': u\'8\'}, u\'results\': [{u\'sdfName\': u\'t_P_cont\', u\'quantity\': u\'Time\', u\'unit\': u\'s\', u\'signalName\': u\'Time\'}, {u\'sdfName\': u\'i_DC_P_cont\', u\'quantity\': u\'Current\', u\'unit\': u\'A\', u\'signalName\': u\'_signalBus_Main.batteryBus.general.current\'}, {u\'sdfName\': u\'i_ACRMS_P_cont\', u\'quantity\': u\'Current\', u\'unit\': u\'A\', u\'signalName\': u\'_signalBus_Main.electricMachine1Bus.general.currentRMS\'}, {u\'sdfName\': u\'v_P_cont\', u\'quantity\': u\'Voltage\', u\'unit\': u\'V\', u\'signalName\': u\'_signalBus_Main.batteryBus.general.voltage\'}, {u\'sdfName\': u\'P_cont\', u\'quantity\': u\'Power\', u\'unit\': u\'W\', u\'signalName\': u\'_signalBus_Main.electricMachine1Bus.general.powerMech\'}, {u\'sdfName\': u\'SOC_end_cont\', u\'signalName\': u\'_signalBus_Main.batteryBus.general.SOC\'}, {u\'sdfName\': u\'derating_cont\', u\'signalName\': u\'summarySystemSPS.deratingStatus\'}], u\'parameters\': {u\'setRci\': u\'0.1\', u\'setTemp\': u\'40\', u\'setTorqueTolerance\': u\'0.5\', u\'HV_consumption\': u\'0\', u\'setSpeed\': u\'500\', u\'RCIend_terminate\': u\'0.0001\', u\'timeOffset\': u\'0.2\'}}}, u\'meta_function\': u\'SPSSystemMock.py\', u\'dependency\': [u\'EDRIS_wrapper.egg\', u\'BaseTask.py\']}, \'result\': u\'\', \'log\': u\'{\\\'errorLog\\\': \\\'Traceback (most recent call last):\\\\n  File "C:\\\\\\\\EdrisAscent\\\\\\\\EDRISAuto\\\\\\\\trunk\\\\\\\\EDRIS_Management\\\\\\\\EDRIS_Worker_devel\\\\\\\\edris_worker\\\\\\\\Pool.py", line 104, in run_task\\\\n    raise ValueError(u"Json load problem for the following strings:" + unicode(result))\\\\nValueError: Json load problem for the following strings:\\\\n\\\'}\'}, {\'status\': 1, \'message\': {u\'taskGenerateName\': u\'TB Steadystate Generate\', u\'parameterOfFunction\': {u\'functionArguments\': {u\'setTorque\': {u\'errorRange\': u\'2\', u\'maxValue\': u\'1500\', u\'minValue\': u\'1\'}}, u\'testArguments\': {u\'modelName\': u\'EdrisLibComponents.SystemBases.SystemsBases.BasesSPS.TB_separated_SPS_base\', u\'simulationSettings\': {u\'StopTime\': u\'360000\', u\'Increment\': u\'0.5\', u\'Algorithm\': u\'8\'}, u\'results\': [{u\'sdfName\': u\'t_P_cont\', u\'quantity\': u\'Time\', u\'unit\': u\'s\', u\'signalName\': u\'Time\'}, {u\'sdfName\': u\'i_DC_P_cont\', u\'quantity\': u\'Current\', u\'unit\': u\'A\', u\'signalName\': u\'_signalBus_Main.batteryBus.general.current\'}, {u\'sdfName\': u\'i_ACRMS_P_cont\', u\'quantity\': u\'Current\', u\'unit\': u\'A\', u\'signalName\': u\'_signalBus_Main.electricMachine1Bus.general.currentRMS\'}, {u\'sdfName\': u\'v_P_cont\', u\'quantity\': u\'Voltage\', u\'unit\': u\'V\', u\'signalName\': u\'_signalBus_Main.batteryBus.general.voltage\'}, {u\'sdfName\': u\'P_cont\', u\'quantity\': u\'Power\', u\'unit\': u\'W\', u\'signalName\': u\'_signalBus_Main.electricMachine1Bus.general.powerMech\'}, {u\'sdfName\': u\'SOC_end_cont\', u\'signalName\': u\'_signalBus_Main.batteryBus.general.SOC\'}, {u\'sdfName\': u\'derating_cont\', u\'signalName\': u\'summarySystemSPS.deratingStatus\'}], u\'parameters\': {u\'setRci\': u\'0.6\', u\'setTemp\': u\'40\', u\'setTorqueTolerance\': u\'0.5\', u\'HV_consumption\': u\'0\', u\'setSpeed\': u\'500\', u\'RCIend_terminate\': u\'0.0001\', u\'timeOffset\': u\'0.2\'}}}, u\'meta_function\': u\'SPSSystemMock.py\', u\'dependency\': [u\'EDRIS_wrapper.egg\', u\'BaseTask.py\']}, \'result\': u\'\', \'log\': u\'{\\\'errorLog\\\': \\\'Traceback (most recent call last):\\\\n  File "C:\\\\\\\\EdrisAscent\\\\\\\\EDRISAuto\\\\\\\\trunk\\\\\\\\EDRIS_Management\\\\\\\\EDRIS_Worker_devel\\\\\\\\edris_worker\\\\\\\\Pool.py", line 104, in run_task\\\\n    raise ValueError(u"Json load problem for the following strings:" + unicode(result))\\\\nValueError: Json load problem for the following strings:\\\\n\\\'}\'}, {\'status\': 1, \'message\': {u\'taskGenerateName\': u\'TB Steadystate Generate\', u\'parameterOfFunction\': {u\'functionArguments\': {u\'setTorque\': {u\'errorRange\': u\'2\', u\'maxValue\': u\'1500\', u\'minValue\': u\'1\'}}, u\'testArguments\': {u\'modelName\': u\'EdrisLibComponents.SystemBases.SystemsBases.BasesSPS.TB_separated_SPS_base\', u\'simulationSettings\': {u\'StopTime\': u\'360000\', u\'Increment\': u\'0.5\', u\'Algorithm\': u\'8\'}, u\'results\': [{u\'sdfName\': u\'t_P_cont\', u\'quantity\': u\'Time\', u\'unit\': u\'s\', u\'signalName\': u\'Time\'}, {u\'sdfName\': u\'i_DC_P_cont\', u\'quantity\': u\'Current\', u\'unit\': u\'A\', u\'signalName\': u\'_signalBus_Main.batteryBus.general.current\'}, {u\'sdfName\': u\'i_ACRMS_P_cont\', u\'quantity\': u\'Current\', u\'unit\': u\'A\', u\'signalName\': u\'_signalBus_Main.electricMachine1Bus.general.currentRMS\'}, {u\'sdfName\': u\'v_P_cont\', u\'quantity\': u\'Voltage\', u\'unit\': u\'V\', u\'signalName\': u\'_signalBus_Main.batteryBus.general.voltage\'}, {u\'sdfName\': u\'P_cont\', u\'quantity\': u\'Power\', u\'unit\': u\'W\', u\'signalName\': u\'_signalBus_Main.electricMachine1Bus.general.powerMech\'}, {u\'sdfName\': u\'SOC_end_cont\', u\'signalName\': u\'_signalBus_Main.batteryBus.general.SOC\'}, {u\'sdfName\': u\'derating_cont\', u\'signalName\': u\'summarySystemSPS.deratingStatus\'}], u\'parameters\': {u\'setRci\': u\'0.1\', u\'setTemp\': u\'40\', u\'setTorqueTolerance\': u\'0.5\', u\'HV_consumption\': u\'0\', u\'setSpeed\': u\'1000\', u\'RCIend_terminate\': u\'0.0001\', u\'timeOffset\': u\'0.2\'}}}, u\'meta_function\': u\'SPSSystemMock.py\', u\'dependency\': [u\'EDRIS_wrapper.egg\', u\'BaseTask.py\']}, \'result\': u\'\', \'log\': u\'{\\\'errorLog\\\': \\\'Traceback (most recent call last):\\\\n  File "C:\\\\\\\\EdrisAscent\\\\\\\\EDRISAuto\\\\\\\\trunk\\\\\\\\EDRIS_Management\\\\\\\\EDRIS_Worker_devel\\\\\\\\edris_worker\\\\\\\\Pool.py", line 104, in run_task\\\\n    raise ValueError(u"Json load problem for the following strings:" + unicode(result))\\\\nValueError: Json load problem for the following strings:\\\\n\\\'}\'}, {\'status\': 1, \'message\': {u\'taskGenerateName\': u\'TB Steadystate Generate\', u\'parameterOfFunction\': {u\'functionArguments\': {u\'setTorque\': {u\'errorRange\': u\'2\', u\'maxValue\': u\'1500\', u\'minValue\': u\'1\'}}, u\'testArguments\': {u\'modelName\': u\'EdrisLibComponents.SystemBases.SystemsBases.BasesSPS.TB_separated_SPS_base\', u\'simulationSettings\': {u\'StopTime\': u\'360000\', u\'Increment\': u\'0.5\', u\'Algorithm\': u\'8\'}, u\'results\': [{u\'sdfName\': u\'t_P_cont\', u\'quantity\': u\'Time\', u\'unit\': u\'s\', u\'signalName\': u\'Time\'}, {u\'sdfName\': u\'i_DC_P_cont\', u\'quantity\': u\'Current\', u\'unit\': u\'A\', u\'signalName\': u\'_signalBus_Main.batteryBus.general.current\'}, {u\'sdfName\': u\'i_ACRMS_P_cont\', u\'quantity\': u\'Current\', u\'unit\': u\'A\', u\'signalName\': u\'_signalBus_Main.electricMachine1Bus.general.currentRMS\'}, {u\'sdfName\': u\'v_P_cont\', u\'quantity\': u\'Voltage\', u\'unit\': u\'V\', u\'signalName\': u\'_signalBus_Main.batteryBus.general.voltage\'}, {u\'sdfName\': u\'P_cont\', u\'quantity\': u\'Power\', u\'unit\': u\'W\', u\'signalName\': u\'_signalBus_Main.electricMachine1Bus.general.powerMech\'}, {u\'sdfName\': u\'SOC_end_cont\', u\'signalName\': u\'_signalBus_Main.batteryBus.general.SOC\'}, {u\'sdfName\': u\'derating_cont\', u\'signalName\': u\'summarySystemSPS.deratingStatus\'}], u\'parameters\': {u\'setRci\': u\'0.6\', u\'setTemp\': u\'40\', u\'setTorqueTolerance\': u\'0.5\', u\'HV_consumption\': u\'0\', u\'setSpeed\': u\'1000\', u\'RCIend_terminate\': u\'0.0001\', u\'timeOffset\': u\'0.2\'}}}, u\'meta_function\': u\'SPSSystemMock.py\', u\'dependency\': [u\'EDRIS_wrapper.egg\', u\'BaseTask.py\']}, \'result\': u\'\', \'log\': u\'{\\\'errorLog\\\': \\\'Traceback (most recent call last):\\\\n  File "C:\\\\\\\\EdrisAscent\\\\\\\\EDRISAuto\\\\\\\\trunk\\\\\\\\EDRIS_Management\\\\\\\\EDRIS_Worker_devel\\\\\\\\edris_worker\\\\\\\\Pool.py", line 104, in run_task\\\\n    raise ValueError(u"Json load problem for the following strings:" + unicode(result))\\\\nValueError: Json load problem for the following strings:\\\\n\\\'}\'}])\nroot: INFO: {\n  "classes": {\n    "taskGenerator": "TaskController.BaseClass.FullFactorialTGNoDymola.FullFactorialTGNoDymola", \n    "reporter": "TaskController.BaseClass.BaseReporter.BaseReporter"\n  }, \n  "taskGenerator": {\n    "taskGenerateName": "TB Steadystate Generate", \n    "arguments": {\n      "variable": [\n        {\n          "link": "parameterOfFunction.testArguments.parameters", \n          "name": "setRci", \n          "value": [\n            "0.1", \n            "0.6"\n          ], \n          "sdfName": "RCI_P_cont"\n        }, \n        {\n          "displayUnit": "rpm", \n          "name": "setSpeed", \n          "value": [\n            "500", \n            "1000"\n          ], \n          "sdfName": "w_P_cont", \n          "link": "parameterOfFunction.testArguments.parameters", \n          "unit": "rad/s", \n          "quantity": "AngularVelocity"\n        }, \n        {\n          "displayUnit": "degC", \n          "name": "setTemp", \n          "value": [\n            "-10", \n            "40"\n          ], \n          "sdfName": "T_P_cont", \n          "link": "parameterOfFunction.testArguments.parameters", \n          "unit": "K", \n          "quantity": "Temperature"\n        }\n      ], \n      "constant": {\n        "dependency": [\n          "EDRIS_wrapper.egg", \n          "BaseTask.py"\n        ], \n        "meta_function": "SPSSystemMock.py", \n        "parameterOfFunction": {\n          "functionArguments": {\n            "setTorque": {\n              "errorRange": "2", \n              "maxValue": "1500", \n              "minValue": "1"\n            }\n          }, \n          "testArguments": {\n            "modelName": "EdrisLibComponents.SystemBases.SystemsBases.BasesSPS.TB_separated_SPS_base", \n            "simulationSettings": {\n              "StopTime": "360000", \n              "Increment": "0.5", \n              "Algorithm": "8"\n            }, \n            "results": [\n              {\n                "sdfName": "t_P_cont", \n                "quantity": "Time", \n                "unit": "s", \n                "signalName": "Time"\n              }, \n              {\n                "sdfName": "i_DC_P_cont", \n                "quantity": "Current", \n                "unit": "A", \n                "signalName": "_signalBus_Main.batteryBus.general.current"\n              }, \n              {\n                "sdfName": "i_ACRMS_P_cont", \n                "quantity": "Current", \n                "unit": "A", \n                "signalName": "_signalBus_Main.electricMachine1Bus.general.currentRMS"\n              }, \n              {\n                "sdfName": "v_P_cont", \n                "quantity": "Voltage", \n                "unit": "V", \n                "signalName": "_signalBus_Main.batteryBus.general.voltage"\n              }, \n              {\n                "sdfName": "P_cont", \n                "quantity": "Power", \n                "unit": "W", \n                "signalName": "_signalBus_Main.electricMachine1Bus.general.powerMech"\n              }, \n              {\n                "sdfName": "SOC_end_cont", \n                "signalName": "_signalBus_Main.batteryBus.general.SOC"\n              }, \n              {\n                "sdfName": "derating_cont", \n                "signalName": "summarySystemSPS.deratingStatus"\n              }\n            ], \n            "parameters": {\n              "timeOffset": "0.2", \n              "setTorqueTolerance": "0.5", \n              "RCIend_terminate": "0.0001", \n              "HV_consumption": "0"\n            }\n          }\n        }\n      }\n    }\n  }\n}\nTaskController.BaseClass.Controller: INFO: 2015-03-09 13:58:22.611000: Exiting on_receive(self=<TaskController.BaseClass.Controller.MetataskExecute object at 0x0518D5B0>, message={\'get\': [None, \'\', True]}) returning: <TaskController.BaseClass.SDFExtension.SDFExtension object at 0x05223410>\npykka: DEBUG: Unregistered MetataskExecute (urn:uuid:e6badba5-d00b-49a8-a8f2-ba9e6cec44ac)\npykka: DEBUG: Stopped MetataskExecute (urn:uuid:e6badba5-d00b-49a8-a8f2-ba9e6cec44ac)\nTaskController.BaseClass.Controller: INFO: 2015-03-09 13:58:22.613000: Exiting get(self=<TaskController.BaseClass.Controller.GetReults object at 0x0518DC10>, prev_result=None, method=\'\', timeout=0, retry_timeout=0, sdf=True) returning: <TaskController.BaseClass.SDFExtension.SDFExtension object at 0x05223410>\n--------------------- >> end captured logging << ---------------------']]></error><system-out><![CDATA[8
report:----------------------START
set_sim results---------START
set_sim results--------FINISH
report:----------------------FINISH
report:  <TaskController.BaseClass.SDFExtension.SDFExtension object at 0x05223410>
=================================================
=================================================
=================================================
=================================================
=================================================
ds.name RCI_P_cont
ds.is_scale True
ds.scales []
ds.name w_P_cont
ds.is_scale True
ds.scales []
ds.name T_P_cont
ds.is_scale True
ds.scales []
ds.name t_P_cont
ds.is_scale False
ds.scales [u'RCI_P_cont', u'w_P_cont', u'T_P_cont']
ds.name i_DC_P_cont
ds.is_scale False
ds.scales [u'RCI_P_cont', u'w_P_cont', u'T_P_cont']
ds.name i_ACRMS_P_cont
ds.is_scale False
ds.scales [u'RCI_P_cont', u'w_P_cont', u'T_P_cont']
ds.name v_P_cont
ds.is_scale False
ds.scales [u'RCI_P_cont', u'w_P_cont', u'T_P_cont']
ds.name P_cont
ds.is_scale False
ds.scales [u'RCI_P_cont', u'w_P_cont', u'T_P_cont']
ds.name SOC_end_cont
ds.is_scale False
ds.scales [u'RCI_P_cont', u'w_P_cont', u'T_P_cont']
ds.name derating_cont
ds.is_scale False
ds.scales [u'RCI_P_cont', u'w_P_cont', u'T_P_cont']
C:\EdrisAscent\EDRISAuto\trunk\EDRIS_Management\EDRIS_Management_Tools_devel\output\tmp_sdf\report-1425905902.616000.sdf
=================================================
=================================================
=================================================
=================================================
=================================================
]]></system-out></testcase></testsuite>