<?xml version="1.0" encoding="UTF-8"?><testsuite name="nosetests" tests="1" errors="0" failures="0" skip="0"><testcase classname="BuildingTools.ScriptGenerator.test_rules.testSuite" name="test_conversion" time="0.107"><system-out><![CDATA[{u'battery': {u'child': {'ControllerLoadSelection': {'type': 'record', 'method': 'redeclare', 'value': u'EdrisLibData.Battery.Controller.C011_Gen5_20140717_PHEV1_85mm_UHE_88s6p'}, 'GeneralLoadSelection': {'type': 'record', 'method': 'redeclare', 'value': u'EdrisLibData.Battery.General.G011_Gen5_20140717_PHEV1_85mm_UHE_88s6p'}, 'ThermalLoadSelection': {'type': 'record', 'method': 'redeclare', 'value': u'EdrisLibData.Battery.Thermal.T011_Gen5_20140717_PHEV1_85mm_UHE_88s6p'}}}, 'Inverter': {'child': {'LossLoadSelection': {'type': 'record', 'method': 'redeclare', 'value': u'EdrisLibData.Inverter.Loss.L002_Gen5_ASM_HEAT_klein_HDZ_30krpm_140811_Ueberarb_PK_Q4_2014_Inv'}}}, u'eMachine_FluidPort1': {u'child': {'LossLoadSelection': {'type': 'record', 'method': 'redeclare', 'value': u'EdrisLibData.ElectricMachine.Loss.L002_Gen5_ASM_HEAT_klein_HDZ_30krpm_140811_Ueberarb_PK_Q4_2014_EM'}, 'ControllerLoadSelection': {'type': 'record', 'method': 'redeclare', 'value': u'EdrisLibData.ElectricMachine.Controller.C003_Gen5_ASM_HEAT_klein_HDZ_30krpm_140811_Ueberarb_PK_Q4_2014_EM'}, 'GeneralLoadSelection': {'type': 'record', 'method': 'redeclare', 'value': u'EdrisLibData.ElectricMachine.General.G002_Gen5_ASM_HEAT_klein_HDZ_30krpm_140811_Ueberarb_PK_Q4_2014'}}}}
]]></system-out></testcase></testsuite>