<?xml version="1.0" encoding="UTF-8"?><testsuite name="nosetests" tests="234" errors="87" failures="0" skip="0"><testcase classname="AutoPoller.EdrisDBChecker" name="_test_EDRIS_database_ComponentData_02_ElectricEnergyStorageSystem_02_ComponentData_Gen5_20140717_MCV2_HE_104s1p_10_Parameter_20140717(,)" time="0.000"></testcase><testcase classname="AutoPoller.EdrisDBChecker" name="_test_EDRIS_database_ComponentData_02_ElectricEnergyStorageSystem_02_ComponentData_Gen5_20140717_MCV2_HE_108s1p_10_Parameter_20140717(,)" time="0.000"></testcase><testcase classname="AutoPoller.EdrisDBChecker" name="_test_EDRIS_database_ComponentData_02_ElectricEnergyStorageSystem_02_ComponentData_Gen5_20140717_MCV2_HE_84s2p_10_Parameter_20140717(,)" time="0.000"></testcase><testcase classname="AutoPoller.EdrisDBChecker" name="_test_EDRIS_database_ComponentData_02_ElectricEnergyStorageSystem_02_ComponentData_Gen5_20140717_MCV2_HE_96s1p_10_Parameter_20140717(,)" time="0.000"></testcase><testcase classname="AutoPoller.EdrisDBChecker" name="_test_EDRIS_database_ComponentData_02_ElectricEnergyStorageSystem_02_ComponentData_Gen5_20140717_MCV2_UHE_108s2p_10_Parameter_20140717(,)" time="0.000"></testcase><testcase classname="AutoPoller.EdrisDBChecker" name="_test_EDRIS_database_ComponentData_02_ElectricEnergyStorageSystem_02_ComponentData_Gen5_20140717_MCV2_UHE_84s2p_10_Parameter_20140717(,)" time="0.000"></testcase><testcase classname="AutoPoller.EdrisDBChecker" name="_test_EDRIS_database_ComponentData_02_ElectricEnergyStorageSystem_02_ComponentData_Gen5_20140717_MCV2_UHE_96s2p_10_Parameter_20140717(,)" time="0.000"></testcase><testcase classname="AutoPoller.EdrisDBChecker" name="_test_EDRIS_database_ComponentData_02_ElectricEnergyStorageSystem_02_ComponentData_Gen5_20140717_MCV2_UHE_96s3p_10_Parameter_20140717(,)" time="0.000"></testcase><testcase classname="AutoPoller.EdrisDBChecker" name="_test_EDRIS_database_ComponentData_02_ElectricEnergyStorageSystem_02_ComponentData_Gen5_20140717_PHEV1_85mm_HE_104s2p_10_Parameter_20140717(,)" time="0.000"></testcase><testcase classname="AutoPoller.EdrisDBChecker" name="_test_EDRIS_database_ComponentData_02_ElectricEnergyStorageSystem_02_ComponentData_Gen5_20140717_PHEV1_85mm_HE_96s2p_10_Parameter_20140717(,)" time="0.000"></testcase><testcase classname="AutoPoller.EdrisDBChecker" name="_test_EDRIS_database_ComponentData_02_ElectricEnergyStorageSystem_02_ComponentData_Gen5_20140717_PHEV1_85mm_HE_96s3p_10_Parameter_20140717(,)" time="0.000"></testcase><testcase classname="AutoPoller.EdrisDBChecker" name="_test_EDRIS_database_ComponentData_02_ElectricEnergyStorageSystem_02_ComponentData_Gen5_20140717_PHEV1_85mm_HE_96s4p_10_Parameter_20140717(,)" time="0.000"></testcase><testcase classname="AutoPoller.EdrisDBChecker" name="_test_EDRIS_database_ComponentData_02_ElectricEnergyStorageSystem_02_ComponentData_Gen5_20140717_PHEV1_85mm_P_96s1p_10_Parameter_20140717(,)" time="0.000"></testcase><testcase classname="AutoPoller.EdrisDBChecker" name="_test_EDRIS_database_ComponentData_02_ElectricEnergyStorageSystem_02_ComponentData_Gen5_20140717_PHEV1_85mm_P_96s2p_10_Parameter_20140717(,)" time="0.000"></testcase><testcase classname="AutoPoller.EdrisDBChecker" name="_test_EDRIS_database_ComponentData_02_ElectricEnergyStorageSystem_02_ComponentData_Gen5_20140717_PHEV1_85mm_UHE_108s4p_10_Parameter_20140717(,)" time="0.000"></testcase><testcase classname="AutoPoller.EdrisDBChecker" name="_test_EDRIS_database_ComponentData_02_ElectricEnergyStorageSystem_02_ComponentData_Gen5_20140717_PHEV1_85mm_UHE_88s3p_10_Parameter_20140717(,)" time="0.000"></testcase><testcase classname="AutoPoller.EdrisDBChecker" name="_test_EDRIS_database_ComponentData_02_ElectricEnergyStorageSystem_02_ComponentData_Gen5_20140717_PHEV1_85mm_UHE_88s6p_10_Parameter_20140717(,)" time="0.000"></testcase><testcase classname="AutoPoller.EdrisDBChecker" name="_test_EDRIS_database_ComponentData_02_ElectricEnergyStorageSystem_02_ComponentData_Gen5_20140717_PHEV1_85mm_UHE_96s3p_10_Parameter_20140717(,)" time="0.000"></testcase><testcase classname="AutoPoller.EdrisDBChecker" name="_test_EDRIS_database_ComponentData_02_ElectricEnergyStorageSystem_02_ComponentData_Gen5_20140717_PHEV1_85mm_UHE_96s4p_10_Parameter_20140717(,)" time="0.000"></testcase><testcase classname="AutoPoller.EdrisDBChecker" name="_test_EDRIS_database_ComponentData_02_ElectricEnergyStorageSystem_02_ComponentData_Gen5_20140717_PHEV1_85mm_UHE_96s6p_10_Parameter_20140717(,)" time="0.000"></testcase><testcase classname="AutoPoller.EdrisDBChecker" name="_test_EDRIS_database_ComponentData_02_ElectricEnergyStorageSystem_02_ComponentData_Gen5_20140827_MCV2_HE_104s_1p_10_Parameter_20140827(,)" time="0.000"></testcase><testcase classname="AutoPoller.EdrisDBChecker" name="_test_EDRIS_database_ComponentData_02_ElectricEnergyStorageSystem_02_ComponentData_Gen5_20140827_MCV2_HE_108s_1p_10_Parameter_20140827(,)" time="0.000"></testcase><testcase classname="AutoPoller.EdrisDBChecker" name="_test_EDRIS_database_ComponentData_02_ElectricEnergyStorageSystem_02_ComponentData_Gen5_20140827_MCV2_HE_108s_2p_EA402_10_Parameter_20140827(,)" time="0.000"><error type="exceptions.Exception" message="&#10;&#10;Error:&#10;file:///C:\edris\EDRIS_database\ComponentData\02_ElectricEnergyStorageSystem\02_ComponentData\Gen5_20140827_MCV2_HE_108s_2p_EA402\10_Parameter\20140827&#10;['Member Data Error!', 'PCP Data missing!', 'Document File Error']&#10;&#10;Warning:&#10;file:///C:\edris\EDRIS_database\ComponentData\02_ElectricEnergyStorageSystem\02_ComponentData\Gen5_20140827_MCV2_HE_108s_2p_EA402\10_Parameter\20140827&#10;[]"><![CDATA[Traceback (most recent call last):
  File "C:\dongping.xie\softwares\WinPython-32bit-2.7.6.4\python-2.7.6\lib\unittest\case.py", line 331, in run
    testMethod()
  File "C:\dongping.xie\softwares\WinPython-32bit-2.7.6.4\python-2.7.6\lib\site-packages\nose-1.3.3-py2.7.egg\nose\case.py", line 197, in runTest
    self.test(*self.arg)
  File "C:\EdrisAscent\EDRISAuto\trunk\EDRIS_Management\EDRIS_Management_Tools_devel\AutoPoller\EdrisDBChecker\__init__.py", line 17, in check_exception
    raise Exception(arg_dict['exception_value'])
Exception: 

Error:
file:///C:\edris\EDRIS_database\ComponentData\02_ElectricEnergyStorageSystem\02_ComponentData\Gen5_20140827_MCV2_HE_108s_2p_EA402\10_Parameter\20140827
['Member Data Error!', 'PCP Data missing!', 'Document File Error']

Warning:
file:///C:\edris\EDRIS_database\ComponentData\02_ElectricEnergyStorageSystem\02_ComponentData\Gen5_20140827_MCV2_HE_108s_2p_EA402\10_Parameter\20140827
[]
]]></error></testcase><testcase classname="AutoPoller.EdrisDBChecker" name="_test_EDRIS_database_ComponentData_02_ElectricEnergyStorageSystem_02_ComponentData_Gen5_20140827_MCV2_HE_84s_2p_10_Parameter_20140827(,)" time="0.000"></testcase><testcase classname="AutoPoller.EdrisDBChecker" name="_test_EDRIS_database_ComponentData_02_ElectricEnergyStorageSystem_02_ComponentData_Gen5_20140827_MCV2_HE_96s_1p_10_Parameter_20140827(,)" time="0.000"></testcase><testcase classname="AutoPoller.EdrisDBChecker" name="_test_EDRIS_database_ComponentData_02_ElectricEnergyStorageSystem_02_ComponentData_Gen5_20140828_MCV2_UHE_108s2p_10_Parameter_20140828(,)" time="0.000"></testcase><testcase classname="AutoPoller.EdrisDBChecker" name="_test_EDRIS_database_ComponentData_02_ElectricEnergyStorageSystem_02_ComponentData_Gen5_20140828_MCV2_UHE_96s2p_10_Parameter_20140828(,)" time="0.000"></testcase><testcase classname="AutoPoller.EdrisDBChecker" name="_test_EDRIS_database_ComponentData_02_ElectricEnergyStorageSystem_02_ComponentData_Gen5_20140828_MCV2_UHE_96s3p_10_Parameter_20140828(,)" time="0.000"></testcase><testcase classname="AutoPoller.EdrisDBChecker" name="_test_EDRIS_database_ComponentData_02_ElectricEnergyStorageSystem_02_ComponentData_Gen5_20140829_PHEV1_85mm_P_96s_1p_10_Parameter_20140829(,)" time="0.000"></testcase><testcase classname="AutoPoller.EdrisDBChecker" name="_test_EDRIS_database_ComponentData_02_ElectricEnergyStorageSystem_02_ComponentData_Gen5_20140829_PHEV1_85mm_P_96s_2p_10_Parameter_20140829(,)" time="0.000"></testcase><testcase classname="AutoPoller.EdrisDBChecker" name="_test_EDRIS_database_ComponentData_02_ElectricEnergyStorageSystem_02_ComponentData_Gen5_20140901_PHEV1_85mm_HE_104s_2p_10_Parameter_20140901(,)" time="0.000"></testcase><testcase classname="AutoPoller.EdrisDBChecker" name="_test_EDRIS_database_ComponentData_02_ElectricEnergyStorageSystem_02_ComponentData_Gen5_20140901_PHEV1_85mm_HE_96s_2p_10_Parameter_20140901(,)" time="0.000"></testcase><testcase classname="AutoPoller.EdrisDBChecker" name="_test_EDRIS_database_ComponentData_02_ElectricEnergyStorageSystem_02_ComponentData_Gen5_20140901_PHEV1_85mm_HE_96s_3p_10_Parameter_20140901(,)" time="0.000"></testcase><testcase classname="AutoPoller.EdrisDBChecker" name="_test_EDRIS_database_ComponentData_02_ElectricEnergyStorageSystem_02_ComponentData_Gen5_20140901_PHEV1_85mm_HE_96s_4p_10_Parameter_20140901(,)" time="0.000"></testcase><testcase classname="AutoPoller.EdrisDBChecker" name="_test_EDRIS_database_ComponentData_02_ElectricEnergyStorageSystem_02_ComponentData_Gen5_20140902_PHEV1_85mm_UHE_108s4p_10_Parameter_20140902(,)" time="0.000"></testcase><testcase classname="AutoPoller.EdrisDBChecker" name="_test_EDRIS_database_ComponentData_02_ElectricEnergyStorageSystem_02_ComponentData_Gen5_20140902_PHEV1_85mm_UHE_88s3p_10_Parameter_20140902(,)" time="0.001"></testcase><testcase classname="AutoPoller.EdrisDBChecker" name="_test_EDRIS_database_ComponentData_02_ElectricEnergyStorageSystem_02_ComponentData_Gen5_20140902_PHEV1_85mm_UHE_88s6p_10_Parameter_20140902(,)" time="0.000"></testcase><testcase classname="AutoPoller.EdrisDBChecker" name="_test_EDRIS_database_ComponentData_02_ElectricEnergyStorageSystem_02_ComponentData_Gen5_20140902_PHEV1_85mm_UHE_96s3p_10_Parameter_20140902(,)" time="0.000"></testcase><testcase classname="AutoPoller.EdrisDBChecker" name="_test_EDRIS_database_ComponentData_02_ElectricEnergyStorageSystem_02_ComponentData_Gen5_20140902_PHEV1_85mm_UHE_96s4p_10_Parameter_20140902(,)" time="0.000"></testcase><testcase classname="AutoPoller.EdrisDBChecker" name="_test_EDRIS_database_ComponentData_02_ElectricEnergyStorageSystem_02_ComponentData_Gen5_20140902_PHEV1_85mm_UHE_96s6p_10_Parameter_20140902(,)" time="0.000"></testcase><testcase classname="AutoPoller.EdrisDBChecker" name="_test_EDRIS_database_ComponentData_02_ElectricEnergyStorageSystem_02_ComponentData_Gen5_20141013_PHEV1_85mm_P_108s_2p_F_085_10_Parameter_20141013(,)" time="0.000"></testcase><testcase classname="AutoPoller.EdrisDBChecker" name="_test_EDRIS_database_ComponentData_02_ElectricEnergyStorageSystem_02_ComponentData_Gen5_20141013_PHEV1_85mm_P_108s_2p_F_1_10_Parameter_20141013(,)" time="0.000"></testcase><testcase classname="AutoPoller.EdrisDBChecker" name="_test_EDRIS_database_ComponentData_02_ElectricEnergyStorageSystem_02_ComponentData_SE03_10_Parameter_2014_12_12(,)" time="0.000"></testcase><testcase classname="AutoPoller.EdrisDBChecker" name="_test_EDRIS_database_ComponentData_02_ElectricEnergyStorageSystem_02_ComponentData_SE07_10_Parameter_2014_02_06_SE07_94Ah_8v8_v2(,)" time="0.000"><error type="exceptions.Exception" message="&#10;&#10;Warning:&#10;file:///C:\edris\EDRIS_database\ComponentData\02_ElectricEnergyStorageSystem\02_ComponentData\SE07\10_Parameter\2014-02-06_SE07_94Ah_8v8_v2&#10;['FMU Data missing!', 'PCP Data missing!']&#10;&#10;Error:&#10;file:///C:\edris\EDRIS_database\ComponentData\02_ElectricEnergyStorageSystem\02_ComponentData\SE07\10_Parameter\2014-02-06_SE07_94Ah_8v8_v2&#10;[u'Record Data C010_SE07_20140204_Auslegung_8v8 is missing. ', u'Record Data G010_SE07_20140206_94Ah_est_SE03_C3_8v8_v2 is missing. ', u'Record Data T009_SE07_20140204_94Ah_est_SE03_C2_8v8_v2 is missing. ']"><![CDATA[Traceback (most recent call last):
  File "C:\dongping.xie\softwares\WinPython-32bit-2.7.6.4\python-2.7.6\lib\unittest\case.py", line 331, in run
    testMethod()
  File "C:\dongping.xie\softwares\WinPython-32bit-2.7.6.4\python-2.7.6\lib\site-packages\nose-1.3.3-py2.7.egg\nose\case.py", line 197, in runTest
    self.test(*self.arg)
  File "C:\EdrisAscent\EDRISAuto\trunk\EDRIS_Management\EDRIS_Management_Tools_devel\AutoPoller\EdrisDBChecker\__init__.py", line 17, in check_exception
    raise Exception(arg_dict['exception_value'])
Exception: 

Warning:
file:///C:\edris\EDRIS_database\ComponentData\02_ElectricEnergyStorageSystem\02_ComponentData\SE07\10_Parameter\2014-02-06_SE07_94Ah_8v8_v2
['FMU Data missing!', 'PCP Data missing!']

Error:
file:///C:\edris\EDRIS_database\ComponentData\02_ElectricEnergyStorageSystem\02_ComponentData\SE07\10_Parameter\2014-02-06_SE07_94Ah_8v8_v2
[u'Record Data C010_SE07_20140204_Auslegung_8v8 is missing. ', u'Record Data G010_SE07_20140206_94Ah_est_SE03_C3_8v8_v2 is missing. ', u'Record Data T009_SE07_20140204_94Ah_est_SE03_C2_8v8_v2 is missing. ']
]]></error></testcase><testcase classname="AutoPoller.EdrisDBChecker" name="_test_EDRIS_database_ComponentData_02_ElectricEnergyStorageSystem_02_ComponentData_SE07_10_Parameter_2014_10_28(,)" time="0.000"></testcase><testcase classname="AutoPoller.EdrisDBChecker" name="_test_EDRIS_database_ComponentData_02_ElectricEnergyStorageSystem_02_ComponentData_SE07_10_Parameter_2015_01_08(,)" time="0.000"><error type="exceptions.Exception" message="&#10;&#10;Warning:&#10;file:///C:\edris\EDRIS_database\ComponentData\02_ElectricEnergyStorageSystem\02_ComponentData\SE07\10_Parameter\2015-01-08&#10;['FMU Data missing!', 'PCP Data missing!']&#10;&#10;Error:&#10;file:///C:\edris\EDRIS_database\ComponentData\02_ElectricEnergyStorageSystem\02_ComponentData\SE07\10_Parameter\2015-01-08&#10;[u'Record Data C012_SE07_20141211_Meta23 is missing. ', u'Record Data G011_SE07_20141211_B_v2 is missing. ']"><![CDATA[Traceback (most recent call last):
  File "C:\dongping.xie\softwares\WinPython-32bit-2.7.6.4\python-2.7.6\lib\unittest\case.py", line 331, in run
    testMethod()
  File "C:\dongping.xie\softwares\WinPython-32bit-2.7.6.4\python-2.7.6\lib\site-packages\nose-1.3.3-py2.7.egg\nose\case.py", line 197, in runTest
    self.test(*self.arg)
  File "C:\EdrisAscent\EDRISAuto\trunk\EDRIS_Management\EDRIS_Management_Tools_devel\AutoPoller\EdrisDBChecker\__init__.py", line 17, in check_exception
    raise Exception(arg_dict['exception_value'])
Exception: 

Warning:
file:///C:\edris\EDRIS_database\ComponentData\02_ElectricEnergyStorageSystem\02_ComponentData\SE07\10_Parameter\2015-01-08
['FMU Data missing!', 'PCP Data missing!']

Error:
file:///C:\edris\EDRIS_database\ComponentData\02_ElectricEnergyStorageSystem\02_ComponentData\SE07\10_Parameter\2015-01-08
[u'Record Data C012_SE07_20141211_Meta23 is missing. ', u'Record Data G011_SE07_20141211_B_v2 is missing. ']
]]></error></testcase><testcase classname="AutoPoller.EdrisDBChecker" name="_test_EDRIS_database_ComponentData_02_ElectricEnergyStorageSystem_02_ComponentData_SH05_10_Parameter_20130701(,)" time="0.000"><error type="exceptions.Exception" message="&#10;&#10;Warning:&#10;file:///C:\edris\EDRIS_database\ComponentData\02_ElectricEnergyStorageSystem\02_ComponentData\SH05\10_Parameter\20130701&#10;['FMU Data missing!', 'PCP Data missing!']&#10;&#10;Error:&#10;file:///C:\edris\EDRIS_database\ComponentData\02_ElectricEnergyStorageSystem\02_ComponentData\SH05\10_Parameter\20130701&#10;[u'Record Data C008_SH05_20130701_C_LD_v2 is missing. ', u'Record Data G010_SH05_20130611_B2_Idep is missing. ', u'Record Data T009_SH05_20130402_B is missing. ']"><![CDATA[Traceback (most recent call last):
  File "C:\dongping.xie\softwares\WinPython-32bit-2.7.6.4\python-2.7.6\lib\unittest\case.py", line 331, in run
    testMethod()
  File "C:\dongping.xie\softwares\WinPython-32bit-2.7.6.4\python-2.7.6\lib\site-packages\nose-1.3.3-py2.7.egg\nose\case.py", line 197, in runTest
    self.test(*self.arg)
  File "C:\EdrisAscent\EDRISAuto\trunk\EDRIS_Management\EDRIS_Management_Tools_devel\AutoPoller\EdrisDBChecker\__init__.py", line 17, in check_exception
    raise Exception(arg_dict['exception_value'])
Exception: 

Warning:
file:///C:\edris\EDRIS_database\ComponentData\02_ElectricEnergyStorageSystem\02_ComponentData\SH05\10_Parameter\20130701
['FMU Data missing!', 'PCP Data missing!']

Error:
file:///C:\edris\EDRIS_database\ComponentData\02_ElectricEnergyStorageSystem\02_ComponentData\SH05\10_Parameter\20130701
[u'Record Data C008_SH05_20130701_C_LD_v2 is missing. ', u'Record Data G010_SH05_20130611_B2_Idep is missing. ', u'Record Data T009_SH05_20130402_B is missing. ']
]]></error></testcase><testcase classname="AutoPoller.EdrisDBChecker" name="_test_EDRIS_database_ComponentData_02_ElectricEnergyStorageSystem_02_ComponentData_SH05_10_Parameter_20130702(,)" time="0.000"><error type="exceptions.Exception" message="&#10;&#10;Warning:&#10;file:///C:\edris\EDRIS_database\ComponentData\02_ElectricEnergyStorageSystem\02_ComponentData\SH05\10_Parameter\20130702&#10;['FMU Data missing!', 'PCP Data missing!']&#10;&#10;Error:&#10;file:///C:\edris\EDRIS_database\ComponentData\02_ElectricEnergyStorageSystem\02_ComponentData\SH05\10_Parameter\20130702&#10;[u'Record Data C008_SH05_20130702_C_LD_v3 is missing. ', u'Record Data G010_SH05_20130611_B2_Idep is missing. ', u'Record Data T009_SH05_20130402_B is missing. ']"><![CDATA[Traceback (most recent call last):
  File "C:\dongping.xie\softwares\WinPython-32bit-2.7.6.4\python-2.7.6\lib\unittest\case.py", line 331, in run
    testMethod()
  File "C:\dongping.xie\softwares\WinPython-32bit-2.7.6.4\python-2.7.6\lib\site-packages\nose-1.3.3-py2.7.egg\nose\case.py", line 197, in runTest
    self.test(*self.arg)
  File "C:\EdrisAscent\EDRISAuto\trunk\EDRIS_Management\EDRIS_Management_Tools_devel\AutoPoller\EdrisDBChecker\__init__.py", line 17, in check_exception
    raise Exception(arg_dict['exception_value'])
Exception: 

Warning:
file:///C:\edris\EDRIS_database\ComponentData\02_ElectricEnergyStorageSystem\02_ComponentData\SH05\10_Parameter\20130702
['FMU Data missing!', 'PCP Data missing!']

Error:
file:///C:\edris\EDRIS_database\ComponentData\02_ElectricEnergyStorageSystem\02_ComponentData\SH05\10_Parameter\20130702
[u'Record Data C008_SH05_20130702_C_LD_v3 is missing. ', u'Record Data G010_SH05_20130611_B2_Idep is missing. ', u'Record Data T009_SH05_20130402_B is missing. ']
]]></error></testcase><testcase classname="AutoPoller.EdrisDBChecker" name="_test_EDRIS_database_ComponentData_02_ElectricEnergyStorageSystem_02_ComponentData_SH05_10_Parameter_20130716(,)" time="0.000"><error type="exceptions.Exception" message="&#10;&#10;Warning:&#10;file:///C:\edris\EDRIS_database\ComponentData\02_ElectricEnergyStorageSystem\02_ComponentData\SH05\10_Parameter\20130716&#10;['FMU Data missing!', 'PCP Data missing!']&#10;&#10;Error:&#10;file:///C:\edris\EDRIS_database\ComponentData\02_ElectricEnergyStorageSystem\02_ComponentData\SH05\10_Parameter\20130716&#10;[u'Record Data C008_SH05_20130710_C_LD_v4 is missing. ', u'Record Data G010_SH05_20130611_B2_Idep is missing. ', u'Record Data T009_SH05_20130402_B is missing. ']"><![CDATA[Traceback (most recent call last):
  File "C:\dongping.xie\softwares\WinPython-32bit-2.7.6.4\python-2.7.6\lib\unittest\case.py", line 331, in run
    testMethod()
  File "C:\dongping.xie\softwares\WinPython-32bit-2.7.6.4\python-2.7.6\lib\site-packages\nose-1.3.3-py2.7.egg\nose\case.py", line 197, in runTest
    self.test(*self.arg)
  File "C:\EdrisAscent\EDRISAuto\trunk\EDRIS_Management\EDRIS_Management_Tools_devel\AutoPoller\EdrisDBChecker\__init__.py", line 17, in check_exception
    raise Exception(arg_dict['exception_value'])
Exception: 

Warning:
file:///C:\edris\EDRIS_database\ComponentData\02_ElectricEnergyStorageSystem\02_ComponentData\SH05\10_Parameter\20130716
['FMU Data missing!', 'PCP Data missing!']

Error:
file:///C:\edris\EDRIS_database\ComponentData\02_ElectricEnergyStorageSystem\02_ComponentData\SH05\10_Parameter\20130716
[u'Record Data C008_SH05_20130710_C_LD_v4 is missing. ', u'Record Data G010_SH05_20130611_B2_Idep is missing. ', u'Record Data T009_SH05_20130402_B is missing. ']
]]></error></testcase><testcase classname="AutoPoller.EdrisDBChecker" name="_test_EDRIS_database_ComponentData_02_ElectricEnergyStorageSystem_02_ComponentData_SH05_10_Parameter_20130716_ueberlast(,)" time="0.000"><error type="exceptions.Exception" message="&#10;&#10;Warning:&#10;file:///C:\edris\EDRIS_database\ComponentData\02_ElectricEnergyStorageSystem\02_ComponentData\SH05\10_Parameter\20130716_ueberlast&#10;['FMU Data missing!', 'PCP Data missing!']&#10;&#10;Error:&#10;file:///C:\edris\EDRIS_database\ComponentData\02_ElectricEnergyStorageSystem\02_ComponentData\SH05\10_Parameter\20130716_ueberlast&#10;[u'Record Data C008_SH05_20130709_C_LD_ueberlast is missing. ', u'Record Data G010_SH05_20130611_B2_Idep is missing. ', u'Record Data T009_SH05_20130402_B is missing. ']"><![CDATA[Traceback (most recent call last):
  File "C:\dongping.xie\softwares\WinPython-32bit-2.7.6.4\python-2.7.6\lib\unittest\case.py", line 331, in run
    testMethod()
  File "C:\dongping.xie\softwares\WinPython-32bit-2.7.6.4\python-2.7.6\lib\site-packages\nose-1.3.3-py2.7.egg\nose\case.py", line 197, in runTest
    self.test(*self.arg)
  File "C:\EdrisAscent\EDRISAuto\trunk\EDRIS_Management\EDRIS_Management_Tools_devel\AutoPoller\EdrisDBChecker\__init__.py", line 17, in check_exception
    raise Exception(arg_dict['exception_value'])
Exception: 

Warning:
file:///C:\edris\EDRIS_database\ComponentData\02_ElectricEnergyStorageSystem\02_ComponentData\SH05\10_Parameter\20130716_ueberlast
['FMU Data missing!', 'PCP Data missing!']

Error:
file:///C:\edris\EDRIS_database\ComponentData\02_ElectricEnergyStorageSystem\02_ComponentData\SH05\10_Parameter\20130716_ueberlast
[u'Record Data C008_SH05_20130709_C_LD_ueberlast is missing. ', u'Record Data G010_SH05_20130611_B2_Idep is missing. ', u'Record Data T009_SH05_20130402_B is missing. ']
]]></error></testcase><testcase classname="AutoPoller.EdrisDBChecker" name="_test_EDRIS_database_ComponentData_02_ElectricEnergyStorageSystem_02_ComponentData_SH05_10_Parameter_20131114(,)" time="0.000"><error type="exceptions.Exception" message="&#10;&#10;Warning:&#10;file:///C:\edris\EDRIS_database\ComponentData\02_ElectricEnergyStorageSystem\02_ComponentData\SH05\10_Parameter\20131114&#10;['FMU Data missing!', 'PCP Data missing!']&#10;&#10;Error:&#10;file:///C:\edris\EDRIS_database\ComponentData\02_ElectricEnergyStorageSystem\02_ComponentData\SH05\10_Parameter\20131114&#10;[u'Record Data C010_SH05_20130710_C_LD_v4 is missing. ', u'Record Data G010_SH05_20130611_B2_Idep is missing. ', u'Record Data T009_SH05_20130402_B is missing. ']"><![CDATA[Traceback (most recent call last):
  File "C:\dongping.xie\softwares\WinPython-32bit-2.7.6.4\python-2.7.6\lib\unittest\case.py", line 331, in run
    testMethod()
  File "C:\dongping.xie\softwares\WinPython-32bit-2.7.6.4\python-2.7.6\lib\site-packages\nose-1.3.3-py2.7.egg\nose\case.py", line 197, in runTest
    self.test(*self.arg)
  File "C:\EdrisAscent\EDRISAuto\trunk\EDRIS_Management\EDRIS_Management_Tools_devel\AutoPoller\EdrisDBChecker\__init__.py", line 17, in check_exception
    raise Exception(arg_dict['exception_value'])
Exception: 

Warning:
file:///C:\edris\EDRIS_database\ComponentData\02_ElectricEnergyStorageSystem\02_ComponentData\SH05\10_Parameter\20131114
['FMU Data missing!', 'PCP Data missing!']

Error:
file:///C:\edris\EDRIS_database\ComponentData\02_ElectricEnergyStorageSystem\02_ComponentData\SH05\10_Parameter\20131114
[u'Record Data C010_SH05_20130710_C_LD_v4 is missing. ', u'Record Data G010_SH05_20130611_B2_Idep is missing. ', u'Record Data T009_SH05_20130402_B is missing. ']
]]></error></testcase><testcase classname="AutoPoller.EdrisDBChecker" name="_test_EDRIS_database_ComponentData_02_ElectricEnergyStorageSystem_02_ComponentData_SH05_10_Parameter_20131114_ueberlast(,)" time="0.000"><error type="exceptions.Exception" message="&#10;&#10;Warning:&#10;file:///C:\edris\EDRIS_database\ComponentData\02_ElectricEnergyStorageSystem\02_ComponentData\SH05\10_Parameter\20131114_ueberlast&#10;['FMU Data missing!', 'PCP Data missing!']&#10;&#10;Error:&#10;file:///C:\edris\EDRIS_database\ComponentData\02_ElectricEnergyStorageSystem\02_ComponentData\SH05\10_Parameter\20131114_ueberlast&#10;[u'Record Data C010_SH05_20130709_C_LD_ueberlast is missing. ', u'Record Data G010_SH05_20130611_B2_Idep is missing. ', u'Record Data T009_SH05_20130402_B is missing. ']"><![CDATA[Traceback (most recent call last):
  File "C:\dongping.xie\softwares\WinPython-32bit-2.7.6.4\python-2.7.6\lib\unittest\case.py", line 331, in run
    testMethod()
  File "C:\dongping.xie\softwares\WinPython-32bit-2.7.6.4\python-2.7.6\lib\site-packages\nose-1.3.3-py2.7.egg\nose\case.py", line 197, in runTest
    self.test(*self.arg)
  File "C:\EdrisAscent\EDRISAuto\trunk\EDRIS_Management\EDRIS_Management_Tools_devel\AutoPoller\EdrisDBChecker\__init__.py", line 17, in check_exception
    raise Exception(arg_dict['exception_value'])
Exception: 

Warning:
file:///C:\edris\EDRIS_database\ComponentData\02_ElectricEnergyStorageSystem\02_ComponentData\SH05\10_Parameter\20131114_ueberlast
['FMU Data missing!', 'PCP Data missing!']

Error:
file:///C:\edris\EDRIS_database\ComponentData\02_ElectricEnergyStorageSystem\02_ComponentData\SH05\10_Parameter\20131114_ueberlast
[u'Record Data C010_SH05_20130709_C_LD_ueberlast is missing. ', u'Record Data G010_SH05_20130611_B2_Idep is missing. ', u'Record Data T009_SH05_20130402_B is missing. ']
]]></error></testcase><testcase classname="AutoPoller.EdrisDBChecker" name="_test_EDRIS_database_ComponentData_02_ElectricEnergyStorageSystem_02_ComponentData_SH05_10_Parameter_20140319_Sportwagen_96s4p(,)" time="0.000"><error type="exceptions.Exception" message="&#10;&#10;Error:&#10;file:///C:\edris\EDRIS_database\ComponentData\02_ElectricEnergyStorageSystem\02_ComponentData\SH05\10_Parameter\20140319_Sportwagen_96s4p&#10;['Multiple Controller Data found!', 'Member Data Error!', 'FMU Data missing!', 'PCP Data missing!', 'Document File Error']&#10;&#10;Error:&#10;file:///C:\edris\EDRIS_database\ComponentData\02_ElectricEnergyStorageSystem\02_ComponentData\SH05\10_Parameter\20140319_Sportwagen_96s4p&#10;[u'Record Data C010_SH05_20130710_C_LD_v4_Vetter_96s4p_HL is missing. ', u'Record Data C010_SH05_20130710_C_LD_v4_Vetter_96s4p_NB is missing. ', u'Record Data G010_SH05_20130611_B2_Idep_M_SpoWa_96s4p is missing. ', u'Record Data T009_SH05_20140313_M_SpoWa_96s4p is missing. ']"><![CDATA[Traceback (most recent call last):
  File "C:\dongping.xie\softwares\WinPython-32bit-2.7.6.4\python-2.7.6\lib\unittest\case.py", line 331, in run
    testMethod()
  File "C:\dongping.xie\softwares\WinPython-32bit-2.7.6.4\python-2.7.6\lib\site-packages\nose-1.3.3-py2.7.egg\nose\case.py", line 197, in runTest
    self.test(*self.arg)
  File "C:\EdrisAscent\EDRISAuto\trunk\EDRIS_Management\EDRIS_Management_Tools_devel\AutoPoller\EdrisDBChecker\__init__.py", line 17, in check_exception
    raise Exception(arg_dict['exception_value'])
Exception: 

Error:
file:///C:\edris\EDRIS_database\ComponentData\02_ElectricEnergyStorageSystem\02_ComponentData\SH05\10_Parameter\20140319_Sportwagen_96s4p
['Multiple Controller Data found!', 'Member Data Error!', 'FMU Data missing!', 'PCP Data missing!', 'Document File Error']

Error:
file:///C:\edris\EDRIS_database\ComponentData\02_ElectricEnergyStorageSystem\02_ComponentData\SH05\10_Parameter\20140319_Sportwagen_96s4p
[u'Record Data C010_SH05_20130710_C_LD_v4_Vetter_96s4p_HL is missing. ', u'Record Data C010_SH05_20130710_C_LD_v4_Vetter_96s4p_NB is missing. ', u'Record Data G010_SH05_20130611_B2_Idep_M_SpoWa_96s4p is missing. ', u'Record Data T009_SH05_20140313_M_SpoWa_96s4p is missing. ']
]]></error></testcase><testcase classname="AutoPoller.EdrisDBChecker" name="_test_EDRIS_database_ComponentData_02_ElectricEnergyStorageSystem_02_ComponentData_SH05_10_Parameter_20140331_Sportwagen_96s4p_z2019(,)" time="0.000"><error type="exceptions.Exception" message="&#10;&#10;Warning:&#10;file:///C:\edris\EDRIS_database\ComponentData\02_ElectricEnergyStorageSystem\02_ComponentData\SH05\10_Parameter\20140331_Sportwagen_96s4p_z2019&#10;['FMU Data missing!', 'PCP Data missing!']&#10;&#10;Error:&#10;file:///C:\edris\EDRIS_database\ComponentData\02_ElectricEnergyStorageSystem\02_ComponentData\SH05\10_Parameter\20140331_Sportwagen_96s4p_z2019&#10;[u'Record Data C010_SH05_20130710_C_LD_v4_Vetter_96s4p_z2019_HL is missing. ', u'Record Data G010_SH05_20130611_B2_Idep_M_SpoWa_96s4p_z2019 is missing. ', u'Record Data T009_SH05_20140313_M_SpoWa_96s4p is missing. ']"><![CDATA[Traceback (most recent call last):
  File "C:\dongping.xie\softwares\WinPython-32bit-2.7.6.4\python-2.7.6\lib\unittest\case.py", line 331, in run
    testMethod()
  File "C:\dongping.xie\softwares\WinPython-32bit-2.7.6.4\python-2.7.6\lib\site-packages\nose-1.3.3-py2.7.egg\nose\case.py", line 197, in runTest
    self.test(*self.arg)
  File "C:\EdrisAscent\EDRISAuto\trunk\EDRIS_Management\EDRIS_Management_Tools_devel\AutoPoller\EdrisDBChecker\__init__.py", line 17, in check_exception
    raise Exception(arg_dict['exception_value'])
Exception: 

Warning:
file:///C:\edris\EDRIS_database\ComponentData\02_ElectricEnergyStorageSystem\02_ComponentData\SH05\10_Parameter\20140331_Sportwagen_96s4p_z2019
['FMU Data missing!', 'PCP Data missing!']

Error:
file:///C:\edris\EDRIS_database\ComponentData\02_ElectricEnergyStorageSystem\02_ComponentData\SH05\10_Parameter\20140331_Sportwagen_96s4p_z2019
[u'Record Data C010_SH05_20130710_C_LD_v4_Vetter_96s4p_z2019_HL is missing. ', u'Record Data G010_SH05_20130611_B2_Idep_M_SpoWa_96s4p_z2019 is missing. ', u'Record Data T009_SH05_20140313_M_SpoWa_96s4p is missing. ']
]]></error></testcase><testcase classname="AutoPoller.EdrisDBChecker" name="_test_EDRIS_database_ComponentData_02_ElectricEnergyStorageSystem_02_ComponentData_SH05_10_Parameter_20140505_P100_104s3p_track(,)" time="0.000"><error type="exceptions.Exception" message="&#10;&#10;Warning:&#10;file:///C:\edris\EDRIS_database\ComponentData\02_ElectricEnergyStorageSystem\02_ComponentData\SH05\10_Parameter\20140505_P100_104s3p_track&#10;['FMU Data missing!', 'PCP Data missing!']&#10;&#10;Error:&#10;file:///C:\edris\EDRIS_database\ComponentData\02_ElectricEnergyStorageSystem\02_ComponentData\SH05\10_Parameter\20140505_P100_104s3p_track&#10;[u'Record Data C010_P100_20140505_HEV2013_6Ah_104s3p_track_Konzeptuntersuchung is missing. ', u'Record Data T009_P100_20140505_HEV2013_6Ah_104s3p_track_Konzeptuntersuchung is missing. ']"><![CDATA[Traceback (most recent call last):
  File "C:\dongping.xie\softwares\WinPython-32bit-2.7.6.4\python-2.7.6\lib\unittest\case.py", line 331, in run
    testMethod()
  File "C:\dongping.xie\softwares\WinPython-32bit-2.7.6.4\python-2.7.6\lib\site-packages\nose-1.3.3-py2.7.egg\nose\case.py", line 197, in runTest
    self.test(*self.arg)
  File "C:\EdrisAscent\EDRISAuto\trunk\EDRIS_Management\EDRIS_Management_Tools_devel\AutoPoller\EdrisDBChecker\__init__.py", line 17, in check_exception
    raise Exception(arg_dict['exception_value'])
Exception: 

Warning:
file:///C:\edris\EDRIS_database\ComponentData\02_ElectricEnergyStorageSystem\02_ComponentData\SH05\10_Parameter\20140505_P100_104s3p_track
['FMU Data missing!', 'PCP Data missing!']

Error:
file:///C:\edris\EDRIS_database\ComponentData\02_ElectricEnergyStorageSystem\02_ComponentData\SH05\10_Parameter\20140505_P100_104s3p_track
[u'Record Data C010_P100_20140505_HEV2013_6Ah_104s3p_track_Konzeptuntersuchung is missing. ', u'Record Data T009_P100_20140505_HEV2013_6Ah_104s3p_track_Konzeptuntersuchung is missing. ']
]]></error></testcase><testcase classname="AutoPoller.EdrisDBChecker" name="_test_EDRIS_database_ComponentData_02_ElectricEnergyStorageSystem_02_ComponentData_SH05_10_Parameter_20140505_P100_96s3p_track(,)" time="0.000"><error type="exceptions.Exception" message="&#10;&#10;Warning:&#10;file:///C:\edris\EDRIS_database\ComponentData\02_ElectricEnergyStorageSystem\02_ComponentData\SH05\10_Parameter\20140505_P100_96s3p_track&#10;['FMU Data missing!', 'PCP Data missing!']&#10;&#10;Error:&#10;file:///C:\edris\EDRIS_database\ComponentData\02_ElectricEnergyStorageSystem\02_ComponentData\SH05\10_Parameter\20140505_P100_96s3p_track&#10;[u'Record Data C010_P100_20140505_HEV2013_6Ah_96s3p_track_Konzeptuntersuchung is missing. ', u'Record Data T009_P100_20140505_HEV2013_6Ah_96s3p_track_Konzeptuntersuchung is missing. ']"><![CDATA[Traceback (most recent call last):
  File "C:\dongping.xie\softwares\WinPython-32bit-2.7.6.4\python-2.7.6\lib\unittest\case.py", line 331, in run
    testMethod()
  File "C:\dongping.xie\softwares\WinPython-32bit-2.7.6.4\python-2.7.6\lib\site-packages\nose-1.3.3-py2.7.egg\nose\case.py", line 197, in runTest
    self.test(*self.arg)
  File "C:\EdrisAscent\EDRISAuto\trunk\EDRIS_Management\EDRIS_Management_Tools_devel\AutoPoller\EdrisDBChecker\__init__.py", line 17, in check_exception
    raise Exception(arg_dict['exception_value'])
Exception: 

Warning:
file:///C:\edris\EDRIS_database\ComponentData\02_ElectricEnergyStorageSystem\02_ComponentData\SH05\10_Parameter\20140505_P100_96s3p_track
['FMU Data missing!', 'PCP Data missing!']

Error:
file:///C:\edris\EDRIS_database\ComponentData\02_ElectricEnergyStorageSystem\02_ComponentData\SH05\10_Parameter\20140505_P100_96s3p_track
[u'Record Data C010_P100_20140505_HEV2013_6Ah_96s3p_track_Konzeptuntersuchung is missing. ', u'Record Data T009_P100_20140505_HEV2013_6Ah_96s3p_track_Konzeptuntersuchung is missing. ']
]]></error></testcase><testcase classname="AutoPoller.EdrisDBChecker" name="_test_EDRIS_database_ComponentData_02_ElectricEnergyStorageSystem_02_ComponentData_SH05_10_Parameter_20140505_P100_96s4p_track(,)" time="0.000"><error type="exceptions.Exception" message="&#10;&#10;Warning:&#10;file:///C:\edris\EDRIS_database\ComponentData\02_ElectricEnergyStorageSystem\02_ComponentData\SH05\10_Parameter\20140505_P100_96s4p_track&#10;['FMU Data missing!', 'PCP Data missing!']&#10;&#10;Error:&#10;file:///C:\edris\EDRIS_database\ComponentData\02_ElectricEnergyStorageSystem\02_ComponentData\SH05\10_Parameter\20140505_P100_96s4p_track&#10;[u'Record Data C010_P100_20140505_HEV2013_6Ah_96s4p_track_Konzeptuntersuchung is missing. ', u'Record Data T009_P100_20140505_HEV2013_6Ah_96s4p_track_Konzeptuntersuchung is missing. ']"><![CDATA[Traceback (most recent call last):
  File "C:\dongping.xie\softwares\WinPython-32bit-2.7.6.4\python-2.7.6\lib\unittest\case.py", line 331, in run
    testMethod()
  File "C:\dongping.xie\softwares\WinPython-32bit-2.7.6.4\python-2.7.6\lib\site-packages\nose-1.3.3-py2.7.egg\nose\case.py", line 197, in runTest
    self.test(*self.arg)
  File "C:\EdrisAscent\EDRISAuto\trunk\EDRIS_Management\EDRIS_Management_Tools_devel\AutoPoller\EdrisDBChecker\__init__.py", line 17, in check_exception
    raise Exception(arg_dict['exception_value'])
Exception: 

Warning:
file:///C:\edris\EDRIS_database\ComponentData\02_ElectricEnergyStorageSystem\02_ComponentData\SH05\10_Parameter\20140505_P100_96s4p_track
['FMU Data missing!', 'PCP Data missing!']

Error:
file:///C:\edris\EDRIS_database\ComponentData\02_ElectricEnergyStorageSystem\02_ComponentData\SH05\10_Parameter\20140505_P100_96s4p_track
[u'Record Data C010_P100_20140505_HEV2013_6Ah_96s4p_track_Konzeptuntersuchung is missing. ', u'Record Data T009_P100_20140505_HEV2013_6Ah_96s4p_track_Konzeptuntersuchung is missing. ']
]]></error></testcase><testcase classname="AutoPoller.EdrisDBChecker" name="_test_EDRIS_database_ComponentData_02_ElectricEnergyStorageSystem_02_ComponentData_SH05_10_Parameter_20140626_P100_96s3p_track(,)" time="0.000"><error type="exceptions.Exception" message="&#10;&#10;Warning:&#10;file:///C:\edris\EDRIS_database\ComponentData\02_ElectricEnergyStorageSystem\02_ComponentData\SH05\10_Parameter\20140626_P100_96s3p_track&#10;['FMU Data missing!', 'PCP Data missing!']&#10;&#10;Error:&#10;file:///C:\edris\EDRIS_database\ComponentData\02_ElectricEnergyStorageSystem\02_ComponentData\SH05\10_Parameter\20140626_P100_96s3p_track&#10;[u'Record Data C010_P100_20140625_HEV2017_6_2Ah_96s3p_track_Konzeptuntersuchung_v1 is missing. ', u'Record Data T009_P100_20140625_HEV2017_6_2Ah_96s3p_track_Konzeptuntersuchung_v1 is missing. ']"><![CDATA[Traceback (most recent call last):
  File "C:\dongping.xie\softwares\WinPython-32bit-2.7.6.4\python-2.7.6\lib\unittest\case.py", line 331, in run
    testMethod()
  File "C:\dongping.xie\softwares\WinPython-32bit-2.7.6.4\python-2.7.6\lib\site-packages\nose-1.3.3-py2.7.egg\nose\case.py", line 197, in runTest
    self.test(*self.arg)
  File "C:\EdrisAscent\EDRISAuto\trunk\EDRIS_Management\EDRIS_Management_Tools_devel\AutoPoller\EdrisDBChecker\__init__.py", line 17, in check_exception
    raise Exception(arg_dict['exception_value'])
Exception: 

Warning:
file:///C:\edris\EDRIS_database\ComponentData\02_ElectricEnergyStorageSystem\02_ComponentData\SH05\10_Parameter\20140626_P100_96s3p_track
['FMU Data missing!', 'PCP Data missing!']

Error:
file:///C:\edris\EDRIS_database\ComponentData\02_ElectricEnergyStorageSystem\02_ComponentData\SH05\10_Parameter\20140626_P100_96s3p_track
[u'Record Data C010_P100_20140625_HEV2017_6_2Ah_96s3p_track_Konzeptuntersuchung_v1 is missing. ', u'Record Data T009_P100_20140625_HEV2017_6_2Ah_96s3p_track_Konzeptuntersuchung_v1 is missing. ']
]]></error></testcase><testcase classname="AutoPoller.EdrisDBChecker" name="_test_EDRIS_database_ComponentData_02_ElectricEnergyStorageSystem_02_ComponentData_SH05_10_Parameter_20140626_P100_96s4p_track(,)" time="0.000"><error type="exceptions.Exception" message="&#10;&#10;Warning:&#10;file:///C:\edris\EDRIS_database\ComponentData\02_ElectricEnergyStorageSystem\02_ComponentData\SH05\10_Parameter\20140626_P100_96s4p_track&#10;['FMU Data missing!', 'PCP Data missing!']&#10;&#10;Error:&#10;file:///C:\edris\EDRIS_database\ComponentData\02_ElectricEnergyStorageSystem\02_ComponentData\SH05\10_Parameter\20140626_P100_96s4p_track&#10;[u'Record Data C010_P100_20140625_HEV2017_6_2Ah_96s4p_track_Konzeptuntersuchung is missing. ', u'Record Data T009_P100_20140625_HEV2017_6_2Ah_96s4p_track_Konzeptuntersuchung is missing. ']"><![CDATA[Traceback (most recent call last):
  File "C:\dongping.xie\softwares\WinPython-32bit-2.7.6.4\python-2.7.6\lib\unittest\case.py", line 331, in run
    testMethod()
  File "C:\dongping.xie\softwares\WinPython-32bit-2.7.6.4\python-2.7.6\lib\site-packages\nose-1.3.3-py2.7.egg\nose\case.py", line 197, in runTest
    self.test(*self.arg)
  File "C:\EdrisAscent\EDRISAuto\trunk\EDRIS_Management\EDRIS_Management_Tools_devel\AutoPoller\EdrisDBChecker\__init__.py", line 17, in check_exception
    raise Exception(arg_dict['exception_value'])
Exception: 

Warning:
file:///C:\edris\EDRIS_database\ComponentData\02_ElectricEnergyStorageSystem\02_ComponentData\SH05\10_Parameter\20140626_P100_96s4p_track
['FMU Data missing!', 'PCP Data missing!']

Error:
file:///C:\edris\EDRIS_database\ComponentData\02_ElectricEnergyStorageSystem\02_ComponentData\SH05\10_Parameter\20140626_P100_96s4p_track
[u'Record Data C010_P100_20140625_HEV2017_6_2Ah_96s4p_track_Konzeptuntersuchung is missing. ', u'Record Data T009_P100_20140625_HEV2017_6_2Ah_96s4p_track_Konzeptuntersuchung is missing. ']
]]></error></testcase><testcase classname="AutoPoller.EdrisDBChecker" name="_test_EDRIS_database_ComponentData_02_ElectricEnergyStorageSystem_02_ComponentData_SH05_10_Parameter_20140806_P100_96s3p_track(,)" time="0.000"></testcase><testcase classname="AutoPoller.EdrisDBChecker" name="_test_EDRIS_database_ComponentData_02_ElectricEnergyStorageSystem_02_ComponentData_SH05_10_Parameter_20140806_P100_96s4p_track(,)" time="0.000"></testcase><testcase classname="AutoPoller.EdrisDBChecker" name="_test_EDRIS_database_ComponentData_02_ElectricEnergyStorageSystem_02_ComponentData_SH05_10_Parameter_20140829(,)" time="0.000"></testcase><testcase classname="AutoPoller.EdrisDBChecker" name="_test_EDRIS_database_ComponentData_02_ElectricEnergyStorageSystem_02_ComponentData_SH05_10_Parameter_20140904(,)" time="0.000"></testcase><testcase classname="AutoPoller.EdrisDBChecker" name="_test_EDRIS_database_ComponentData_02_ElectricEnergyStorageSystem_02_ComponentData_SH05_10_Parameter_20140919_Z16_Road_Gen1_5_96s4p(,)" time="0.000"></testcase><testcase classname="AutoPoller.EdrisDBChecker" name="_test_EDRIS_database_ComponentData_02_ElectricEnergyStorageSystem_02_ComponentData_SH05_10_Parameter_20140919_Z16_Road_Gen1_96s4p(,)" time="0.000"></testcase><testcase classname="AutoPoller.EdrisDBChecker" name="_test_EDRIS_database_ComponentData_02_ElectricEnergyStorageSystem_02_ComponentData_SH05_10_Parameter_20140922_Z16_Track_Gen1_96s4p(,)" time="0.000"></testcase><testcase classname="AutoPoller.EdrisDBChecker" name="_test_EDRIS_database_ComponentData_02_ElectricEnergyStorageSystem_02_ComponentData_SH05_10_Parameter_20140923_Z16_Track_Gen1_5_96s4p(,)" time="0.000"></testcase><testcase classname="AutoPoller.EdrisDBChecker" name="_test_EDRIS_database_ComponentData_02_ElectricEnergyStorageSystem_02_ComponentData_SP01_10_Parameter_20130909(,)" time="0.000"><error type="exceptions.Exception" message="&#10;&#10;Error:&#10;file:///C:\edris\EDRIS_database\ComponentData\02_ElectricEnergyStorageSystem\02_ComponentData\SP01\10_Parameter\20130909&#10;['Multiple Controller Data found!', 'Member Data Error!', 'FMU Data missing!', 'PCP Data missing!', 'Document File Error']&#10;&#10;Error:&#10;file:///C:\edris\EDRIS_database\ComponentData\02_ElectricEnergyStorageSystem\02_ComponentData\SP01\10_Parameter\20130909&#10;[u'Record Data C010_SP01_20130729_i490_LD is missing. ', u'Record Data C010_SP01_20130729_i490_P is missing. ', u'Record Data G010_SP01_20130122_C_2RC_Idep_v2 is missing. ', u'Record Data T010_SP01_20130805_C1 is missing. ']"><![CDATA[Traceback (most recent call last):
  File "C:\dongping.xie\softwares\WinPython-32bit-2.7.6.4\python-2.7.6\lib\unittest\case.py", line 331, in run
    testMethod()
  File "C:\dongping.xie\softwares\WinPython-32bit-2.7.6.4\python-2.7.6\lib\site-packages\nose-1.3.3-py2.7.egg\nose\case.py", line 197, in runTest
    self.test(*self.arg)
  File "C:\EdrisAscent\EDRISAuto\trunk\EDRIS_Management\EDRIS_Management_Tools_devel\AutoPoller\EdrisDBChecker\__init__.py", line 17, in check_exception
    raise Exception(arg_dict['exception_value'])
Exception: 

Error:
file:///C:\edris\EDRIS_database\ComponentData\02_ElectricEnergyStorageSystem\02_ComponentData\SP01\10_Parameter\20130909
['Multiple Controller Data found!', 'Member Data Error!', 'FMU Data missing!', 'PCP Data missing!', 'Document File Error']

Error:
file:///C:\edris\EDRIS_database\ComponentData\02_ElectricEnergyStorageSystem\02_ComponentData\SP01\10_Parameter\20130909
[u'Record Data C010_SP01_20130729_i490_LD is missing. ', u'Record Data C010_SP01_20130729_i490_P is missing. ', u'Record Data G010_SP01_20130122_C_2RC_Idep_v2 is missing. ', u'Record Data T010_SP01_20130805_C1 is missing. ']
]]></error></testcase><testcase classname="AutoPoller.EdrisDBChecker" name="_test_EDRIS_database_ComponentData_02_ElectricEnergyStorageSystem_02_ComponentData_SP01_10_Parameter_20141127_i8NF(,)" time="0.000"></testcase><testcase classname="AutoPoller.EdrisDBChecker" name="_test_EDRIS_database_ComponentData_02_ElectricEnergyStorageSystem_02_ComponentData_SP03_10_Parameter_2013_07_08_SP03_B1_i330P(,)" time="0.000"><error type="exceptions.Exception" message="&#10;&#10;Warning:&#10;file:///C:\edris\EDRIS_database\ComponentData\02_ElectricEnergyStorageSystem\02_ComponentData\SP03\10_Parameter\2013-07-08_SP03_B1_i330P&#10;['FMU Data missing!', 'PCP Data missing!']&#10;&#10;Error:&#10;file:///C:\edris\EDRIS_database\ComponentData\02_ElectricEnergyStorageSystem\02_ComponentData\SP03\10_Parameter\2013-07-08_SP03_B1_i330P&#10;[u'Record Data C008_SP03_20130502_I330_P is missing. ', u'Record Data G010_SP03_20130322_B1_Idep_v2 is missing. ', u'Record Data T010_SP03_20130702_B1 is missing. ']"><![CDATA[Traceback (most recent call last):
  File "C:\dongping.xie\softwares\WinPython-32bit-2.7.6.4\python-2.7.6\lib\unittest\case.py", line 331, in run
    testMethod()
  File "C:\dongping.xie\softwares\WinPython-32bit-2.7.6.4\python-2.7.6\lib\site-packages\nose-1.3.3-py2.7.egg\nose\case.py", line 197, in runTest
    self.test(*self.arg)
  File "C:\EdrisAscent\EDRISAuto\trunk\EDRIS_Management\EDRIS_Management_Tools_devel\AutoPoller\EdrisDBChecker\__init__.py", line 17, in check_exception
    raise Exception(arg_dict['exception_value'])
Exception: 

Warning:
file:///C:\edris\EDRIS_database\ComponentData\02_ElectricEnergyStorageSystem\02_ComponentData\SP03\10_Parameter\2013-07-08_SP03_B1_i330P
['FMU Data missing!', 'PCP Data missing!']

Error:
file:///C:\edris\EDRIS_database\ComponentData\02_ElectricEnergyStorageSystem\02_ComponentData\SP03\10_Parameter\2013-07-08_SP03_B1_i330P
[u'Record Data C008_SP03_20130502_I330_P is missing. ', u'Record Data G010_SP03_20130322_B1_Idep_v2 is missing. ', u'Record Data T010_SP03_20130702_B1 is missing. ']
]]></error></testcase><testcase classname="AutoPoller.EdrisDBChecker" name="_test_EDRIS_database_ComponentData_02_ElectricEnergyStorageSystem_02_ComponentData_SP03_10_Parameter_2013_09_17_SP03_B1_noiStufe_optCurLimit(,)" time="0.000"><error type="exceptions.Exception" message="&#10;&#10;Warning:&#10;file:///C:\edris\EDRIS_database\ComponentData\02_ElectricEnergyStorageSystem\02_ComponentData\SP03\10_Parameter\2013-09-17_SP03_B1_noiStufe_optCurLimit&#10;['FMU Data missing!', 'PCP Data missing!']&#10;&#10;Error:&#10;file:///C:\edris\EDRIS_database\ComponentData\02_ElectricEnergyStorageSystem\02_ComponentData\SP03\10_Parameter\2013-09-17_SP03_B1_noiStufe_optCurLimit&#10;[u'Record Data C010_SP03_20130917_noIStufe_optCurLim is missing. ', u'Record Data G010_SP03_20130322_B1_Idep_v2 is missing. ', u'Record Data T010_SP03_20130702_B1 is missing. ']"><![CDATA[Traceback (most recent call last):
  File "C:\dongping.xie\softwares\WinPython-32bit-2.7.6.4\python-2.7.6\lib\unittest\case.py", line 331, in run
    testMethod()
  File "C:\dongping.xie\softwares\WinPython-32bit-2.7.6.4\python-2.7.6\lib\site-packages\nose-1.3.3-py2.7.egg\nose\case.py", line 197, in runTest
    self.test(*self.arg)
  File "C:\EdrisAscent\EDRISAuto\trunk\EDRIS_Management\EDRIS_Management_Tools_devel\AutoPoller\EdrisDBChecker\__init__.py", line 17, in check_exception
    raise Exception(arg_dict['exception_value'])
Exception: 

Warning:
file:///C:\edris\EDRIS_database\ComponentData\02_ElectricEnergyStorageSystem\02_ComponentData\SP03\10_Parameter\2013-09-17_SP03_B1_noiStufe_optCurLimit
['FMU Data missing!', 'PCP Data missing!']

Error:
file:///C:\edris\EDRIS_database\ComponentData\02_ElectricEnergyStorageSystem\02_ComponentData\SP03\10_Parameter\2013-09-17_SP03_B1_noiStufe_optCurLimit
[u'Record Data C010_SP03_20130917_noIStufe_optCurLim is missing. ', u'Record Data G010_SP03_20130322_B1_Idep_v2 is missing. ', u'Record Data T010_SP03_20130702_B1 is missing. ']
]]></error></testcase><testcase classname="AutoPoller.EdrisDBChecker" name="_test_EDRIS_database_ComponentData_02_ElectricEnergyStorageSystem_02_ComponentData_SP03_10_Parameter_2013_11_08_SP03_B1_Zinkl_v2(,)" time="0.000"><error type="exceptions.Exception" message="&#10;&#10;Warning:&#10;file:///C:\edris\EDRIS_database\ComponentData\02_ElectricEnergyStorageSystem\02_ComponentData\SP03\10_Parameter\2013-11-08_SP03_B1_Zinkl_v2&#10;['FMU Data missing!', 'PCP Data missing!']&#10;&#10;Error:&#10;file:///C:\edris\EDRIS_database\ComponentData\02_ElectricEnergyStorageSystem\02_ComponentData\SP03\10_Parameter\2013-11-08_SP03_B1_Zinkl_v2&#10;[u'Record Data C010_SP03_20131108_Zinkl_v2_LD is missing. ', u'Record Data G010_SP03_20130322_B1_Idep_v3 is missing. ', u'Record Data T010_SP03_20130702_B1 is missing. ']"><![CDATA[Traceback (most recent call last):
  File "C:\dongping.xie\softwares\WinPython-32bit-2.7.6.4\python-2.7.6\lib\unittest\case.py", line 331, in run
    testMethod()
  File "C:\dongping.xie\softwares\WinPython-32bit-2.7.6.4\python-2.7.6\lib\site-packages\nose-1.3.3-py2.7.egg\nose\case.py", line 197, in runTest
    self.test(*self.arg)
  File "C:\EdrisAscent\EDRISAuto\trunk\EDRIS_Management\EDRIS_Management_Tools_devel\AutoPoller\EdrisDBChecker\__init__.py", line 17, in check_exception
    raise Exception(arg_dict['exception_value'])
Exception: 

Warning:
file:///C:\edris\EDRIS_database\ComponentData\02_ElectricEnergyStorageSystem\02_ComponentData\SP03\10_Parameter\2013-11-08_SP03_B1_Zinkl_v2
['FMU Data missing!', 'PCP Data missing!']

Error:
file:///C:\edris\EDRIS_database\ComponentData\02_ElectricEnergyStorageSystem\02_ComponentData\SP03\10_Parameter\2013-11-08_SP03_B1_Zinkl_v2
[u'Record Data C010_SP03_20131108_Zinkl_v2_LD is missing. ', u'Record Data G010_SP03_20130322_B1_Idep_v3 is missing. ', u'Record Data T010_SP03_20130702_B1 is missing. ']
]]></error></testcase><testcase classname="AutoPoller.EdrisDBChecker" name="_test_EDRIS_database_ComponentData_02_ElectricEnergyStorageSystem_02_ComponentData_SP03_10_Parameter_2014_04_11(,)" time="0.000"><error type="exceptions.Exception" message="&#10;&#10;Warning:&#10;file:///C:\edris\EDRIS_database\ComponentData\02_ElectricEnergyStorageSystem\02_ComponentData\SP03\10_Parameter\2014-04-11&#10;['FMU Data missing!', 'PCP Data missing!']&#10;&#10;Error:&#10;file:///C:\edris\EDRIS_database\ComponentData\02_ElectricEnergyStorageSystem\02_ComponentData\SP03\10_Parameter\2014-04-11&#10;[u'Record Data C010_SP03_20140325_i400_v2 is missing. ', u'Record Data T010_SP03_20130702_B1 is missing. ']"><![CDATA[Traceback (most recent call last):
  File "C:\dongping.xie\softwares\WinPython-32bit-2.7.6.4\python-2.7.6\lib\unittest\case.py", line 331, in run
    testMethod()
  File "C:\dongping.xie\softwares\WinPython-32bit-2.7.6.4\python-2.7.6\lib\site-packages\nose-1.3.3-py2.7.egg\nose\case.py", line 197, in runTest
    self.test(*self.arg)
  File "C:\EdrisAscent\EDRISAuto\trunk\EDRIS_Management\EDRIS_Management_Tools_devel\AutoPoller\EdrisDBChecker\__init__.py", line 17, in check_exception
    raise Exception(arg_dict['exception_value'])
Exception: 

Warning:
file:///C:\edris\EDRIS_database\ComponentData\02_ElectricEnergyStorageSystem\02_ComponentData\SP03\10_Parameter\2014-04-11
['FMU Data missing!', 'PCP Data missing!']

Error:
file:///C:\edris\EDRIS_database\ComponentData\02_ElectricEnergyStorageSystem\02_ComponentData\SP03\10_Parameter\2014-04-11
[u'Record Data C010_SP03_20140325_i400_v2 is missing. ', u'Record Data T010_SP03_20130702_B1 is missing. ']
]]></error></testcase><testcase classname="AutoPoller.EdrisDBChecker" name="_test_EDRIS_database_ComponentData_02_ElectricEnergyStorageSystem_02_ComponentData_SP03_10_Parameter_2014_07_16(,)" time="0.000"></testcase><testcase classname="AutoPoller.EdrisDBChecker" name="_test_EDRIS_database_ComponentData_02_ElectricEnergyStorageSystem_02_ComponentData_SP03_10_Parameter_2014_08_29(,)" time="0.000"></testcase><testcase classname="AutoPoller.EdrisDBChecker" name="_test_EDRIS_database_ComponentData_02_ElectricEnergyStorageSystem_02_ComponentData_SP03_10_Parameter_2014_12_12(,)" time="0.000"><error type="exceptions.Exception" message="&#10;&#10;Warning:&#10;file:///C:\edris\EDRIS_database\ComponentData\02_ElectricEnergyStorageSystem\02_ComponentData\SP03\10_Parameter\2014-12-12&#10;['FMU Data missing!', 'PCP Data missing!']&#10;&#10;Error:&#10;file:///C:\edris\EDRIS_database\ComponentData\02_ElectricEnergyStorageSystem\02_ComponentData\SP03\10_Parameter\2014-12-12&#10;[u'Record Data C013_SP03_20141211_Meta23 is missing. ']"><![CDATA[Traceback (most recent call last):
  File "C:\dongping.xie\softwares\WinPython-32bit-2.7.6.4\python-2.7.6\lib\unittest\case.py", line 331, in run
    testMethod()
  File "C:\dongping.xie\softwares\WinPython-32bit-2.7.6.4\python-2.7.6\lib\site-packages\nose-1.3.3-py2.7.egg\nose\case.py", line 197, in runTest
    self.test(*self.arg)
  File "C:\EdrisAscent\EDRISAuto\trunk\EDRIS_Management\EDRIS_Management_Tools_devel\AutoPoller\EdrisDBChecker\__init__.py", line 17, in check_exception
    raise Exception(arg_dict['exception_value'])
Exception: 

Warning:
file:///C:\edris\EDRIS_database\ComponentData\02_ElectricEnergyStorageSystem\02_ComponentData\SP03\10_Parameter\2014-12-12
['FMU Data missing!', 'PCP Data missing!']

Error:
file:///C:\edris\EDRIS_database\ComponentData\02_ElectricEnergyStorageSystem\02_ComponentData\SP03\10_Parameter\2014-12-12
[u'Record Data C013_SP03_20141211_Meta23 is missing. ']
]]></error></testcase><testcase classname="AutoPoller.EdrisDBChecker" name="_test_EDRIS_database_ComponentData_02_ElectricEnergyStorageSystem_02_ComponentData_SP05_10_Parameter_2013_09_20_SP05_UKL_B1_i310(,)" time="0.000"><error type="exceptions.Exception" message="&#10;&#10;Error:&#10;file:///C:\edris\EDRIS_database\ComponentData\02_ElectricEnergyStorageSystem\02_ComponentData\SP05\10_Parameter\2013-09-20_SP05_UKL_B1_i310&#10;['Multiple Controller Data found!', 'Member Data Error!', 'FMU Data missing!', 'PCP Data missing!']&#10;&#10;Error:&#10;file:///C:\edris\EDRIS_database\ComponentData\02_ElectricEnergyStorageSystem\02_ComponentData\SP05\10_Parameter\2013-09-20_SP05_UKL_B1_i310&#10;[u'Record Data C010_SP05_20130502_I310_LD is missing. ', u'Record Data C010_SP05_20130502_I310_P is missing. ', u'Record Data G010_SP05_20130322_B1_Idep_v3 is missing. ', u'Record Data T010_SP05_20130702_B1 is missing. ']"><![CDATA[Traceback (most recent call last):
  File "C:\dongping.xie\softwares\WinPython-32bit-2.7.6.4\python-2.7.6\lib\unittest\case.py", line 331, in run
    testMethod()
  File "C:\dongping.xie\softwares\WinPython-32bit-2.7.6.4\python-2.7.6\lib\site-packages\nose-1.3.3-py2.7.egg\nose\case.py", line 197, in runTest
    self.test(*self.arg)
  File "C:\EdrisAscent\EDRISAuto\trunk\EDRIS_Management\EDRIS_Management_Tools_devel\AutoPoller\EdrisDBChecker\__init__.py", line 17, in check_exception
    raise Exception(arg_dict['exception_value'])
Exception: 

Error:
file:///C:\edris\EDRIS_database\ComponentData\02_ElectricEnergyStorageSystem\02_ComponentData\SP05\10_Parameter\2013-09-20_SP05_UKL_B1_i310
['Multiple Controller Data found!', 'Member Data Error!', 'FMU Data missing!', 'PCP Data missing!']

Error:
file:///C:\edris\EDRIS_database\ComponentData\02_ElectricEnergyStorageSystem\02_ComponentData\SP05\10_Parameter\2013-09-20_SP05_UKL_B1_i310
[u'Record Data C010_SP05_20130502_I310_LD is missing. ', u'Record Data C010_SP05_20130502_I310_P is missing. ', u'Record Data G010_SP05_20130322_B1_Idep_v3 is missing. ', u'Record Data T010_SP05_20130702_B1 is missing. ']
]]></error></testcase><testcase classname="AutoPoller.EdrisDBChecker" name="_test_EDRIS_database_ComponentData_02_ElectricEnergyStorageSystem_02_ComponentData_SP05_10_Parameter_2014_02_07_SP05_Zinkl_2(,)" time="0.000"><error type="exceptions.Exception" message="&#10;&#10;Warning:&#10;file:///C:\edris\EDRIS_database\ComponentData\02_ElectricEnergyStorageSystem\02_ComponentData\SP05\10_Parameter\2014-02-07_SP05_Zinkl_2&#10;['FMU Data missing!', 'PCP Data missing!']&#10;&#10;Error:&#10;file:///C:\edris\EDRIS_database\ComponentData\02_ElectricEnergyStorageSystem\02_ComponentData\SP05\10_Parameter\2014-02-07_SP05_Zinkl_2&#10;[u'Record Data C010_SP05_20140206_Zinkl_2 is missing. ', u'Record Data G010_SP05_20130322_B1_Idep_v3 is missing. ', u'Record Data T010_SP05_20130702_B1 is missing. ']"><![CDATA[Traceback (most recent call last):
  File "C:\dongping.xie\softwares\WinPython-32bit-2.7.6.4\python-2.7.6\lib\unittest\case.py", line 331, in run
    testMethod()
  File "C:\dongping.xie\softwares\WinPython-32bit-2.7.6.4\python-2.7.6\lib\site-packages\nose-1.3.3-py2.7.egg\nose\case.py", line 197, in runTest
    self.test(*self.arg)
  File "C:\EdrisAscent\EDRISAuto\trunk\EDRIS_Management\EDRIS_Management_Tools_devel\AutoPoller\EdrisDBChecker\__init__.py", line 17, in check_exception
    raise Exception(arg_dict['exception_value'])
Exception: 

Warning:
file:///C:\edris\EDRIS_database\ComponentData\02_ElectricEnergyStorageSystem\02_ComponentData\SP05\10_Parameter\2014-02-07_SP05_Zinkl_2
['FMU Data missing!', 'PCP Data missing!']

Error:
file:///C:\edris\EDRIS_database\ComponentData\02_ElectricEnergyStorageSystem\02_ComponentData\SP05\10_Parameter\2014-02-07_SP05_Zinkl_2
[u'Record Data C010_SP05_20140206_Zinkl_2 is missing. ', u'Record Data G010_SP05_20130322_B1_Idep_v3 is missing. ', u'Record Data T010_SP05_20130702_B1 is missing. ']
]]></error></testcase><testcase classname="AutoPoller.EdrisDBChecker" name="_test_EDRIS_database_ComponentData_02_ElectricEnergyStorageSystem_02_ComponentData_SP05_10_Parameter_2014_04_11(,)" time="0.000"><error type="exceptions.Exception" message="&#10;&#10;Warning:&#10;file:///C:\edris\EDRIS_database\ComponentData\02_ElectricEnergyStorageSystem\02_ComponentData\SP05\10_Parameter\2014-04-11&#10;['PCP Data missing!']&#10;&#10;Error:&#10;file:///C:\edris\EDRIS_database\ComponentData\02_ElectricEnergyStorageSystem\02_ComponentData\SP05\10_Parameter\2014-04-11&#10;[u'Record Data C010_SP05_20140325_i330_v2 is missing. ', u'Record Data T010_SP05_20130702_B1 is missing. ']"><![CDATA[Traceback (most recent call last):
  File "C:\dongping.xie\softwares\WinPython-32bit-2.7.6.4\python-2.7.6\lib\unittest\case.py", line 331, in run
    testMethod()
  File "C:\dongping.xie\softwares\WinPython-32bit-2.7.6.4\python-2.7.6\lib\site-packages\nose-1.3.3-py2.7.egg\nose\case.py", line 197, in runTest
    self.test(*self.arg)
  File "C:\EdrisAscent\EDRISAuto\trunk\EDRIS_Management\EDRIS_Management_Tools_devel\AutoPoller\EdrisDBChecker\__init__.py", line 17, in check_exception
    raise Exception(arg_dict['exception_value'])
Exception: 

Warning:
file:///C:\edris\EDRIS_database\ComponentData\02_ElectricEnergyStorageSystem\02_ComponentData\SP05\10_Parameter\2014-04-11
['PCP Data missing!']

Error:
file:///C:\edris\EDRIS_database\ComponentData\02_ElectricEnergyStorageSystem\02_ComponentData\SP05\10_Parameter\2014-04-11
[u'Record Data C010_SP05_20140325_i330_v2 is missing. ', u'Record Data T010_SP05_20130702_B1 is missing. ']
]]></error></testcase><testcase classname="AutoPoller.EdrisDBChecker" name="_test_EDRIS_database_ComponentData_02_ElectricEnergyStorageSystem_02_ComponentData_SP05_10_Parameter_2014_07_16(,)" time="0.000"></testcase><testcase classname="AutoPoller.EdrisDBChecker" name="_test_EDRIS_database_ComponentData_02_ElectricEnergyStorageSystem_02_ComponentData_SP05_10_Parameter_2014_08_29(,)" time="0.000"></testcase><testcase classname="AutoPoller.EdrisDBChecker" name="_test_EDRIS_database_ComponentData_02_ElectricEnergyStorageSystem_02_ComponentData_SP05_10_Parameter_2014_12_04(,)" time="0.000"></testcase><testcase classname="AutoPoller.EdrisDBChecker" name="_test_EDRIS_database_ComponentData_02_ElectricEnergyStorageSystem_02_ComponentData_SP05_10_Parameter_2014_12_12(,)" time="0.000"></testcase><testcase classname="AutoPoller.EdrisDBChecker" name="_test_EDRIS_database_ComponentData_02_ElectricEnergyStorageSystem_02_ComponentData_SP06_10_Parameter_20130821(,)" time="0.000"><error type="exceptions.Exception" message="&#10;&#10;Warning:&#10;file:///C:\edris\EDRIS_database\ComponentData\02_ElectricEnergyStorageSystem\02_ComponentData\SP06\10_Parameter\20130821&#10;['FMU Data missing!', 'PCP Data missing!']&#10;&#10;Error:&#10;file:///C:\edris\EDRIS_database\ComponentData\02_ElectricEnergyStorageSystem\02_ComponentData\SP06\10_Parameter\20130821&#10;[u'Record Data C008_SP06_20120924_i190_P is missing. ', u'Record Data G010_SP06_20130122_PHEV1_C_2RC_Idep is missing. ', u'Record Data T010_SP06_20120810_PHEV1C is missing. ']"><![CDATA[Traceback (most recent call last):
  File "C:\dongping.xie\softwares\WinPython-32bit-2.7.6.4\python-2.7.6\lib\unittest\case.py", line 331, in run
    testMethod()
  File "C:\dongping.xie\softwares\WinPython-32bit-2.7.6.4\python-2.7.6\lib\site-packages\nose-1.3.3-py2.7.egg\nose\case.py", line 197, in runTest
    self.test(*self.arg)
  File "C:\EdrisAscent\EDRISAuto\trunk\EDRIS_Management\EDRIS_Management_Tools_devel\AutoPoller\EdrisDBChecker\__init__.py", line 17, in check_exception
    raise Exception(arg_dict['exception_value'])
Exception: 

Warning:
file:///C:\edris\EDRIS_database\ComponentData\02_ElectricEnergyStorageSystem\02_ComponentData\SP06\10_Parameter\20130821
['FMU Data missing!', 'PCP Data missing!']

Error:
file:///C:\edris\EDRIS_database\ComponentData\02_ElectricEnergyStorageSystem\02_ComponentData\SP06\10_Parameter\20130821
[u'Record Data C008_SP06_20120924_i190_P is missing. ', u'Record Data G010_SP06_20130122_PHEV1_C_2RC_Idep is missing. ', u'Record Data T010_SP06_20120810_PHEV1C is missing. ']
]]></error></testcase><testcase classname="AutoPoller.EdrisDBChecker" name="_test_EDRIS_database_ComponentData_02_ElectricEnergyStorageSystem_02_ComponentData_SP06_10_Parameter_20131125(,)" time="0.000"><error type="exceptions.Exception" message="&#10;&#10;Warning:&#10;file:///C:\edris\EDRIS_database\ComponentData\02_ElectricEnergyStorageSystem\02_ComponentData\SP06\10_Parameter\20131125&#10;['FMU Data missing!', 'PCP Data missing!']&#10;&#10;Error:&#10;file:///C:\edris\EDRIS_database\ComponentData\02_ElectricEnergyStorageSystem\02_ComponentData\SP06\10_Parameter\20131125&#10;[u'Record Data C010_SP06_20120924_i190_P is missing. ', u'Record Data G010_SP06_20130122_PHEV1_C_2RC_Idep is missing. ', u'Record Data T010_SP06_20120810_PHEV1C is missing. ']"><![CDATA[Traceback (most recent call last):
  File "C:\dongping.xie\softwares\WinPython-32bit-2.7.6.4\python-2.7.6\lib\unittest\case.py", line 331, in run
    testMethod()
  File "C:\dongping.xie\softwares\WinPython-32bit-2.7.6.4\python-2.7.6\lib\site-packages\nose-1.3.3-py2.7.egg\nose\case.py", line 197, in runTest
    self.test(*self.arg)
  File "C:\EdrisAscent\EDRISAuto\trunk\EDRIS_Management\EDRIS_Management_Tools_devel\AutoPoller\EdrisDBChecker\__init__.py", line 17, in check_exception
    raise Exception(arg_dict['exception_value'])
Exception: 

Warning:
file:///C:\edris\EDRIS_database\ComponentData\02_ElectricEnergyStorageSystem\02_ComponentData\SP06\10_Parameter\20131125
['FMU Data missing!', 'PCP Data missing!']

Error:
file:///C:\edris\EDRIS_database\ComponentData\02_ElectricEnergyStorageSystem\02_ComponentData\SP06\10_Parameter\20131125
[u'Record Data C010_SP06_20120924_i190_P is missing. ', u'Record Data G010_SP06_20130122_PHEV1_C_2RC_Idep is missing. ', u'Record Data T010_SP06_20120810_PHEV1C is missing. ']
]]></error></testcase><testcase classname="AutoPoller.EdrisDBChecker" name="_test_EDRIS_database_ComponentData_02_ElectricEnergyStorageSystem_02_ComponentData_SP06_10_Parameter_2014_02_11_SP06_Zinkl_2(,)" time="0.000"><error type="exceptions.Exception" message="&#10;&#10;Warning:&#10;file:///C:\edris\EDRIS_database\ComponentData\02_ElectricEnergyStorageSystem\02_ComponentData\SP06\10_Parameter\2014-02-11_SP06_Zinkl_2&#10;['FMU Data missing!', 'PCP Data missing!']&#10;&#10;Error:&#10;file:///C:\edris\EDRIS_database\ComponentData\02_ElectricEnergyStorageSystem\02_ComponentData\SP06\10_Parameter\2014-02-11_SP06_Zinkl_2&#10;[u'Record Data C010_SP06_20140210_Zinkl_2 is missing. ', u'Record Data G010_SP06_20130322_B1_Idep_v3 is missing. ', u'Record Data T010_SP06_20130702_B1 is missing. ']"><![CDATA[Traceback (most recent call last):
  File "C:\dongping.xie\softwares\WinPython-32bit-2.7.6.4\python-2.7.6\lib\unittest\case.py", line 331, in run
    testMethod()
  File "C:\dongping.xie\softwares\WinPython-32bit-2.7.6.4\python-2.7.6\lib\site-packages\nose-1.3.3-py2.7.egg\nose\case.py", line 197, in runTest
    self.test(*self.arg)
  File "C:\EdrisAscent\EDRISAuto\trunk\EDRIS_Management\EDRIS_Management_Tools_devel\AutoPoller\EdrisDBChecker\__init__.py", line 17, in check_exception
    raise Exception(arg_dict['exception_value'])
Exception: 

Warning:
file:///C:\edris\EDRIS_database\ComponentData\02_ElectricEnergyStorageSystem\02_ComponentData\SP06\10_Parameter\2014-02-11_SP06_Zinkl_2
['FMU Data missing!', 'PCP Data missing!']

Error:
file:///C:\edris\EDRIS_database\ComponentData\02_ElectricEnergyStorageSystem\02_ComponentData\SP06\10_Parameter\2014-02-11_SP06_Zinkl_2
[u'Record Data C010_SP06_20140210_Zinkl_2 is missing. ', u'Record Data G010_SP06_20130322_B1_Idep_v3 is missing. ', u'Record Data T010_SP06_20130702_B1 is missing. ']
]]></error></testcase><testcase classname="AutoPoller.EdrisDBChecker" name="_test_EDRIS_database_ComponentData_02_ElectricEnergyStorageSystem_02_ComponentData_SP06_10_Parameter_2014_12_12(,)" time="0.000"></testcase><testcase classname="AutoPoller.EdrisDBChecker" name="_test_EDRIS_database_ComponentData_02_ElectricEnergyStorageSystem_02_ComponentData_SP06_10_Parameter_20140317(,)" time="0.000"><error type="exceptions.Exception" message="&#10;&#10;Warning:&#10;file:///C:\edris\EDRIS_database\ComponentData\02_ElectricEnergyStorageSystem\02_ComponentData\SP06\10_Parameter\20140317&#10;['FMU Data missing!', 'PCP Data missing!']&#10;&#10;Error:&#10;file:///C:\edris\EDRIS_database\ComponentData\02_ElectricEnergyStorageSystem\02_ComponentData\SP06\10_Parameter\20140317&#10;[u'Record Data C010_SP06_20140317_i330 is missing. ', u'Record Data T010_SP06_20130702_B1 is missing. ']"><![CDATA[Traceback (most recent call last):
  File "C:\dongping.xie\softwares\WinPython-32bit-2.7.6.4\python-2.7.6\lib\unittest\case.py", line 331, in run
    testMethod()
  File "C:\dongping.xie\softwares\WinPython-32bit-2.7.6.4\python-2.7.6\lib\site-packages\nose-1.3.3-py2.7.egg\nose\case.py", line 197, in runTest
    self.test(*self.arg)
  File "C:\EdrisAscent\EDRISAuto\trunk\EDRIS_Management\EDRIS_Management_Tools_devel\AutoPoller\EdrisDBChecker\__init__.py", line 17, in check_exception
    raise Exception(arg_dict['exception_value'])
Exception: 

Warning:
file:///C:\edris\EDRIS_database\ComponentData\02_ElectricEnergyStorageSystem\02_ComponentData\SP06\10_Parameter\20140317
['FMU Data missing!', 'PCP Data missing!']

Error:
file:///C:\edris\EDRIS_database\ComponentData\02_ElectricEnergyStorageSystem\02_ComponentData\SP06\10_Parameter\20140317
[u'Record Data C010_SP06_20140317_i330 is missing. ', u'Record Data T010_SP06_20130702_B1 is missing. ']
]]></error></testcase><testcase classname="AutoPoller.EdrisDBChecker" name="_test_EDRIS_database_ComponentData_02_ElectricEnergyStorageSystem_02_ComponentData_SP06_10_Parameter_20140411(,)" time="0.001"><error type="exceptions.Exception" message="&#10;&#10;Warning:&#10;file:///C:\edris\EDRIS_database\ComponentData\02_ElectricEnergyStorageSystem\02_ComponentData\SP06\10_Parameter\20140411&#10;['FMU Data missing!', 'PCP Data missing!']&#10;&#10;Error:&#10;file:///C:\edris\EDRIS_database\ComponentData\02_ElectricEnergyStorageSystem\02_ComponentData\SP06\10_Parameter\20140411&#10;[u'Record Data C010_SP06_20140317_i330_v3 is missing. ', u'Record Data T010_SP06_20130702_B1 is missing. ']"><![CDATA[Traceback (most recent call last):
  File "C:\dongping.xie\softwares\WinPython-32bit-2.7.6.4\python-2.7.6\lib\unittest\case.py", line 331, in run
    testMethod()
  File "C:\dongping.xie\softwares\WinPython-32bit-2.7.6.4\python-2.7.6\lib\site-packages\nose-1.3.3-py2.7.egg\nose\case.py", line 197, in runTest
    self.test(*self.arg)
  File "C:\EdrisAscent\EDRISAuto\trunk\EDRIS_Management\EDRIS_Management_Tools_devel\AutoPoller\EdrisDBChecker\__init__.py", line 17, in check_exception
    raise Exception(arg_dict['exception_value'])
Exception: 

Warning:
file:///C:\edris\EDRIS_database\ComponentData\02_ElectricEnergyStorageSystem\02_ComponentData\SP06\10_Parameter\20140411
['FMU Data missing!', 'PCP Data missing!']

Error:
file:///C:\edris\EDRIS_database\ComponentData\02_ElectricEnergyStorageSystem\02_ComponentData\SP06\10_Parameter\20140411
[u'Record Data C010_SP06_20140317_i330_v3 is missing. ', u'Record Data T010_SP06_20130702_B1 is missing. ']
]]></error></testcase><testcase classname="AutoPoller.EdrisDBChecker" name="_test_EDRIS_database_ComponentData_02_ElectricEnergyStorageSystem_02_ComponentData_SP06_10_Parameter_20140623(,)" time="0.000"><error type="exceptions.Exception" message="&#10;&#10;Warning:&#10;file:///C:\edris\EDRIS_database\ComponentData\02_ElectricEnergyStorageSystem\02_ComponentData\SP06\10_Parameter\20140623&#10;['PCP Data missing!']&#10;&#10;Error:&#10;file:///C:\edris\EDRIS_database\ComponentData\02_ElectricEnergyStorageSystem\02_ComponentData\SP06\10_Parameter\20140623&#10;[u'Record Data C010_SP06_20140317_i330_v3_BewertungDOD75 is missing. ', u'Record Data T010_SP06_20130702_B1 is missing. ']"><![CDATA[Traceback (most recent call last):
  File "C:\dongping.xie\softwares\WinPython-32bit-2.7.6.4\python-2.7.6\lib\unittest\case.py", line 331, in run
    testMethod()
  File "C:\dongping.xie\softwares\WinPython-32bit-2.7.6.4\python-2.7.6\lib\site-packages\nose-1.3.3-py2.7.egg\nose\case.py", line 197, in runTest
    self.test(*self.arg)
  File "C:\EdrisAscent\EDRISAuto\trunk\EDRIS_Management\EDRIS_Management_Tools_devel\AutoPoller\EdrisDBChecker\__init__.py", line 17, in check_exception
    raise Exception(arg_dict['exception_value'])
Exception: 

Warning:
file:///C:\edris\EDRIS_database\ComponentData\02_ElectricEnergyStorageSystem\02_ComponentData\SP06\10_Parameter\20140623
['PCP Data missing!']

Error:
file:///C:\edris\EDRIS_database\ComponentData\02_ElectricEnergyStorageSystem\02_ComponentData\SP06\10_Parameter\20140623
[u'Record Data C010_SP06_20140317_i330_v3_BewertungDOD75 is missing. ', u'Record Data T010_SP06_20130702_B1 is missing. ']
]]></error></testcase><testcase classname="AutoPoller.EdrisDBChecker" name="_test_EDRIS_database_ComponentData_02_ElectricEnergyStorageSystem_02_ComponentData_SP06_10_Parameter_20140829(,)" time="0.000"></testcase><testcase classname="AutoPoller.EdrisDBChecker" name="_test_EDRIS_database_ComponentData_02_ElectricEnergyStorageSystem_02_ComponentData_SP06_10_Parameter_20160716(,)" time="0.000"></testcase><testcase classname="AutoPoller.EdrisDBChecker" name="_test_EDRIS_database_ComponentData_02_ElectricEnergyStorageSystem_02_ComponentData_SP09_10_Parameter_2013_04_15(,)" time="0.000"><error type="exceptions.Exception" message="&#10;&#10;Warning:&#10;file:///C:\edris\EDRIS_database\ComponentData\02_ElectricEnergyStorageSystem\02_ComponentData\SP09\10_Parameter\2013-04-15&#10;['FMU Data missing!', 'PCP Data missing!']&#10;&#10;Error:&#10;file:///C:\edris\EDRIS_database\ComponentData\02_ElectricEnergyStorageSystem\02_ComponentData\SP09\10_Parameter\2013-04-15&#10;[u'Record Data C006_SP05_20130311_I291_P is missing. ', u'Record Data G007_SP09_20130122_PHEV1_C_2RC_Idep is missing. ', u'Record Data T007_SP09_20120810_PHEV1C is missing. ']"><![CDATA[Traceback (most recent call last):
  File "C:\dongping.xie\softwares\WinPython-32bit-2.7.6.4\python-2.7.6\lib\unittest\case.py", line 331, in run
    testMethod()
  File "C:\dongping.xie\softwares\WinPython-32bit-2.7.6.4\python-2.7.6\lib\site-packages\nose-1.3.3-py2.7.egg\nose\case.py", line 197, in runTest
    self.test(*self.arg)
  File "C:\EdrisAscent\EDRISAuto\trunk\EDRIS_Management\EDRIS_Management_Tools_devel\AutoPoller\EdrisDBChecker\__init__.py", line 17, in check_exception
    raise Exception(arg_dict['exception_value'])
Exception: 

Warning:
file:///C:\edris\EDRIS_database\ComponentData\02_ElectricEnergyStorageSystem\02_ComponentData\SP09\10_Parameter\2013-04-15
['FMU Data missing!', 'PCP Data missing!']

Error:
file:///C:\edris\EDRIS_database\ComponentData\02_ElectricEnergyStorageSystem\02_ComponentData\SP09\10_Parameter\2013-04-15
[u'Record Data C006_SP05_20130311_I291_P is missing. ', u'Record Data G007_SP09_20130122_PHEV1_C_2RC_Idep is missing. ', u'Record Data T007_SP09_20120810_PHEV1C is missing. ']
]]></error></testcase><testcase classname="AutoPoller.EdrisDBChecker" name="_test_EDRIS_database_ComponentData_02_ElectricEnergyStorageSystem_02_ComponentData_SP09_10_Parameter_2013_04_23_HLib(,)" time="0.000"><error type="exceptions.Exception" message="&#10;&#10;Warning:&#10;file:///C:\edris\EDRIS_database\ComponentData\02_ElectricEnergyStorageSystem\02_ComponentData\SP09\10_Parameter\2013-04-23_HLib&#10;['FMU Data missing!', 'PCP Data missing!']&#10;&#10;Error:&#10;file:///C:\edris\EDRIS_database\ComponentData\02_ElectricEnergyStorageSystem\02_ComponentData\SP09\10_Parameter\2013-04-23_HLib&#10;[u'Record Data C006_SP05_20130311_I291_P is missing. ', u'Record Data G006_SP09_20120612_PHEV1B2_LD_SOCdep is missing. ', u'Record Data T007_SP09_20120810_PHEV1C is missing. ']"><![CDATA[Traceback (most recent call last):
  File "C:\dongping.xie\softwares\WinPython-32bit-2.7.6.4\python-2.7.6\lib\unittest\case.py", line 331, in run
    testMethod()
  File "C:\dongping.xie\softwares\WinPython-32bit-2.7.6.4\python-2.7.6\lib\site-packages\nose-1.3.3-py2.7.egg\nose\case.py", line 197, in runTest
    self.test(*self.arg)
  File "C:\EdrisAscent\EDRISAuto\trunk\EDRIS_Management\EDRIS_Management_Tools_devel\AutoPoller\EdrisDBChecker\__init__.py", line 17, in check_exception
    raise Exception(arg_dict['exception_value'])
Exception: 

Warning:
file:///C:\edris\EDRIS_database\ComponentData\02_ElectricEnergyStorageSystem\02_ComponentData\SP09\10_Parameter\2013-04-23_HLib
['FMU Data missing!', 'PCP Data missing!']

Error:
file:///C:\edris\EDRIS_database\ComponentData\02_ElectricEnergyStorageSystem\02_ComponentData\SP09\10_Parameter\2013-04-23_HLib
[u'Record Data C006_SP05_20130311_I291_P is missing. ', u'Record Data G006_SP09_20120612_PHEV1B2_LD_SOCdep is missing. ', u'Record Data T007_SP09_20120810_PHEV1C is missing. ']
]]></error></testcase><testcase classname="AutoPoller.EdrisDBChecker" name="_test_EDRIS_database_ComponentData_02_ElectricEnergyStorageSystem_02_ComponentData_SP09_10_Parameter_20130821(,)" time="0.000"><error type="exceptions.Exception" message="&#10;&#10;Warning:&#10;file:///C:\edris\EDRIS_database\ComponentData\02_ElectricEnergyStorageSystem\02_ComponentData\SP09\10_Parameter\20130821&#10;['FMU Data missing!', 'PCP Data missing!']&#10;&#10;Error:&#10;file:///C:\edris\EDRIS_database\ComponentData\02_ElectricEnergyStorageSystem\02_ComponentData\SP09\10_Parameter\20130821&#10;[u'Record Data C008_SP05_20130311_I291_P is missing. ', u'Record Data G010_SP09_20130122_PHEV1_C_2RC_Idep is missing. ', u'Record Data T010_SP09_20120810_PHEV1C is missing. ']"><![CDATA[Traceback (most recent call last):
  File "C:\dongping.xie\softwares\WinPython-32bit-2.7.6.4\python-2.7.6\lib\unittest\case.py", line 331, in run
    testMethod()
  File "C:\dongping.xie\softwares\WinPython-32bit-2.7.6.4\python-2.7.6\lib\site-packages\nose-1.3.3-py2.7.egg\nose\case.py", line 197, in runTest
    self.test(*self.arg)
  File "C:\EdrisAscent\EDRISAuto\trunk\EDRIS_Management\EDRIS_Management_Tools_devel\AutoPoller\EdrisDBChecker\__init__.py", line 17, in check_exception
    raise Exception(arg_dict['exception_value'])
Exception: 

Warning:
file:///C:\edris\EDRIS_database\ComponentData\02_ElectricEnergyStorageSystem\02_ComponentData\SP09\10_Parameter\20130821
['FMU Data missing!', 'PCP Data missing!']

Error:
file:///C:\edris\EDRIS_database\ComponentData\02_ElectricEnergyStorageSystem\02_ComponentData\SP09\10_Parameter\20130821
[u'Record Data C008_SP05_20130311_I291_P is missing. ', u'Record Data G010_SP09_20130122_PHEV1_C_2RC_Idep is missing. ', u'Record Data T010_SP09_20120810_PHEV1C is missing. ']
]]></error></testcase><testcase classname="AutoPoller.EdrisDBChecker" name="_test_EDRIS_database_ComponentData_02_ElectricEnergyStorageSystem_02_ComponentData_SP09_10_Parameter_20131125(,)" time="0.000"><error type="exceptions.Exception" message="&#10;&#10;Warning:&#10;file:///C:\edris\EDRIS_database\ComponentData\02_ElectricEnergyStorageSystem\02_ComponentData\SP09\10_Parameter\20131125&#10;['FMU Data missing!', 'PCP Data missing!']&#10;&#10;Error:&#10;file:///C:\edris\EDRIS_database\ComponentData\02_ElectricEnergyStorageSystem\02_ComponentData\SP09\10_Parameter\20131125&#10;[u'Record Data C010_SP05_20130311_I291_P is missing. ', u'Record Data G010_SP09_20130122_PHEV1_C_2RC_Idep is missing. ', u'Record Data T010_SP09_20120810_PHEV1C is missing. ']"><![CDATA[Traceback (most recent call last):
  File "C:\dongping.xie\softwares\WinPython-32bit-2.7.6.4\python-2.7.6\lib\unittest\case.py", line 331, in run
    testMethod()
  File "C:\dongping.xie\softwares\WinPython-32bit-2.7.6.4\python-2.7.6\lib\site-packages\nose-1.3.3-py2.7.egg\nose\case.py", line 197, in runTest
    self.test(*self.arg)
  File "C:\EdrisAscent\EDRISAuto\trunk\EDRIS_Management\EDRIS_Management_Tools_devel\AutoPoller\EdrisDBChecker\__init__.py", line 17, in check_exception
    raise Exception(arg_dict['exception_value'])
Exception: 

Warning:
file:///C:\edris\EDRIS_database\ComponentData\02_ElectricEnergyStorageSystem\02_ComponentData\SP09\10_Parameter\20131125
['FMU Data missing!', 'PCP Data missing!']

Error:
file:///C:\edris\EDRIS_database\ComponentData\02_ElectricEnergyStorageSystem\02_ComponentData\SP09\10_Parameter\20131125
[u'Record Data C010_SP05_20130311_I291_P is missing. ', u'Record Data G010_SP09_20130122_PHEV1_C_2RC_Idep is missing. ', u'Record Data T010_SP09_20120810_PHEV1C is missing. ']
]]></error></testcase><testcase classname="AutoPoller.EdrisDBChecker" name="_test_EDRIS_database_ComponentData_02_ElectricEnergyStorageSystem_02_ComponentData_SP09_10_Parameter_2014_12_12(,)" time="0.001"></testcase><testcase classname="AutoPoller.EdrisDBChecker" name="_test_EDRIS_database_ComponentData_02_ElectricEnergyStorageSystem_02_ComponentData_SP09_10_Parameter_20140411(,)" time="0.000"><error type="exceptions.Exception" message="&#10;&#10;Warning:&#10;file:///C:\edris\EDRIS_database\ComponentData\02_ElectricEnergyStorageSystem\02_ComponentData\SP09\10_Parameter\20140411&#10;['FMU Data missing!', 'PCP Data missing!']&#10;&#10;Error:&#10;file:///C:\edris\EDRIS_database\ComponentData\02_ElectricEnergyStorageSystem\02_ComponentData\SP09\10_Parameter\20140411&#10;[u'Record Data C010_SP09_20140325_SP05_i330_v2 is missing. ', u'Record Data T010_SP09_20130702_B1 is missing. ']"><![CDATA[Traceback (most recent call last):
  File "C:\dongping.xie\softwares\WinPython-32bit-2.7.6.4\python-2.7.6\lib\unittest\case.py", line 331, in run
    testMethod()
  File "C:\dongping.xie\softwares\WinPython-32bit-2.7.6.4\python-2.7.6\lib\site-packages\nose-1.3.3-py2.7.egg\nose\case.py", line 197, in runTest
    self.test(*self.arg)
  File "C:\EdrisAscent\EDRISAuto\trunk\EDRIS_Management\EDRIS_Management_Tools_devel\AutoPoller\EdrisDBChecker\__init__.py", line 17, in check_exception
    raise Exception(arg_dict['exception_value'])
Exception: 

Warning:
file:///C:\edris\EDRIS_database\ComponentData\02_ElectricEnergyStorageSystem\02_ComponentData\SP09\10_Parameter\20140411
['FMU Data missing!', 'PCP Data missing!']

Error:
file:///C:\edris\EDRIS_database\ComponentData\02_ElectricEnergyStorageSystem\02_ComponentData\SP09\10_Parameter\20140411
[u'Record Data C010_SP09_20140325_SP05_i330_v2 is missing. ', u'Record Data T010_SP09_20130702_B1 is missing. ']
]]></error></testcase><testcase classname="AutoPoller.EdrisDBChecker" name="_test_EDRIS_database_ComponentData_02_ElectricEnergyStorageSystem_02_ComponentData_SP09_10_Parameter_20140526(,)" time="0.000"><error type="exceptions.Exception" message="&#10;&#10;Warning:&#10;file:///C:\edris\EDRIS_database\ComponentData\02_ElectricEnergyStorageSystem\02_ComponentData\SP09\10_Parameter\20140526&#10;['PCP Data missing!']&#10;&#10;Error:&#10;file:///C:\edris\EDRIS_database\ComponentData\02_ElectricEnergyStorageSystem\02_ComponentData\SP09\10_Parameter\20140526&#10;[u'Record Data C010_SP09_20140325_SP05_i330_v2_DoD_72 is missing. ', u'Record Data T010_SP09_20130702_B1 is missing. ']"><![CDATA[Traceback (most recent call last):
  File "C:\dongping.xie\softwares\WinPython-32bit-2.7.6.4\python-2.7.6\lib\unittest\case.py", line 331, in run
    testMethod()
  File "C:\dongping.xie\softwares\WinPython-32bit-2.7.6.4\python-2.7.6\lib\site-packages\nose-1.3.3-py2.7.egg\nose\case.py", line 197, in runTest
    self.test(*self.arg)
[...]
  File "C:\dongping.xie\softwares\WinPython-32bit-2.7.6.4\python-2.7.6\lib\unittest\case.py", line 331, in run
    testMethod()
  File "C:\dongping.xie\softwares\WinPython-32bit-2.7.6.4\python-2.7.6\lib\site-packages\nose-1.3.3-py2.7.egg\nose\case.py", line 197, in runTest
    self.test(*self.arg)
  File "C:\EdrisAscent\EDRISAuto\trunk\EDRIS_Management\EDRIS_Management_Tools_devel\AutoPoller\EdrisDBChecker\__init__.py", line 17, in check_exception
    raise Exception(arg_dict['exception_value'])
Exception: 

Error:
file:///C:\edris\EDRIS_database\ComponentData\04_EM\02_ComponentData\Valeo_PSM_EMP24050_REX\10_Parameter\130222_B3_REME
['Loss Data Error!', 'Inverter Loss Data Error!']

Error:
file:///C:\edris\EDRIS_database\ComponentData\04_EM\02_ComponentData\Valeo_PSM_EMP24050_REX\10_Parameter\130222_B3_REME
[u'Record Data C003_EMP240p50_20130416_C_REME_C is missing. ', u'Record Data L002_EMP240p50_20130313_C_REX_106DegC_REME_C is missing. ', u'Record Data L002_REME_20130313_C_EMP240p50_C_106DegC is missing. ']
]]></error></testcase><testcase classname="AutoPoller.EdrisDBChecker" name="_test_EDRIS_database_ComponentData_04_EM_02_ComponentData_Valeo_PSM_EMP24050_REX_10_Parameter_130705_C_REME_C_maxKL_I490(,)" time="0.000"><error type="exceptions.Exception" message="&#10;&#10;Error:&#10;file:///C:\edris\EDRIS_database\ComponentData\04_EM\02_ComponentData\Valeo_PSM_EMP24050_REX\10_Parameter\130705_C_REME_C_maxKL_I490&#10;['Loss Data Error!', 'Inverter Loss Data Error!']&#10;&#10;Warning:&#10;file:///C:\edris\EDRIS_database\ComponentData\04_EM\02_ComponentData\Valeo_PSM_EMP24050_REX\10_Parameter\130705_C_REME_C_maxKL_I490&#10;[]"><![CDATA[Traceback (most recent call last):
  File "C:\dongping.xie\softwares\WinPython-32bit-2.7.6.4\python-2.7.6\lib\unittest\case.py", line 331, in run
    testMethod()
  File "C:\dongping.xie\softwares\WinPython-32bit-2.7.6.4\python-2.7.6\lib\site-packages\nose-1.3.3-py2.7.egg\nose\case.py", line 197, in runTest
    self.test(*self.arg)
  File "C:\EdrisAscent\EDRISAuto\trunk\EDRIS_Management\EDRIS_Management_Tools_devel\AutoPoller\EdrisDBChecker\__init__.py", line 17, in check_exception
    raise Exception(arg_dict['exception_value'])
Exception: 

Error:
file:///C:\edris\EDRIS_database\ComponentData\04_EM\02_ComponentData\Valeo_PSM_EMP24050_REX\10_Parameter\130705_C_REME_C_maxKL_I490
['Loss Data Error!', 'Inverter Loss Data Error!']

Warning:
file:///C:\edris\EDRIS_database\ComponentData\04_EM\02_ComponentData\Valeo_PSM_EMP24050_REX\10_Parameter\130705_C_REME_C_maxKL_I490
[]
]]></error></testcase><testcase classname="AutoPoller.EdrisDBChecker" name="_test_EDRIS_database_ComponentData_04_EM_02_ComponentData_Valeo_PSM_EMP24050_REX_10_Parameter_140429_C_REME_C_maxKL_I490_v2(,)" time="0.000"><error type="exceptions.Exception" message="&#10;&#10;Error:&#10;file:///C:\edris\EDRIS_database\ComponentData\04_EM\02_ComponentData\Valeo_PSM_EMP24050_REX\10_Parameter\140429_C_REME_C_maxKL_I490_v2&#10;['Loss Data Error!', 'Inverter Loss Data Error!']&#10;&#10;Warning:&#10;file:///C:\edris\EDRIS_database\ComponentData\04_EM\02_ComponentData\Valeo_PSM_EMP24050_REX\10_Parameter\140429_C_REME_C_maxKL_I490_v2&#10;[]"><![CDATA[Traceback (most recent call last):
  File "C:\dongping.xie\softwares\WinPython-32bit-2.7.6.4\python-2.7.6\lib\unittest\case.py", line 331, in run
    testMethod()
  File "C:\dongping.xie\softwares\WinPython-32bit-2.7.6.4\python-2.7.6\lib\site-packages\nose-1.3.3-py2.7.egg\nose\case.py", line 197, in runTest
    self.test(*self.arg)
  File "C:\EdrisAscent\EDRISAuto\trunk\EDRIS_Management\EDRIS_Management_Tools_devel\AutoPoller\EdrisDBChecker\__init__.py", line 17, in check_exception
    raise Exception(arg_dict['exception_value'])
Exception: 

Error:
file:///C:\edris\EDRIS_database\ComponentData\04_EM\02_ComponentData\Valeo_PSM_EMP24050_REX\10_Parameter\140429_C_REME_C_maxKL_I490_v2
['Loss Data Error!', 'Inverter Loss Data Error!']

Warning:
file:///C:\edris\EDRIS_database\ComponentData\04_EM\02_ComponentData\Valeo_PSM_EMP24050_REX\10_Parameter\140429_C_REME_C_maxKL_I490_v2
[]
]]></error></testcase><testcase classname="AutoPoller.EdrisDBChecker" name="_test_EDRIS_database_ComponentData_04_EM_02_ComponentData_Z16_PSM_EMP156190_10_Parameter_141013_Bedatung_360V_Kennfeld(,)" time="0.000"></testcase><testcase classname="AutoPoller.EdrisDBChecker" name="_test_EDRIS_database_ComponentData_04_EM_02_ComponentData_Z16_PSM_EMP156190_10_Parameter_20140617_Initialbedatung_SimplEdrive(,)" time="0.000"><error type="exceptions.Exception" message="&#10;&#10;Error:&#10;file:///C:\edris\EDRIS_database\ComponentData\04_EM\02_ComponentData\Z16_PSM_EMP156190\10_Parameter\20140617_Initialbedatung_SimplEdrive&#10;['Folder is empty (except &quot;work&quot;)!']&#10;&#10;Warning:&#10;file:///C:\edris\EDRIS_database\ComponentData\04_EM\02_ComponentData\Z16_PSM_EMP156190\10_Parameter\20140617_Initialbedatung_SimplEdrive&#10;[]"><![CDATA[Traceback (most recent call last):
  File "C:\dongping.xie\softwares\WinPython-32bit-2.7.6.4\python-2.7.6\lib\unittest\case.py", line 331, in run
    testMethod()
  File "C:\dongping.xie\softwares\WinPython-32bit-2.7.6.4\python-2.7.6\lib\site-packages\nose-1.3.3-py2.7.egg\nose\case.py", line 197, in runTest
    self.test(*self.arg)
  File "C:\EdrisAscent\EDRISAuto\trunk\EDRIS_Management\EDRIS_Management_Tools_devel\AutoPoller\EdrisDBChecker\__init__.py", line 17, in check_exception
    raise Exception(arg_dict['exception_value'])
Exception: 

Error:
file:///C:\edris\EDRIS_database\ComponentData\04_EM\02_ComponentData\Z16_PSM_EMP156190\10_Parameter\20140617_Initialbedatung_SimplEdrive
['Folder is empty (except "work")!']

Warning:
file:///C:\edris\EDRIS_database\ComponentData\04_EM\02_ComponentData\Z16_PSM_EMP156190\10_Parameter\20140617_Initialbedatung_SimplEdrive
[]
]]></error></testcase><testcase classname="AutoPoller.EdrisDBChecker" name="_test_EDRIS_database_ComponentData_04_EM_02_ComponentData_Z16_PSM_EMP156190_10_Parameter_20140808_Kombinierte_Bedatung_incl_HVSGR(,)" time="0.000"><error type="exceptions.Exception" message="&#10;&#10;Error:&#10;file:///C:\edris\EDRIS_database\ComponentData\04_EM\02_ComponentData\Z16_PSM_EMP156190\10_Parameter\20140808_Kombinierte_Bedatung_incl_HVSGR&#10;['Folder is empty (except &quot;work&quot;)!']&#10;&#10;Warning:&#10;file:///C:\edris\EDRIS_database\ComponentData\04_EM\02_ComponentData\Z16_PSM_EMP156190\10_Parameter\20140808_Kombinierte_Bedatung_incl_HVSGR&#10;[]"><![CDATA[Traceback (most recent call last):
  File "C:\dongping.xie\softwares\WinPython-32bit-2.7.6.4\python-2.7.6\lib\unittest\case.py", line 331, in run
    testMethod()
  File "C:\dongping.xie\softwares\WinPython-32bit-2.7.6.4\python-2.7.6\lib\site-packages\nose-1.3.3-py2.7.egg\nose\case.py", line 197, in runTest
    self.test(*self.arg)
  File "C:\EdrisAscent\EDRISAuto\trunk\EDRIS_Management\EDRIS_Management_Tools_devel\AutoPoller\EdrisDBChecker\__init__.py", line 17, in check_exception
    raise Exception(arg_dict['exception_value'])
Exception: 

Error:
file:///C:\edris\EDRIS_database\ComponentData\04_EM\02_ComponentData\Z16_PSM_EMP156190\10_Parameter\20140808_Kombinierte_Bedatung_incl_HVSGR
['Folder is empty (except "work")!']

Warning:
file:///C:\edris\EDRIS_database\ComponentData\04_EM\02_ComponentData\Z16_PSM_EMP156190\10_Parameter\20140808_Kombinierte_Bedatung_incl_HVSGR
[]
]]></error></testcase><testcase classname="AutoPoller.EdrisDBChecker" name="_test_EDRIS_database_ComponentData_04_EM_02_ComponentData_Z16_PSM_EMP242130_Basis_10_Parameter_141010_Kennfelder_EMP242(,)" time="0.000"></testcase><testcase classname="AutoPoller.EdrisDBChecker" name="_test_EDRIS_database_ComponentData_04_EM_02_ComponentData_ZF_PSM_EMP26970_10_Parameter_120719_REVO_K11_Update(,)" time="0.000"><error type="exceptions.Exception" message="&#10;&#10;Error:&#10;file:///C:\edris\EDRIS_database\ComponentData\04_EM\02_ComponentData\ZF_PSM_EMP26970\10_Parameter\120719_REVO_K11_Update&#10;['Folder is empty (except &quot;work&quot;)!']&#10;&#10;Warning:&#10;file:///C:\edris\EDRIS_database\ComponentData\04_EM\02_ComponentData\ZF_PSM_EMP26970\10_Parameter\120719_REVO_K11_Update&#10;[]"><![CDATA[Traceback (most recent call last):
  File "C:\dongping.xie\softwares\WinPython-32bit-2.7.6.4\python-2.7.6\lib\unittest\case.py", line 331, in run
    testMethod()
  File "C:\dongping.xie\softwares\WinPython-32bit-2.7.6.4\python-2.7.6\lib\site-packages\nose-1.3.3-py2.7.egg\nose\case.py", line 197, in runTest
    self.test(*self.arg)
  File "C:\EdrisAscent\EDRISAuto\trunk\EDRIS_Management\EDRIS_Management_Tools_devel\AutoPoller\EdrisDBChecker\__init__.py", line 17, in check_exception
    raise Exception(arg_dict['exception_value'])
Exception: 

Error:
file:///C:\edris\EDRIS_database\ComponentData\04_EM\02_ComponentData\ZF_PSM_EMP26970\10_Parameter\120719_REVO_K11_Update
['Folder is empty (except "work")!']

Warning:
file:///C:\edris\EDRIS_database\ComponentData\04_EM\02_ComponentData\ZF_PSM_EMP26970\10_Parameter\120719_REVO_K11_Update
[]
]]></error></testcase><testcase classname="AutoPoller.EdrisDBChecker" name="_test_EDRIS_database_ComponentData_04_EM_02_ComponentData_ZF_PSM_EMP26970_10_Parameter_130321_REVO_K11_Update_v1_30s_LE125D(,)" time="0.000"><error type="exceptions.Exception" message="&#10;&#10;Error:&#10;file:///C:\edris\EDRIS_database\ComponentData\04_EM\02_ComponentData\ZF_PSM_EMP26970\10_Parameter\130321_REVO_K11_Update_v1_30s_LE125D&#10;['Loss Data Error!', 'Inverter Loss Data Error!', 'SDF Data Error', 'SDF Interpolated Data Error']&#10;&#10;Warning:&#10;file:///C:\edris\EDRIS_database\ComponentData\04_EM\02_ComponentData\ZF_PSM_EMP26970\10_Parameter\130321_REVO_K11_Update_v1_30s_LE125D&#10;[u'Record Data C003_EMP269p70_20130321_REV0_with_LE125Dx_Update_K11 is missing. ']"><![CDATA[Traceback (most recent call last):
  File "C:\dongping.xie\softwares\WinPython-32bit-2.7.6.4\python-2.7.6\lib\unittest\case.py", line 331, in run
    testMethod()
  File "C:\dongping.xie\softwares\WinPython-32bit-2.7.6.4\python-2.7.6\lib\site-packages\nose-1.3.3-py2.7.egg\nose\case.py", line 197, in runTest
    self.test(*self.arg)
  File "C:\EdrisAscent\EDRISAuto\trunk\EDRIS_Management\EDRIS_Management_Tools_devel\AutoPoller\EdrisDBChecker\__init__.py", line 17, in check_exception
    raise Exception(arg_dict['exception_value'])
Exception: 

Error:
file:///C:\edris\EDRIS_database\ComponentData\04_EM\02_ComponentData\ZF_PSM_EMP26970\10_Parameter\130321_REVO_K11_Update_v1_30s_LE125D
['Loss Data Error!', 'Inverter Loss Data Error!', 'SDF Data Error', 'SDF Interpolated Data Error']

Warning:
file:///C:\edris\EDRIS_database\ComponentData\04_EM\02_ComponentData\ZF_PSM_EMP26970\10_Parameter\130321_REVO_K11_Update_v1_30s_LE125D
[u'Record Data C003_EMP269p70_20130321_REV0_with_LE125Dx_Update_K11 is missing. ']
]]></error></testcase><testcase classname="AutoPoller.EdrisDBChecker" name="_test_EDRIS_database_ComponentData_04_EM_02_ComponentData_ZF_PSM_EMP26970_10_Parameter_140527_10KHz_210V_390V_Messung(,)" time="0.000"></testcase><testcase classname="AutoPoller.EdrisDBChecker" name="_test_EDRIS_database_ComponentData_04_EM_02_ComponentData_ZF_PSM_EMP26970_10_Parameter_140527_10KHz_Extrap_210V_300V(,)" time="0.000"></testcase><testcase classname="AutoPoller.EdrisDBChecker" name="_test_EDRIS_database_ComponentData_04_EM_02_ComponentData_ZF_PSM_EMP26970_10_Parameter_140709_Abschaetzung_5_10KHz_Sim_Mess(,)" time="0.000"><error type="exceptions.Exception" message="&#10;&#10;Error:&#10;file:///C:\edris\EDRIS_database\ComponentData\04_EM\02_ComponentData\ZF_PSM_EMP26970\10_Parameter\140709_Abschaetzung_5_10KHz_Sim_Mess&#10;['Folder is empty (except &quot;work&quot;)!']&#10;&#10;Warning:&#10;file:///C:\edris\EDRIS_database\ComponentData\04_EM\02_ComponentData\ZF_PSM_EMP26970\10_Parameter\140709_Abschaetzung_5_10KHz_Sim_Mess&#10;[]"><![CDATA[Traceback (most recent call last):
  File "C:\dongping.xie\softwares\WinPython-32bit-2.7.6.4\python-2.7.6\lib\unittest\case.py", line 331, in run
    testMethod()
  File "C:\dongping.xie\softwares\WinPython-32bit-2.7.6.4\python-2.7.6\lib\site-packages\nose-1.3.3-py2.7.egg\nose\case.py", line 197, in runTest
    self.test(*self.arg)
  File "C:\EdrisAscent\EDRISAuto\trunk\EDRIS_Management\EDRIS_Management_Tools_devel\AutoPoller\EdrisDBChecker\__init__.py", line 17, in check_exception
    raise Exception(arg_dict['exception_value'])
Exception: 

Error:
file:///C:\edris\EDRIS_database\ComponentData\04_EM\02_ComponentData\ZF_PSM_EMP26970\10_Parameter\140709_Abschaetzung_5_10KHz_Sim_Mess
['Folder is empty (except "work")!']

Warning:
file:///C:\edris\EDRIS_database\ComponentData\04_EM\02_ComponentData\ZF_PSM_EMP26970\10_Parameter\140709_Abschaetzung_5_10KHz_Sim_Mess
[]
]]></error></testcase><testcase classname="AutoPoller.EdrisDBChecker" name="_test_EDRIS_database_ComponentData_04_EM_02_ComponentData_ZF_PSM_EMP26970_10_Parameter_140807_REVO_K30_LE125Dx(,)" time="0.000"></testcase><testcase classname="AutoPoller.EdrisDBChecker" name="_test_EDRIS_database_ComponentData_05_DCDC_02_ComponentData_BMW_LE125LD_10_Parameter_121011_LE125LD_C001_BEV13_L003_C0Rev4(,)" time="0.000"></testcase><testcase classname="AutoPoller.EdrisDBChecker" name="_test_EDRIS_database_ComponentData_05_DCDC_02_ComponentData_BMW_LE125LD_1Stufig_10_Parameter_20140205_LE125LD_1Stufig_C001_BEV13_L003_A0(,)" time="0.001"></testcase><testcase classname="AutoPoller.EdrisDBChecker" name="_test_EDRIS_database_ComponentData_05_DCDC_02_ComponentData_BMW_LE125LD_1Stufig_10_Parameter_20140909_LE125LD_1Stufig_C001_BEV13_L003_C0Rev3(,)" time="0.000"></testcase><testcase classname="AutoPoller.EdrisDBChecker" name="_test_EDRIS_database_ComponentData_05_DCDC_02_ComponentData_BMW_LEB450D_10_Parameter_120606_LEB450D_C001_BEV13_L003_A0(,)" time="0.000"></testcase><testcase classname="AutoPoller.EdrisDBChecker" name="_test_EDRIS_database_ComponentData_05_DCDC_02_ComponentData_BWM_LEB452_10_Parameter_130710_LEB452_C001_BEV13_L003_V1(,)" time="0.000"></testcase><testcase classname="AutoPoller.EdrisDBChecker" name="_test_EDRIS_database_ComponentData_05_DCDC_02_ComponentData_DualerSpeicherSupercap_10_Parameter_130409_DualerSpeicher_C001_Unlimited_L003_Z0(,)" time="0.000"></testcase><testcase classname="AutoPoller.EdrisDBChecker" name="_test_EDRIS_database_ComponentData_05_DCDC_02_ComponentData_F30_LV_10_Parameter_130710_F30_C001_BEV13_L003_F30PHEVLV(,)" time="0.000"></testcase><testcase classname="AutoPoller.EdrisDBChecker" name="_test_EDRIS_database_ComponentData_05_DCDC_02_ComponentData_G11_HV_10_Parameter_130710_G11_C001_BEV13_L003_G11HV(,)" time="0.000"></testcase><testcase classname="AutoPoller.EdrisDBChecker" name="_test_EDRIS_database_ComponentData_05_DCDC_02_ComponentData_H2plus_10_Parameter_130312_H2plus_C001_Unlimited_L003_120kW(,)" time="0.001"></testcase><testcase classname="AutoPoller.EdrisDBChecker" name="_test_EDRIS_database_ComponentData_06_Charger_02_ComponentData_BMW_LE125_10_Parameter_121127_SLE_C001_SLE_L002_C0Rev4(,)" time="0.000"></testcase><testcase classname="AutoPoller.EdrisDBChecker" name="_test_EDRIS_database_ComponentData_06_Charger_02_ComponentData_BMW_LE125_10_Parameter_140929_SLE_C001_D0_SLE_L002_C0Rev4(,)" time="0.000"></testcase><testcase classname="AutoPoller.EdrisDBChecker" name="_test_EDRIS_database_ComponentData_06_Charger_02_ComponentData_DC_ideal_10_Parameter_120618_50kW(,)" time="0.000"></testcase><testcase classname="AutoPoller.EdrisDBChecker" name="_test_EDRIS_database_ComponentData_06_Charger_02_ComponentData_DC_ideal_10_Parameter_121107_22kW(,)" time="0.000"></testcase><testcase classname="AutoPoller.EdrisDBChecker" name="_test_EDRIS_database_ComponentData_06_Charger_02_ComponentData_DC_ideal_10_Parameter_141205_135kW(,)" time="0.000"></testcase><testcase classname="AutoPoller.EdrisDBChecker" name="_test_EDRIS_database_ComponentData_06_Charger_02_ComponentData_Delphi_SLE_B35_10_Parameter_130205_DELPHI_C001_B2_L002_B2(,)" time="0.000"></testcase><testcase classname="AutoPoller.EdrisDBChecker" name="_test_EDRIS_database_ComponentData_06_Charger_02_ComponentData_Eltek_OBC35_10_Parameter_130211_OBC35up_C001_L002_B2(,)" time="0.000"></testcase><testcase classname="AutoPoller.EdrisDBChecker" name="_test_EDRIS_database_ComponentData_06_Charger_02_ComponentData_MetaSystem_UCX_10_Parameter_130502_UCX_C001_B3_L002_C(,)" time="0.000"></testcase><testcase classname="AutoPoller.EdrisDBChecker" name="_test_EDRIS_database_ComponentData_06_Charger_02_ComponentData_MetaSystem_UCX_10_Parameter_130502_UCX_C001_C0_L002_C(,)" time="0.000"></testcase><testcase classname="AutoPoller.EdrisDBChecker" name="_test_EDRIS_database_ComponentData_06_Charger_02_ComponentData_MetaSystem_UCX_II_10_Parameter_140206_UCX2_C001_Virtual_L002_Virtual(,)" time="0.000"></testcase><testcase classname="AutoPoller.EdrisDBChecker" name="_test_EDRIS_database_ComponentData_07_WireHarness_02_ComponentData_edrisB3L007_10_Parameter_141016_InitialStand(,)" time="0.000"></testcase><testcase classname="AutoPoller.EdrisDBChecker" name="_test_EDRIS_database_ComponentData_07_WireHarness_02_ComponentData_edrisB3L008_10_Parameter_141016_InitialStand(,)" time="0.000"></testcase><testcase classname="AutoPoller.EdrisDBChecker" name="_test_EDRIS_database_ComponentData_07_WireHarness_02_ComponentData_edrisP3C001_10_Parameter_141016_InitialStand(,)" time="0.000"></testcase><testcase classname="AutoPoller.EdrisDBChecker" name="_test_EDRIS_database_ComponentData_07_WireHarness_02_ComponentData_edrisP3C002_10_Parameter_141016_InitialStand(,)" time="0.000"></testcase><testcase classname="AutoPoller.EdrisDBChecker" name="_test_EDRIS_database_ComponentData_07_WireHarness_02_ComponentData_edrisP3C002_10_Parameter_141016_Update(,)" time="0.000"></testcase><testcase classname="AutoPoller.EdrisDBChecker" name="_test_EDRIS_database_ComponentData_07_WireHarness_02_ComponentData_edrisP3C003_10_Parameter_141016_InitialStand(,)" time="0.000"></testcase><testcase classname="AutoPoller.EdrisDBChecker" name="_test_EDRIS_database_ComponentData_07_WireHarness_02_ComponentData_edrisP3C004_10_Parameter_141016_InitialStand(,)" time="0.000"></testcase><testcase classname="AutoPoller.EdrisDBChecker" name="_test_EDRIS_database_ComponentData_07_WireHarness_02_ComponentData_edrisP3C005_10_Parameter_141016_InitialStand(,)" time="0.000"></testcase><testcase classname="AutoPoller.EdrisDBChecker" name="_test_EDRIS_database_ComponentData_07_WireHarness_02_ComponentData_edrisP3F002_10_Parameter_141016_InitialStand(,)" time="0.000"></testcase><testcase classname="AutoPoller.EdrisDBChecker" name="_test_EDRIS_database_ComponentData_07_WireHarness_02_ComponentData_edrisP3L001_10_Parameter_141016_InitialStand(,)" time="0.000"></testcase><testcase classname="AutoPoller.EdrisDBChecker" name="_test_EDRIS_database_ComponentData_10_SuperCap_02_ComponentData_Skeleton_SkelCap_10_Parameter_141008_Skelcap10400(,)" time="0.000"></testcase><testcase classname="AutoPoller.EdrisDBChecker" name="_test_EDRIS_database_ComponentData_10_SuperCap_02_ComponentData_Skeleton_SkelCap_10_Parameter_141008_Skelcap11300(,)" time="0.000"></testcase><testcase classname="AutoPoller.EdrisDBChecker" name="_test_EDRIS_database_ComponentData_10_SuperCap_02_ComponentData_Skeleton_SkelCap_10_Parameter_141008_Skelcap12500(,)" time="0.000"></testcase><testcase classname="AutoPoller.EdrisDBChecker" name="_test_EDRIS_database_ComponentData_10_SuperCap_02_ComponentData_Skeleton_SkelCap_10_Parameter_141008_Skelcap9200(,)" time="0.000"></testcase></testsuite>